2016-09-19 11:42:59 sys_log : [INFO] ########################### 开始执行探索性遍历测试 ###########################
2016-09-19 11:42:59 sys_log : [INFO] 报告主人,有1个节点任务出栈并加入黑名单 -> 现在还有9个任务待运行, [android.widget.LinearLayout,,,,1], a166ff947e4c0ef49e716cbd42450d37-0,219-1080,398-//android.widget.FrameLayout[1]/android.view.View[1]/android.widget.FrameLayout[2]/android.widget.LinearLayout[1]/android.widget.ListView[1]/android.widget.LinearLayout[1]
2016-09-19 11:43:00 sys_log : [INFO] 当前节点任务所属窗口是否就是当前窗口 -> true
2016-09-19 11:43:00 sys_log : [INFO] [android.widget.LinearLayout,,,,1], a166ff947e4c0ef49e716cbd42450d37 >> 开始执行节点任务......
2016-09-19 11:43:00 sys_log : [INFO] click -> [info = android.widget.LinearLayout,,,,1], [depth = 1]a166ff947e4c0ef49e716cbd42450d37-0,219-1080,398-//android.widget.FrameLayout[1]/android.view.View[1]/android.widget.FrameLayout[2]/android.widget.LinearLayout[1]/android.widget.ListView[1]/android.widget.LinearLayout[1]
2016-09-19 11:43:06 sys_log : [INFO] 报告主人,有1个节点任务出栈并加入黑名单 -> 现在还有8个任务待运行, [android.widget.LinearLayout,,,,1], a166ff947e4c0ef49e716cbd42450d37-0,400-1080,579-//android.widget.FrameLayout[1]/android.view.View[1]/android.widget.FrameLayout[2]/android.widget.LinearLayout[1]/android.widget.ListView[1]/android.widget.LinearLayout[2]
2016-09-19 11:43:06 sys_log : [INFO] 当前节点任务所属窗口是否就是当前窗口 -> true
2016-09-19 11:43:06 sys_log : [INFO] [android.widget.LinearLayout,,,,1], a166ff947e4c0ef49e716cbd42450d37 >> 开始执行节点任务......
2016-09-19 11:43:37 sys_log : [ERROR]   节点任务 -> [info = android.widget.LinearLayout,,,,1], NoSuchElementException, 弹出下一个节点任务, a166ff947e4c0ef49e716cbd42450d37-0,400-1080,579-//android.widget.FrameLayout[1]/android.view.View[1]/android.widget.FrameLayout[2]/android.widget.LinearLayout[1]/android.widget.ListView[1]/android.widget.LinearLayout[2]
2016-09-19 11:43:47 sys_log : [INFO] 报告主人,有1个节点任务出栈并加入黑名单 -> 现在还有7个任务待运行, [android.widget.LinearLayout,,,,1], a166ff947e4c0ef49e716cbd42450d37-0,581-1080,760-//android.widget.FrameLayout[1]/android.view.View[1]/android.widget.FrameLayout[2]/android.widget.LinearLayout[1]/android.widget.ListView[1]/android.widget.LinearLayout[3]
2016-09-19 11:43:48 sys_log : [INFO] 当前节点任务所属窗口是否就是当前窗口 -> true
2016-09-19 11:43:48 sys_log : [INFO] [android.widget.LinearLayout,,,,1], a166ff947e4c0ef49e716cbd42450d37 >> 开始执行节点任务......
2016-09-19 11:43:55 sys_log : [INFO] click -> [info = android.widget.LinearLayout,,,,1], [depth = 1]a166ff947e4c0ef49e716cbd42450d37-0,581-1080,760-//android.widget.FrameLayout[1]/android.view.View[1]/android.widget.FrameLayout[2]/android.widget.LinearLayout[1]/android.widget.ListView[1]/android.widget.LinearLayout[3]
2016-09-19 11:44:01 sys_log : [INFO] 报告主人,有1个节点任务出栈并加入黑名单 -> 现在还有6个任务待运行, [android.widget.LinearLayout,,,,1], a166ff947e4c0ef49e716cbd42450d37-0,762-1080,941-//android.widget.FrameLayout[1]/android.view.View[1]/android.widget.FrameLayout[2]/android.widget.LinearLayout[1]/android.widget.ListView[1]/android.widget.LinearLayout[4]
2016-09-19 11:44:02 sys_log : [INFO] 当前节点任务所属窗口是否就是当前窗口 -> false
2016-09-19 11:44:02 sys_log : [INFO] a166ff947e4c0ef49e716cbd42450d37 >> da239a694311a6f91c775208432c0539, 窗口迁移至新窗口......
2016-09-19 11:44:02 sys_log : [INFO] 相同窗口执行次数 -> 0
2016-09-19 11:44:02 sys_log : [INFO] 0个新任务准备入栈......
2016-09-19 11:44:02 sys_log : [INFO] a166ff947e4c0ef49e716cbd42450d37 >> 7dfcc3916a9201f1b589e135b97ac001, 窗口虽然发生迁移,但没有新任务加入, 并且本窗口节点任务已遍历完毕,点击返回......
2016-09-19 11:44:09 sys_log : [INFO] [android.widget.LinearLayout,,,,1], a166ff947e4c0ef49e716cbd42450d37 >> 开始执行节点任务......
