2016-09-23 11:44:46 sys_log : [INFO] ############################ Config parameters ############################
2016-09-23 11:44:46 sys_log : [INFO] mode=1
2016-09-23 11:44:46 sys_log : [INFO] runMode=0
2016-09-23 11:44:46 sys_log : [INFO] depth=2
2016-09-23 11:44:46 sys_log : [INFO] port=4723
2016-09-23 11:44:46 sys_log : [INFO] reverse=1
2016-09-23 11:44:46 sys_log : [INFO] filter=2
2016-09-23 11:44:46 sys_log : [INFO] port=4723
2016-09-23 11:44:46 sys_log : [INFO] duration=0
2016-09-23 11:44:46 sys_log : [INFO] interval=3
2016-09-23 11:44:46 sys_log : [INFO] timeout=30
2016-09-23 11:44:46 sys_log : [INFO] host=127.0.0.1
2016-09-23 11:44:46 sys_log : [INFO] app=apps/com.alibaba.aliyun_3.8.1_16092012.apk
2016-09-23 11:44:46 sys_log : [INFO] udid=71MBBLE25GLV
2016-09-23 11:44:46 sys_log : [INFO] tips=拒绝|允许>>//android.widget.Button[@resource-id='android:id/button1']
2016-09-23 11:44:46 sys_log : [INFO] screenshot=png\\\\20160923114446\\\\
2016-09-23 11:44:46 sys_log : [INFO] appPackage=com.alibaba.aliyun
2016-09-23 11:44:46 sys_log : [INFO] identifyDefault=15
2016-09-23 11:44:46 sys_log : [INFO] guideFlow=[tips>>拒绝|允许>>//android.widget.Button[@resource-id='android:id/button1']]
2016-09-23 11:44:46 sys_log : [INFO] clickList=[android.widget.Button, android.widget.ImageButton, android.widget.TextView, android.widget.ImageView, android.widget.FrameLayout, android.widget.LinearLayout, android.widget.RelativeLayout]
2016-09-23 11:44:46 sys_log : [INFO] inputList=[android.widget.EditText]
2016-09-23 11:44:46 sys_log : [INFO] backList=null
2016-09-23 11:44:46 sys_log : [INFO] notbackList=[首页]
2016-09-23 11:44:46 sys_log : [INFO] blackList=[exit, relogin]
2016-09-23 11:44:46 sys_log : [INFO] triggerList=[picture>>back]
2016-09-23 11:44:46 sys_log : [INFO] identifySpecialList=[阿里云,控制台,云栖,我的>>24]
2016-09-23 11:44:46 sys_log : [INFO] #########################################################################
2016-09-23 11:44:46 sys_log : [INFO] date = 20160923
2016-09-23 11:44:46 sys_log : [INFO] time = 114446
2016-09-23 11:44:46 sys_log : [INFO] start appium >> appium -p 4723 --session-override --command-timeout 7200
2016-09-23 11:44:56 sys_log : [INFO] ########################### DesiredCapabilities ###########################
2016-09-23 11:44:56 sys_log : [INFO] app = apps/com.alibaba.aliyun_3.8.1_16092012.apk
2016-09-23 11:44:56 sys_log : [INFO] appPackage = com.alibaba.aliyun
2016-09-23 11:44:56 sys_log : [INFO] appActivity = com.alibaba.aliyun.biz.login.WelcomeActivity
2016-09-23 11:44:56 sys_log : [INFO] noReset = true
2016-09-23 11:44:56 sys_log : [INFO] noSign = true
2016-09-23 11:44:56 sys_log : [INFO] appiumVersion = 1.5.3
2016-09-23 11:44:56 sys_log : [INFO] platformVersion = 5.1
2016-09-23 11:44:56 sys_log : [INFO] unicodeKeyboard = true
2016-09-23 11:44:56 sys_log : [INFO] udid = 71MBBLE25GLV
2016-09-23 11:44:56 sys_log : [INFO] platformName = Android
2016-09-23 11:44:56 sys_log : [INFO] deviceName = note1
2016-09-23 11:44:56 sys_log : [INFO] resetKeyboard = true
2016-09-23 11:44:56 sys_log : [INFO] ###########################################################################
2016-09-23 11:44:56 sys_log : [INFO] Appium Server -> http://127.0.0.1:4723/wd/hub
2016-09-23 11:49:21 sys_log : [INFO] ############################ Config parameters ############################
2016-09-23 11:49:21 sys_log : [INFO] mode=1
2016-09-23 11:49:21 sys_log : [INFO] runMode=0
2016-09-23 11:49:21 sys_log : [INFO] depth=2
2016-09-23 11:49:21 sys_log : [INFO] port=4723
2016-09-23 11:49:21 sys_log : [INFO] reverse=1
2016-09-23 11:49:21 sys_log : [INFO] filter=2
2016-09-23 11:49:21 sys_log : [INFO] port=4723
2016-09-23 11:49:21 sys_log : [INFO] duration=0
2016-09-23 11:49:21 sys_log : [INFO] interval=3
2016-09-23 11:49:21 sys_log : [INFO] timeout=30
2016-09-23 11:49:21 sys_log : [INFO] host=127.0.0.1
2016-09-23 11:49:21 sys_log : [INFO] app=apps/com.alibaba.aliyun_3.8.1_16092012.apk
2016-09-23 11:49:21 sys_log : [INFO] udid=71MBBLE25GLV
2016-09-23 11:49:21 sys_log : [INFO] tips=拒绝|允许>>//android.widget.Button[@resource-id='android:id/button1']
2016-09-23 11:49:21 sys_log : [INFO] screenshot=png\\\\20160923114921\\\\
2016-09-23 11:49:21 sys_log : [INFO] appPackage=com.alibaba.aliyun
2016-09-23 11:49:21 sys_log : [INFO] identifyDefault=15
2016-09-23 11:49:21 sys_log : [INFO] guideFlow=[tips>>拒绝|允许>>//android.widget.Button[@resource-id='android:id/button1']]
2016-09-23 11:49:21 sys_log : [INFO] clickList=[android.widget.Button, android.widget.ImageButton, android.widget.TextView, android.widget.ImageView, android.widget.FrameLayout, android.widget.LinearLayout, android.widget.RelativeLayout]
2016-09-23 11:49:21 sys_log : [INFO] inputList=[android.widget.EditText]
2016-09-23 11:49:21 sys_log : [INFO] backList=null
2016-09-23 11:49:21 sys_log : [INFO] notbackList=[首页]
2016-09-23 11:49:21 sys_log : [INFO] blackList=[exit, relogin]
2016-09-23 11:49:21 sys_log : [INFO] triggerList=[picture>>back]
2016-09-23 11:49:21 sys_log : [INFO] identifySpecialList=[阿里云,控制台,云栖,我的>>24]
2016-09-23 11:49:21 sys_log : [INFO] #########################################################################
2016-09-23 11:49:21 sys_log : [INFO] date = 20160923
2016-09-23 11:49:21 sys_log : [INFO] time = 114921
2016-09-23 11:49:21 sys_log : [INFO] start appium >> appium -p 4723 --session-override --command-timeout 7200
2016-09-23 11:49:31 sys_log : [INFO] ########################### DesiredCapabilities ###########################
2016-09-23 11:49:31 sys_log : [INFO] app = apps/com.alibaba.aliyun_3.8.1_16092012.apk
2016-09-23 11:49:31 sys_log : [INFO] appPackage = com.alibaba.aliyun
2016-09-23 11:49:31 sys_log : [INFO] appActivity = com.alibaba.aliyun.biz.login.WelcomeActivity
2016-09-23 11:49:31 sys_log : [INFO] noReset = true
2016-09-23 11:49:31 sys_log : [INFO] noSign = true
2016-09-23 11:49:31 sys_log : [INFO] appiumVersion = 1.5.3
2016-09-23 11:49:31 sys_log : [INFO] platformVersion = 5.1
2016-09-23 11:49:31 sys_log : [INFO] unicodeKeyboard = true
2016-09-23 11:49:31 sys_log : [INFO] udid = 71MBBLE25GLV
2016-09-23 11:49:31 sys_log : [INFO] platformName = Android
2016-09-23 11:49:31 sys_log : [INFO] deviceName = note1
2016-09-23 11:49:31 sys_log : [INFO] resetKeyboard = true
2016-09-23 11:49:31 sys_log : [INFO] ###########################################################################
2016-09-23 11:49:31 sys_log : [INFO] Appium Server -> http://127.0.0.1:4723/wd/hub
2016-09-23 11:50:11 sys_log : [INFO] ########################### app environment ###########################
2016-09-23 11:50:11 sys_log : [INFO] product = m1note
2016-09-23 11:50:11 sys_log : [INFO] api level = 22
2016-09-23 11:50:11 sys_log : [INFO] platform version = 5.1
2016-09-23 11:50:11 sys_log : [INFO] core version = 3.10.65-user
2016-09-23 11:50:11 sys_log : [INFO] system version = 
2016-09-23 11:50:11 sys_log : [INFO] version = Flyme 5.1.9.0A
2016-09-23 11:50:11 sys_log : [INFO] app = com.alibaba.aliyun
2016-09-23 11:50:11 sys_log : [INFO] app activity = com.alibaba.aliyun.biz.login.WelcomeActivity
2016-09-23 11:50:11 sys_log : [INFO] app current activity = .biz.login.WelcomeActivity t305
2016-09-23 11:50:11 sys_log : [INFO] app is alive = false
2016-09-23 11:50:11 sys_log : [INFO] language = zh
2016-09-23 11:50:11 sys_log : [INFO] resolution = 
2016-09-23 11:50:11 sys_log : [INFO] uiautomator pid = 19868
2016-09-23 11:50:11 sys_log : [INFO] ########################################################################
2016-09-23 14:55:02 sys_log : [INFO] ############################ Config parameters ############################
2016-09-23 14:55:02 sys_log : [INFO] mode=1
2016-09-23 14:55:02 sys_log : [INFO] runMode=0
2016-09-23 14:55:02 sys_log : [INFO] depth=2
2016-09-23 14:55:02 sys_log : [INFO] port=4723
2016-09-23 14:55:02 sys_log : [INFO] reverse=1
2016-09-23 14:55:02 sys_log : [INFO] filter=2
2016-09-23 14:55:02 sys_log : [INFO] port=4723
2016-09-23 14:55:02 sys_log : [INFO] duration=0
2016-09-23 14:55:02 sys_log : [INFO] interval=3
2016-09-23 14:55:02 sys_log : [INFO] timeout=30
2016-09-23 14:55:02 sys_log : [INFO] host=127.0.0.1
2016-09-23 14:55:02 sys_log : [INFO] app=apps/com.alibaba.aliyun_3.8.1_16092012.apk
2016-09-23 14:55:02 sys_log : [INFO] udid=71MBBLE25GLV
2016-09-23 14:55:02 sys_log : [INFO] tips=拒绝|允许>>//android.widget.Button[@resource-id='android:id/button1']
2016-09-23 14:55:02 sys_log : [INFO] screenshot=png\\\\20160923145502\\\\
2016-09-23 14:55:02 sys_log : [INFO] appPackage=com.alibaba.aliyun
2016-09-23 14:55:02 sys_log : [INFO] identifyDefault=15
2016-09-23 14:55:02 sys_log : [INFO] guideFlow=[tips>>拒绝|允许>>//android.widget.Button[@resource-id='android:id/button1']]
2016-09-23 14:55:02 sys_log : [INFO] clickList=[android.widget.Button, android.widget.ImageButton, android.widget.TextView, android.widget.ImageView, android.widget.FrameLayout, android.widget.LinearLayout, android.widget.RelativeLayout]
2016-09-23 14:55:02 sys_log : [INFO] inputList=[android.widget.EditText]
2016-09-23 14:55:02 sys_log : [INFO] backList=null
2016-09-23 14:55:02 sys_log : [INFO] notbackList=[首页]
2016-09-23 14:55:02 sys_log : [INFO] blackList=[exit, relogin]
2016-09-23 14:55:02 sys_log : [INFO] triggerList=[picture>>back]
2016-09-23 14:55:02 sys_log : [INFO] identifySpecialList=[阿里云,控制台,云栖,我的>>24]
2016-09-23 14:55:02 sys_log : [INFO] #########################################################################
2016-09-23 14:55:02 sys_log : [INFO] date = 20160923
2016-09-23 14:55:02 sys_log : [INFO] time = 145502
2016-09-23 14:55:02 sys_log : [INFO] start appium >> appium -p 4723 --session-override --command-timeout 7200
2016-09-23 14:55:12 sys_log : [INFO] ########################### DesiredCapabilities ###########################
2016-09-23 14:55:12 sys_log : [INFO] app = apps/com.alibaba.aliyun_3.8.1_16092012.apk
2016-09-23 14:55:12 sys_log : [INFO] appPackage = com.alibaba.aliyun
2016-09-23 14:55:12 sys_log : [INFO] appActivity = com.alibaba.aliyun.biz.login.WelcomeActivity
2016-09-23 14:55:12 sys_log : [INFO] noReset = true
2016-09-23 14:55:12 sys_log : [INFO] noSign = true
2016-09-23 14:55:12 sys_log : [INFO] appiumVersion = 1.5.3
2016-09-23 14:55:12 sys_log : [INFO] platformVersion = 5.1
2016-09-23 14:55:12 sys_log : [INFO] unicodeKeyboard = true
2016-09-23 14:55:12 sys_log : [INFO] udid = 71MBBLE25GLV
2016-09-23 14:55:12 sys_log : [INFO] platformName = Android
2016-09-23 14:55:12 sys_log : [INFO] deviceName = note1
2016-09-23 14:55:12 sys_log : [INFO] resetKeyboard = true
2016-09-23 14:55:12 sys_log : [INFO] ###########################################################################
2016-09-23 14:55:12 sys_log : [INFO] Appium Server -> http://127.0.0.1:4723/wd/hub
2016-09-23 14:55:25 sys_log : [INFO] ########################### app environment ###########################
2016-09-23 14:55:25 sys_log : [INFO] product = m1note
2016-09-23 14:55:25 sys_log : [INFO] api level = 22
2016-09-23 14:55:25 sys_log : [INFO] platform version = 5.1
2016-09-23 14:55:25 sys_log : [INFO] core version = 3.10.65-user
2016-09-23 14:55:25 sys_log : [INFO] system version = 
2016-09-23 14:55:25 sys_log : [INFO] version = Flyme 5.1.9.0A
2016-09-23 14:55:25 sys_log : [INFO] app = com.alibaba.aliyun
2016-09-23 14:55:25 sys_log : [INFO] app activity = com.alibaba.aliyun.biz.login.WelcomeActivity
2016-09-23 14:55:25 sys_log : [INFO] app current activity = .biz.login.WelcomeActivity t323
2016-09-23 14:55:25 sys_log : [INFO] app is alive = false
2016-09-23 14:55:25 sys_log : [INFO] language = zh
2016-09-23 14:55:25 sys_log : [INFO] resolution = 
2016-09-23 14:55:26 sys_log : [INFO] uiautomator pid = 6065
2016-09-23 14:55:26 sys_log : [INFO] ########################################################################
