2016-09-04 17:13:16 sys_log : [ERROR]   error wait for 允许：允许android.widget.Button
2016-09-04 17:13:19 sys_log : [ERROR]   允许   clicked!!
2016-09-04 17:14:00 sys_log : [ERROR]   org.openqa.selenium.NoSuchElementException: An element could not be located on the page using the given search parameters. (WARNING: The server did not provide any stacktrace information)
Command duration or timeout: 30.25 seconds
For documentation on this error, please visit: http://seleniumhq.org/exceptions/no_such_element.html
Build info: version: '2.53.0', revision: '35ae25b', time: '2016-03-15 16:57:40'
System info: host: 'PC-201504191139', ip: '192.168.56.1', os.name: 'Windows 7', os.arch: 'amd64', os.version: '6.1', java.version: '1.8.0_25'
Driver info: io.appium.java_client.android.AndroidDriver
Capabilities [{app=E:\\app\\aliyun\\701287@alicloud_app.apk, appPackage=com.alibaba.aliyun, networkConnectionEnabled=true, noSign=true, warnings={}, appiumVersion=1.5.3, databaseEnabled=false, deviceName=71MBBLE25GLV, platform=LINUX, deviceUDID=71MBBLE25GLV, appActivity=com.alibaba.aliyun.biz.login.WelcomeActivity, desired={app=E:\\app\\aliyun\\701287@alicloud_app.apk, appPackage=com.alibaba.aliyun, appActivity=com.alibaba.aliyun.biz.login.WelcomeActivity, noSign=true, newCommandTimeout=7200, appiumVersion=1.5.3, platformVersion=5.1, unicodeKeyboard=true, udid=71MBBLE25GLV, platformName=Android, deviceName=note1, resetKeyboard=true}, newCommandTimeout=7200, platformVersion=5.1, webStorageEnabled=false, locationContextEnabled=false, takesScreenshot=true, javascriptEnabled=true, unicodeKeyboard=true, udid=71MBBLE25GLV, platformName=Android, resetKeyboard=true}]
Session ID: c966fe79-8158-4db3-a987-930231161336
*** Element info: {Using=xpath, value=//android.widget.LinearLayout[@resource-id='com.alibaba.aliyun:id/fragment_footer_menu']//android.widget.RelativeLayout[4]//android.widget.ImageView}
2016-09-04 17:14:30 sys_log : [ERROR]   org.openqa.selenium.NoSuchElementException: An element could not be located on the page using the given search parameters. (WARNING: The server did not provide any stacktrace information)
Command duration or timeout: 30.27 seconds
For documentation on this error, please visit: http://seleniumhq.org/exceptions/no_such_element.html
Build info: version: '2.53.0', revision: '35ae25b', time: '2016-03-15 16:57:40'
System info: host: 'PC-201504191139', ip: '192.168.56.1', os.name: 'Windows 7', os.arch: 'amd64', os.version: '6.1', java.version: '1.8.0_25'
Driver info: io.appium.java_client.android.AndroidDriver
Capabilities [{app=E:\\app\\aliyun\\701287@alicloud_app.apk, appPackage=com.alibaba.aliyun, networkConnectionEnabled=true, noSign=true, warnings={}, appiumVersion=1.5.3, databaseEnabled=false, deviceName=71MBBLE25GLV, platform=LINUX, deviceUDID=71MBBLE25GLV, appActivity=com.alibaba.aliyun.biz.login.WelcomeActivity, desired={app=E:\\app\\aliyun\\701287@alicloud_app.apk, appPackage=com.alibaba.aliyun, appActivity=com.alibaba.aliyun.biz.login.WelcomeActivity, noSign=true, newCommandTimeout=7200, appiumVersion=1.5.3, platformVersion=5.1, unicodeKeyboard=true, udid=71MBBLE25GLV, platformName=Android, deviceName=note1, resetKeyboard=true}, newCommandTimeout=7200, platformVersion=5.1, webStorageEnabled=false, locationContextEnabled=false, takesScreenshot=true, javascriptEnabled=true, unicodeKeyboard=true, udid=71MBBLE25GLV, platformName=Android, resetKeyboard=true}]
Session ID: c966fe79-8158-4db3-a987-930231161336
*** Element info: {Using=id, value=com.alibaba.aliyun:id/login}
