2016-09-22 11:18:52 sys_log : [INFO] ########################### 开始执行探索性遍历测试 ###########################
2016-09-22 11:18:52 sys_log : [INFO] 报告主人,有1个节点任务出栈并加入黑名单 -> 现在还有20个任务待运行, [android.widget.ImageView,,,com.alibaba.aliyun:id/common_right_button,1], 12a895dc873f608b436a52bdef1795c8-960,111-1032,183-//android.widget.FrameLayout[1]/android.widget.LinearLayout[1]/android.widget.FrameLayout[1]/android.widget.FrameLayout[1]/android.widget.FrameLayout[1]/android.widget.RelativeLayout[1]/android.widget.RelativeLayout[1]/android.widget.RelativeLayout[1]/android.widget.RelativeLayout[2]/android.widget.ImageView[1]
2016-09-22 11:18:54 sys_log : [INFO] 当前节点任务所属窗口是否就是当前窗口 -> true
2016-09-22 11:18:54 sys_log : [INFO] [android.widget.ImageView,,,com.alibaba.aliyun:id/common_right_button,1], 12a895dc873f608b436a52bdef1795c8 >> 开始执行节点任务......
2016-09-22 11:18:54 sys_log : [INFO] click -> [info = android.widget.ImageView,,,com.alibaba.aliyun:id/common_right_button,1], [depth = 1]12a895dc873f608b436a52bdef1795c8-960,111-1032,183-//android.widget.FrameLayout[1]/android.widget.LinearLayout[1]/android.widget.FrameLayout[1]/android.widget.FrameLayout[1]/android.widget.FrameLayout[1]/android.widget.RelativeLayout[1]/android.widget.RelativeLayout[1]/android.widget.RelativeLayout[1]/android.widget.RelativeLayout[2]/android.widget.ImageView[1]
2016-09-22 11:18:57 sys_log : [INFO] 报告主人,有1个节点任务出栈并加入黑名单 -> 现在还有19个任务待运行, [android.widget.ImageView,,,com.alibaba.aliyun:id/scan,1], 12a895dc873f608b436a52bdef1795c8-48,114-114,180-//android.widget.FrameLayout[1]/android.widget.LinearLayout[1]/android.widget.FrameLayout[1]/android.widget.FrameLayout[1]/android.widget.FrameLayout[1]/android.widget.RelativeLayout[1]/android.widget.ImageView[1]
2016-09-22 11:18:58 sys_log : [INFO] 当前节点任务所属窗口是否就是当前窗口 -> false
2016-09-22 11:18:58 sys_log : [INFO] 12a895dc873f608b436a52bdef1795c8 >> 5cb83bedc72919c72488aa450130f130, 窗口迁移至新窗口......
2016-09-22 11:18:58 sys_log : [INFO] 相同窗口执行次数 -> 0
2016-09-22 11:18:58 sys_log : [INFO] 4个新任务准备入栈......
2016-09-22 11:18:58 sys_log : [INFO] 4个新任务允许入栈......
2016-09-22 11:18:58 sys_log : [INFO] 任务栈已更新, 4个新任务允许入栈, 现在还有24个任务待运行......
2016-09-22 11:18:58 sys_log : [INFO] 任务栈已更新,现在还有23个任务待运行......
2016-09-22 11:18:58 sys_log : [INFO] [android.widget.EditText,手机号/会员名/邮箱,,com.alibaba.aliyun:id/accountCompleteTextView,2], 5cb83bedc72919c72488aa450130f130 >> 开始执行节点任务......
2016-09-22 11:18:58 sys_log : [INFO] input -> [info = android.widget.EditText,手机号/会员名/邮箱,,com.alibaba.aliyun:id/accountCompleteTextView,2], [depth = 2], sendKeys -> 8888, 5cb83bedc72919c72488aa450130f130-312,315-1056,388-//android.widget.FrameLayout[1]/android.widget.LinearLayout[1]/android.widget.FrameLayout[1]/android.widget.LinearLayout[1]/android.widget.FrameLayout[1]/android.widget.LinearLayout[1]/android.widget.ScrollView[1]/android.widget.LinearLayout[1]/android.widget.LinearLayout[1]/android.widget.LinearLayout[1]/android.widget.LinearLayout[1]/android.widget.EditText[1]
2016-09-22 11:19:01 sys_log : [INFO] 报告主人,有1个节点任务出栈并加入黑名单 -> 现在还有22个任务待运行, [android.widget.EditText,,,com.alibaba.aliyun:id/content,2], 5cb83bedc72919c72488aa450130f130-317,463-930,536-//android.widget.FrameLayout[1]/android.widget.LinearLayout[1]/android.widget.FrameLayout[1]/android.widget.LinearLayout[1]/android.widget.FrameLayout[1]/android.widget.LinearLayout[1]/android.widget.ScrollView[1]/android.widget.LinearLayout[1]/android.widget.LinearLayout[2]/android.widget.EditText[1]
2016-09-22 11:19:02 sys_log : [INFO] 当前节点任务所属窗口是否就是当前窗口 -> true
2016-09-22 11:19:02 sys_log : [INFO] [android.widget.EditText,,,com.alibaba.aliyun:id/content,2], 5cb83bedc72919c72488aa450130f130 >> 开始执行节点任务......
2016-09-22 11:19:02 sys_log : [INFO] input -> [info = android.widget.EditText,,,com.alibaba.aliyun:id/content,2], [depth = 2], sendKeys -> 8888, 5cb83bedc72919c72488aa450130f130-317,463-930,536-//android.widget.FrameLayout[1]/android.widget.LinearLayout[1]/android.widget.FrameLayout[1]/android.widget.LinearLayout[1]/android.widget.FrameLayout[1]/android.widget.LinearLayout[1]/android.widget.ScrollView[1]/android.widget.LinearLayout[1]/android.widget.LinearLayout[2]/android.widget.EditText[1]
2016-09-22 11:19:06 sys_log : [INFO] 报告主人,有1个节点任务出栈并加入黑名单 -> 现在还有21个任务待运行, [android.widget.TextView,,,com.alibaba.aliyun:id/hidePwd,2], 5cb83bedc72919c72488aa450130f130-954,456-1044,542-//android.widget.FrameLayout[1]/android.widget.LinearLayout[1]/android.widget.FrameLayout[1]/android.widget.LinearLayout[1]/android.widget.FrameLayout[1]/android.widget.LinearLayout[1]/android.widget.ScrollView[1]/android.widget.LinearLayout[1]/android.widget.LinearLayout[2]/android.widget.TextView[2]
2016-09-22 11:19:07 sys_log : [INFO] 当前节点任务所属窗口是否就是当前窗口 -> false
2016-09-22 11:19:07 sys_log : [INFO] 5cb83bedc72919c72488aa450130f130 >> 12a895dc873f608b436a52bdef1795c8, 窗口迁移至老窗口,获取到窗口任务列表 -> 20
2016-09-22 11:19:07 sys_log : [INFO] 任务栈已更新,现在还有21个任务待运行......
2016-09-22 11:19:07 sys_log : [INFO] [android.widget.TextView,,,com.alibaba.aliyun:id/hidePwd,2], 5cb83bedc72919c72488aa450130f130 >> 开始执行节点任务......
2016-09-22 11:19:38 sys_log : [ERROR]   节点任务 -> [info = android.widget.TextView,,,com.alibaba.aliyun:id/hidePwd,2], NoSuchElementException, 弹出下一个节点任务, 5cb83bedc72919c72488aa450130f130-954,456-1044,542-//android.widget.FrameLayout[1]/android.widget.LinearLayout[1]/android.widget.FrameLayout[1]/android.widget.LinearLayout[1]/android.widget.FrameLayout[1]/android.widget.LinearLayout[1]/android.widget.ScrollView[1]/android.widget.LinearLayout[1]/android.widget.LinearLayout[2]/android.widget.TextView[2]
2016-09-22 11:19:44 sys_log : [INFO] 报告主人,有1个节点任务出栈并加入黑名单 -> 现在还有20个任务待运行, [android.widget.ImageView,,,com.alibaba.aliyun:id/scan,1], 12a895dc873f608b436a52bdef1795c8-48,114-114,180-//android.widget.FrameLayout[1]/android.widget.LinearLayout[1]/android.widget.FrameLayout[1]/android.widget.FrameLayout[1]/android.widget.FrameLayout[1]/android.widget.RelativeLayout[1]/android.widget.ImageView[1]
2016-09-22 11:19:45 sys_log : [INFO] 当前节点任务所属窗口是否就是当前窗口 -> true
2016-09-22 11:19:45 sys_log : [INFO] [android.widget.ImageView,,,com.alibaba.aliyun:id/scan,1], 12a895dc873f608b436a52bdef1795c8 >> 开始执行节点任务......
2016-09-22 11:19:45 sys_log : [INFO] click -> [info = android.widget.ImageView,,,com.alibaba.aliyun:id/scan,1], [depth = 1]12a895dc873f608b436a52bdef1795c8-48,114-114,180-//android.widget.FrameLayout[1]/android.widget.LinearLayout[1]/android.widget.FrameLayout[1]/android.widget.FrameLayout[1]/android.widget.FrameLayout[1]/android.widget.RelativeLayout[1]/android.widget.ImageView[1]
2016-09-22 11:19:49 sys_log : [INFO] 报告主人,有1个节点任务出栈并加入黑名单 -> 现在还有19个任务待运行, [android.widget.ImageView,,,com.alibaba.aliyun:id/message_button,1], 12a895dc873f608b436a52bdef1795c8-966,114-1032,180-//android.widget.FrameLayout[1]/android.widget.LinearLayout[1]/android.widget.FrameLayout[1]/android.widget.FrameLayout[1]/android.widget.FrameLayout[1]/android.widget.RelativeLayout[1]/android.widget.ImageView[2]
2016-09-22 11:19:50 sys_log : [INFO] 当前节点任务所属窗口是否就是当前窗口 -> false
2016-09-22 11:19:50 sys_log : [INFO] 12a895dc873f608b436a52bdef1795c8 >> 36dc1aa7edb1a36a409f35e64d93b0ee, 窗口迁移至新窗口......
2016-09-22 11:19:50 sys_log : [INFO] 相同窗口执行次数 -> 0
2016-09-22 11:19:50 sys_log : [INFO] 2个新任务准备入栈......
2016-09-22 11:19:50 sys_log : [INFO] 2个新任务允许入栈......
2016-09-22 11:19:50 sys_log : [INFO] 任务栈已更新, 2个新任务允许入栈, 现在还有22个任务待运行......
2016-09-22 11:19:50 sys_log : [INFO] 任务栈已更新,现在还有21个任务待运行......
2016-09-22 11:19:50 sys_log : [INFO] [android.widget.Button,拒绝,,android:id/button2,2], 36dc1aa7edb1a36a409f35e64d93b0ee >> 开始执行节点任务......
2016-09-22 11:19:50 sys_log : [INFO] click -> [info = android.widget.Button,拒绝,,android:id/button2,2], [depth = 2]36dc1aa7edb1a36a409f35e64d93b0ee-54,1068-539,1211-//android.widget.FrameLayout[1]/android.widget.FrameLayout[1]/android.widget.FrameLayout[1]/android.widget.LinearLayout[1]/android.widget.LinearLayout[2]/android.widget.LinearLayout[1]/android.widget.Button[1]
2016-09-22 11:19:54 sys_log : [INFO] 报告主人,有1个节点任务出栈并加入黑名单 -> 现在还有20个任务待运行, [android.widget.Button,允许,,android:id/button1,2], 36dc1aa7edb1a36a409f35e64d93b0ee-541,1068-1026,1211-//android.widget.FrameLayout[1]/android.widget.FrameLayout[1]/android.widget.FrameLayout[1]/android.widget.LinearLayout[1]/android.widget.LinearLayout[2]/android.widget.LinearLayout[1]/android.widget.Button[2]
2016-09-22 11:19:56 sys_log : [INFO] 当前节点任务所属窗口是否就是当前窗口 -> false
2016-09-22 11:19:56 sys_log : [INFO] 36dc1aa7edb1a36a409f35e64d93b0ee >> 12a895dc873f608b436a52bdef1795c8, 窗口迁移至老窗口,获取到窗口任务列表 -> 19
2016-09-22 11:19:56 sys_log : [INFO] 任务栈已更新,现在还有20个任务待运行......
2016-09-22 11:19:56 sys_log : [INFO] [android.widget.Button,允许,,android:id/button1,2], 36dc1aa7edb1a36a409f35e64d93b0ee >> 开始执行节点任务......
2016-09-22 11:20:27 sys_log : [ERROR]   节点任务 -> [info = android.widget.Button,允许,,android:id/button1,2], NoSuchElementException, 弹出下一个节点任务, 36dc1aa7edb1a36a409f35e64d93b0ee-541,1068-1026,1211-//android.widget.FrameLayout[1]/android.widget.FrameLayout[1]/android.widget.FrameLayout[1]/android.widget.LinearLayout[1]/android.widget.LinearLayout[2]/android.widget.LinearLayout[1]/android.widget.Button[2]
2016-09-22 11:20:33 sys_log : [INFO] 报告主人,有1个节点任务出栈并加入黑名单 -> 现在还有19个任务待运行, [android.widget.ImageView,,,com.alibaba.aliyun:id/message_button,1], 12a895dc873f608b436a52bdef1795c8-966,114-1032,180-//android.widget.FrameLayout[1]/android.widget.LinearLayout[1]/android.widget.FrameLayout[1]/android.widget.FrameLayout[1]/android.widget.FrameLayout[1]/android.widget.RelativeLayout[1]/android.widget.ImageView[2]
2016-09-22 11:20:34 sys_log : [INFO] 当前节点任务所属窗口是否就是当前窗口 -> true
2016-09-22 11:20:34 sys_log : [INFO] [android.widget.ImageView,,,com.alibaba.aliyun:id/message_button,1], 12a895dc873f608b436a52bdef1795c8 >> 开始执行节点任务......
2016-09-22 11:20:34 sys_log : [INFO] click -> [info = android.widget.ImageView,,,com.alibaba.aliyun:id/message_button,1], [depth = 1]12a895dc873f608b436a52bdef1795c8-966,114-1032,180-//android.widget.FrameLayout[1]/android.widget.LinearLayout[1]/android.widget.FrameLayout[1]/android.widget.FrameLayout[1]/android.widget.FrameLayout[1]/android.widget.RelativeLayout[1]/android.widget.ImageView[2]
2016-09-22 11:20:38 sys_log : [INFO] 报告主人,有1个节点任务出栈并加入黑名单 -> 现在还有18个任务待运行, [android.widget.RelativeLayout,,,com.alibaba.aliyun:id/pluginLayout,1], 12a895dc873f608b436a52bdef1795c8-0,219-270,534-//android.widget.FrameLayout[1]/android.widget.LinearLayout[1]/android.widget.FrameLayout[1]/android.widget.FrameLayout[1]/android.widget.FrameLayout[1]/android.widget.RelativeLayout[1]/android.widget.ScrollView[1]/android.widget.LinearLayout[1]/android.support.v7.widget.RecyclerView[1]/android.widget.RelativeLayout[1]
2016-09-22 11:20:39 sys_log : [INFO] 当前节点任务所属窗口是否就是当前窗口 -> false
2016-09-22 11:20:39 sys_log : [INFO] 12a895dc873f608b436a52bdef1795c8 >> 5cb83bedc72919c72488aa450130f130, 窗口迁移至老窗口,获取到窗口任务列表 -> 1
2016-09-22 11:20:39 sys_log : [INFO] 任务栈已更新,现在还有18个任务待运行......
2016-09-22 11:20:39 sys_log : [INFO] [android.widget.RelativeLayout,,,com.alibaba.aliyun:id/pluginLayout,1], 12a895dc873f608b436a52bdef1795c8 >> 开始执行节点任务......
2016-09-22 11:21:09 sys_log : [ERROR]   节点任务 -> [info = android.widget.RelativeLayout,,,com.alibaba.aliyun:id/pluginLayout,1], NoSuchElementException, 弹出下一个节点任务, 12a895dc873f608b436a52bdef1795c8-0,219-270,534-//android.widget.FrameLayout[1]/android.widget.LinearLayout[1]/android.widget.FrameLayout[1]/android.widget.FrameLayout[1]/android.widget.FrameLayout[1]/android.widget.RelativeLayout[1]/android.widget.ScrollView[1]/android.widget.LinearLayout[1]/android.support.v7.widget.RecyclerView[1]/android.widget.RelativeLayout[1]
2016-09-22 11:21:15 sys_log : [INFO] 报告主人,有1个节点任务出栈并加入黑名单 -> 现在还有17个任务待运行, [android.widget.TextView,免费注册,,com.alibaba.aliyun:id/linkRegister,2], 5cb83bedc72919c72488aa450130f130-390,896-690,987-//android.widget.FrameLayout[1]/android.widget.LinearLayout[1]/android.widget.FrameLayout[1]/android.widget.LinearLayout[1]/android.widget.FrameLayout[1]/android.widget.LinearLayout[1]/android.widget.ScrollView[1]/android.widget.LinearLayout[1]/android.widget.RelativeLayout[1]/android.widget.TextView[1]
2016-09-22 11:21:16 sys_log : [INFO] 当前节点任务所属窗口是否就是当前窗口 -> true
2016-09-22 11:21:16 sys_log : [INFO] [android.widget.TextView,免费注册,,com.alibaba.aliyun:id/linkRegister,2], 5cb83bedc72919c72488aa450130f130 >> 开始执行节点任务......
2016-09-22 11:21:16 sys_log : [INFO] click -> [info = android.widget.TextView,免费注册,,com.alibaba.aliyun:id/linkRegister,2], [depth = 2]5cb83bedc72919c72488aa450130f130-390,896-690,987-//android.widget.FrameLayout[1]/android.widget.LinearLayout[1]/android.widget.FrameLayout[1]/android.widget.LinearLayout[1]/android.widget.FrameLayout[1]/android.widget.LinearLayout[1]/android.widget.ScrollView[1]/android.widget.LinearLayout[1]/android.widget.RelativeLayout[1]/android.widget.TextView[1]
2016-09-22 11:21:20 sys_log : [INFO] 报告主人,有1个节点任务出栈并加入黑名单 -> 现在还有16个任务待运行, [android.widget.RelativeLayout,,,com.alibaba.aliyun:id/pluginLayout,1], 12a895dc873f608b436a52bdef1795c8-270,219-540,534-//android.widget.FrameLayout[1]/android.widget.LinearLayout[1]/android.widget.FrameLayout[1]/android.widget.FrameLayout[1]/android.widget.FrameLayout[1]/android.widget.RelativeLayout[1]/android.widget.ScrollView[1]/android.widget.LinearLayout[1]/android.support.v7.widget.RecyclerView[1]/android.widget.RelativeLayout[2]
2016-09-22 11:21:20 sys_log : [INFO] 当前节点任务所属窗口是否就是当前窗口 -> false
2016-09-22 11:21:20 sys_log : [INFO] 12a895dc873f608b436a52bdef1795c8 >> 9ba9616f172adc19a4f4441d69c073b4, 窗口迁移至新窗口......
2016-09-22 11:21:20 sys_log : [INFO] 相同窗口执行次数 -> 0
2016-09-22 11:21:21 sys_log : [INFO] 1个新任务准备入栈......
2016-09-22 11:21:21 sys_log : [INFO] 1个新任务允许入栈......
2016-09-22 11:21:21 sys_log : [INFO] 任务栈已更新, 1个新任务允许入栈, 现在还有18个任务待运行......
2016-09-22 11:21:21 sys_log : [INFO] 任务栈已更新,现在还有17个任务待运行......
2016-09-22 11:21:21 sys_log : [INFO] [android.widget.Button,手机验证,,com.alibaba.aliyun:id/title_bar_back_button,2], 9ba9616f172adc19a4f4441d69c073b4 >> 开始执行节点任务......
2016-09-22 11:21:21 sys_log : [INFO] click -> [info = android.widget.Button,手机验证,,com.alibaba.aliyun:id/title_bar_back_button,2], [depth = 2]9ba9616f172adc19a4f4441d69c073b4-30,122-308,197-//android.widget.FrameLayout[1]/android.widget.LinearLayout[1]/android.widget.FrameLayout[1]/android.widget.RelativeLayout[1]/android.widget.RelativeLayout[1]/android.widget.RelativeLayout[1]/android.widget.LinearLayout[1]/android.widget.Button[1]
2016-09-22 11:21:24 sys_log : [INFO] 报告主人,有1个节点任务出栈并加入黑名单 -> 现在还有16个任务待运行, [android.widget.RelativeLayout,,,com.alibaba.aliyun:id/pluginLayout,1], 12a895dc873f608b436a52bdef1795c8-270,219-540,534-//android.widget.FrameLayout[1]/android.widget.LinearLayout[1]/android.widget.FrameLayout[1]/android.widget.FrameLayout[1]/android.widget.FrameLayout[1]/android.widget.RelativeLayout[1]/android.widget.ScrollView[1]/android.widget.LinearLayout[1]/android.support.v7.widget.RecyclerView[1]/android.widget.RelativeLayout[2]
2016-09-22 11:21:25 sys_log : [INFO] 当前节点任务所属窗口是否就是当前窗口 -> false
2016-09-22 11:21:25 sys_log : [INFO] 12a895dc873f608b436a52bdef1795c8 >> 606b81ec3d5192243c82c456963f894c, 窗口迁移至新窗口......
2016-09-22 11:21:25 sys_log : [INFO] 相同窗口执行次数 -> 0
2016-09-22 11:21:25 sys_log : [INFO] 2个新任务准备入栈......
2016-09-22 11:21:25 sys_log : [INFO] 2个新任务允许入栈......
2016-09-22 11:21:25 sys_log : [INFO] 任务栈已更新, 2个新任务允许入栈, 现在还有19个任务待运行......
2016-09-22 11:21:25 sys_log : [INFO] 任务栈已更新,现在还有18个任务待运行......
2016-09-22 11:21:25 sys_log : [INFO] [android.widget.Button,否,,android:id/button2,2], 606b81ec3d5192243c82c456963f894c >> 开始执行节点任务......
2016-09-22 11:21:25 sys_log : [INFO] click -> [info = android.widget.Button,否,,android:id/button2,2], [depth = 2]606b81ec3d5192243c82c456963f894c-75,1018-539,1162-//android.widget.FrameLayout[1]/android.widget.FrameLayout[1]/android.widget.FrameLayout[1]/android.widget.LinearLayout[1]/android.widget.LinearLayout[2]/android.widget.LinearLayout[1]/android.widget.Button[1]
2016-09-22 11:21:31 sys_log : [INFO] 报告主人,有1个节点任务出栈并加入黑名单 -> 现在还有17个任务待运行, [android.widget.Button,是,,android:id/button1,2], 606b81ec3d5192243c82c456963f894c-541,1018-1005,1162-//android.widget.FrameLayout[1]/android.widget.FrameLayout[1]/android.widget.FrameLayout[1]/android.widget.LinearLayout[1]/android.widget.LinearLayout[2]/android.widget.LinearLayout[1]/android.widget.Button[2]
2016-09-22 11:21:32 sys_log : [INFO] 当前节点任务所属窗口是否就是当前窗口 -> false
2016-09-22 11:21:32 sys_log : [INFO] 606b81ec3d5192243c82c456963f894c >> 1347f18ea4abea6dc3c5f5a47e6301cc, 窗口迁移至新窗口......
2016-09-22 11:21:32 sys_log : [INFO] 相同窗口执行次数 -> 0
2016-09-22 11:21:32 sys_log : [INFO] [android.widget.Button,是,,android:id/button1,2], 606b81ec3d5192243c82c456963f894c >> 1347f18ea4abea6dc3c5f5a47e6301cc, 窗口虽然发生迁移,但已达到最大遍历深度 -> 2, 点击返回......
2016-09-22 11:21:36 sys_log : [INFO] [android.widget.Button,是,,android:id/button1,2], 606b81ec3d5192243c82c456963f894c >> 开始执行节点任务......
2016-09-22 11:21:36 sys_log : [INFO] click -> [info = android.widget.Button,是,,android:id/button1,2], [depth = 2]606b81ec3d5192243c82c456963f894c-541,1018-1005,1162-//android.widget.FrameLayout[1]/android.widget.FrameLayout[1]/android.widget.FrameLayout[1]/android.widget.LinearLayout[1]/android.widget.LinearLayout[2]/android.widget.LinearLayout[1]/android.widget.Button[2]
2016-09-22 11:21:42 sys_log : [INFO] 报告主人,有1个节点任务出栈并加入黑名单 -> 现在还有16个任务待运行, [android.widget.RelativeLayout,,,com.alibaba.aliyun:id/pluginLayout,1], 12a895dc873f608b436a52bdef1795c8-270,219-540,534-//android.widget.FrameLayout[1]/android.widget.LinearLayout[1]/android.widget.FrameLayout[1]/android.widget.FrameLayout[1]/android.widget.FrameLayout[1]/android.widget.RelativeLayout[1]/android.widget.ScrollView[1]/android.widget.LinearLayout[1]/android.support.v7.widget.RecyclerView[1]/android.widget.RelativeLayout[2]
2016-09-22 11:21:43 sys_log : [INFO] 当前节点任务所属窗口是否就是当前窗口 -> false
2016-09-22 11:21:43 sys_log : [INFO] 12a895dc873f608b436a52bdef1795c8 >> 5cb83bedc72919c72488aa450130f130, 窗口迁移至新窗口......
2016-09-22 11:21:43 sys_log : [INFO] 相同窗口执行次数 -> 0
2016-09-22 11:21:43 sys_log : [INFO] 4个新任务准备入栈......
2016-09-22 11:21:43 sys_log : [INFO] 12a895dc873f608b436a52bdef1795c8 >> 5cb83bedc72919c72488aa450130f130, 窗口虽然发生迁移,但没有新任务加入, 并且本窗口节点任务已遍历完毕,点击返回......
2016-09-22 11:21:48 sys_log : [INFO] [android.widget.RelativeLayout,,,com.alibaba.aliyun:id/pluginLayout,1], 12a895dc873f608b436a52bdef1795c8 >> 开始执行节点任务......
2016-09-22 11:21:48 sys_log : [INFO] click -> [info = android.widget.RelativeLayout,,,com.alibaba.aliyun:id/pluginLayout,1], [depth = 1]12a895dc873f608b436a52bdef1795c8-270,219-540,534-//android.widget.FrameLayout[1]/android.widget.LinearLayout[1]/android.widget.FrameLayout[1]/android.widget.FrameLayout[1]/android.widget.FrameLayout[1]/android.widget.RelativeLayout[1]/android.widget.ScrollView[1]/android.widget.LinearLayout[1]/android.support.v7.widget.RecyclerView[1]/android.widget.RelativeLayout[2]
2016-09-22 11:21:52 sys_log : [INFO] 报告主人,有1个节点任务出栈并加入黑名单 -> 现在还有15个任务待运行, [android.widget.RelativeLayout,,,com.alibaba.aliyun:id/pluginLayout,1], 12a895dc873f608b436a52bdef1795c8-540,219-810,534-//android.widget.FrameLayout[1]/android.widget.LinearLayout[1]/android.widget.FrameLayout[1]/android.widget.FrameLayout[1]/android.widget.FrameLayout[1]/android.widget.RelativeLayout[1]/android.widget.ScrollView[1]/android.widget.LinearLayout[1]/android.support.v7.widget.RecyclerView[1]/android.widget.RelativeLayout[3]
2016-09-22 11:21:53 sys_log : [INFO] 当前节点任务所属窗口是否就是当前窗口 -> false
2016-09-22 11:21:53 sys_log : [INFO] 12a895dc873f608b436a52bdef1795c8 >> ffd0c5a7a77c24d3820748f77be2c3f8, 窗口迁移至新窗口......
2016-09-22 11:21:53 sys_log : [INFO] 相同窗口执行次数 -> 0
2016-09-22 11:21:53 sys_log : [INFO] 3个新任务准备入栈......
2016-09-22 11:21:53 sys_log : [INFO] 3个新任务允许入栈......
2016-09-22 11:21:53 sys_log : [INFO] 任务栈已更新, 3个新任务允许入栈, 现在还有19个任务待运行......
2016-09-22 11:21:53 sys_log : [INFO] 任务栈已更新,现在还有18个任务待运行......
2016-09-22 11:21:53 sys_log : [INFO] [android.widget.RelativeLayout,,,com.alibaba.aliyun:id/rl_left_button,2], ffd0c5a7a77c24d3820748f77be2c3f8 >> 开始执行节点任务......
2016-09-22 11:21:53 sys_log : [INFO] click -> [info = android.widget.RelativeLayout,,,com.alibaba.aliyun:id/rl_left_button,2], [depth = 2]ffd0c5a7a77c24d3820748f77be2c3f8-0,75-120,219-//android.widget.FrameLayout[1]/android.widget.LinearLayout[1]/android.widget.FrameLayout[1]/android.widget.RelativeLayout[1]/android.widget.RelativeLayout[1]/android.widget.RelativeLayout[1]/android.widget.RelativeLayout[1]
2016-09-22 11:21:59 sys_log : [INFO] 报告主人,有1个节点任务出栈并加入黑名单 -> 现在还有17个任务待运行, [android.widget.RelativeLayout,,,com.alibaba.aliyun:id/close,2], ffd0c5a7a77c24d3820748f77be2c3f8-120,75-240,219-//android.widget.FrameLayout[1]/android.widget.LinearLayout[1]/android.widget.FrameLayout[1]/android.widget.RelativeLayout[1]/android.widget.RelativeLayout[1]/android.widget.RelativeLayout[1]/android.widget.RelativeLayout[2]
2016-09-22 11:22:01 sys_log : [INFO] 当前节点任务所属窗口是否就是当前窗口 -> false
2016-09-22 11:22:01 sys_log : [INFO] ffd0c5a7a77c24d3820748f77be2c3f8 >> 12a895dc873f608b436a52bdef1795c8, 窗口迁移至老窗口,获取到窗口任务列表 -> 16
2016-09-22 11:22:01 sys_log : [INFO] 任务栈已更新,现在还有17个任务待运行......
2016-09-22 11:22:01 sys_log : [INFO] [android.widget.RelativeLayout,,,com.alibaba.aliyun:id/close,2], ffd0c5a7a77c24d3820748f77be2c3f8 >> 开始执行节点任务......
2016-09-22 11:22:31 sys_log : [ERROR]   节点任务 -> [info = android.widget.RelativeLayout,,,com.alibaba.aliyun:id/close,2], NoSuchElementException, 弹出下一个节点任务, ffd0c5a7a77c24d3820748f77be2c3f8-120,75-240,219-//android.widget.FrameLayout[1]/android.widget.LinearLayout[1]/android.widget.FrameLayout[1]/android.widget.RelativeLayout[1]/android.widget.RelativeLayout[1]/android.widget.RelativeLayout[1]/android.widget.RelativeLayout[2]
2016-09-22 11:22:37 sys_log : [INFO] 报告主人,有1个节点任务出栈并加入黑名单 -> 现在还有16个任务待运行, [android.widget.RelativeLayout,,,com.alibaba.aliyun:id/pluginLayout,1], 12a895dc873f608b436a52bdef1795c8-540,219-810,534-//android.widget.FrameLayout[1]/android.widget.LinearLayout[1]/android.widget.FrameLayout[1]/android.widget.FrameLayout[1]/android.widget.FrameLayout[1]/android.widget.RelativeLayout[1]/android.widget.ScrollView[1]/android.widget.LinearLayout[1]/android.support.v7.widget.RecyclerView[1]/android.widget.RelativeLayout[3]
2016-09-22 11:22:38 sys_log : [INFO] 当前节点任务所属窗口是否就是当前窗口 -> true
2016-09-22 11:22:38 sys_log : [INFO] [android.widget.RelativeLayout,,,com.alibaba.aliyun:id/pluginLayout,1], 12a895dc873f608b436a52bdef1795c8 >> 开始执行节点任务......
2016-09-22 11:22:38 sys_log : [INFO] click -> [info = android.widget.RelativeLayout,,,com.alibaba.aliyun:id/pluginLayout,1], [depth = 1]12a895dc873f608b436a52bdef1795c8-540,219-810,534-//android.widget.FrameLayout[1]/android.widget.LinearLayout[1]/android.widget.FrameLayout[1]/android.widget.FrameLayout[1]/android.widget.FrameLayout[1]/android.widget.RelativeLayout[1]/android.widget.ScrollView[1]/android.widget.LinearLayout[1]/android.support.v7.widget.RecyclerView[1]/android.widget.RelativeLayout[3]
2016-09-22 11:22:42 sys_log : [INFO] 报告主人,有1个节点任务出栈并加入黑名单 -> 现在还有15个任务待运行, [android.widget.RelativeLayout,,,com.alibaba.aliyun:id/pluginLayout,1], 12a895dc873f608b436a52bdef1795c8-810,219-1080,534-//android.widget.FrameLayout[1]/android.widget.LinearLayout[1]/android.widget.FrameLayout[1]/android.widget.FrameLayout[1]/android.widget.FrameLayout[1]/android.widget.RelativeLayout[1]/android.widget.ScrollView[1]/android.widget.LinearLayout[1]/android.support.v7.widget.RecyclerView[1]/android.widget.RelativeLayout[4]
2016-09-22 11:22:43 sys_log : [INFO] 当前节点任务所属窗口是否就是当前窗口 -> false
2016-09-22 11:22:43 sys_log : [INFO] 12a895dc873f608b436a52bdef1795c8 >> 6607b6aaed877165d4665a04096a2e51, 窗口迁移至新窗口......
2016-09-22 11:22:43 sys_log : [INFO] 相同窗口执行次数 -> 0
2016-09-22 11:22:44 sys_log : [INFO] 3个新任务准备入栈......
2016-09-22 11:22:44 sys_log : [INFO] 3个新任务允许入栈......
2016-09-22 11:22:44 sys_log : [INFO] 任务栈已更新, 3个新任务允许入栈, 现在还有19个任务待运行......
2016-09-22 11:22:44 sys_log : [INFO] 任务栈已更新,现在还有18个任务待运行......
2016-09-22 11:22:44 sys_log : [INFO] [android.widget.RelativeLayout,,,com.alibaba.aliyun:id/rl_left_button,2], 6607b6aaed877165d4665a04096a2e51 >> 开始执行节点任务......
2016-09-22 11:22:44 sys_log : [INFO] click -> [info = android.widget.RelativeLayout,,,com.alibaba.aliyun:id/rl_left_button,2], [depth = 2]6607b6aaed877165d4665a04096a2e51-0,75-120,219-//android.widget.FrameLayout[1]/android.widget.LinearLayout[1]/android.widget.FrameLayout[1]/android.widget.RelativeLayout[1]/android.widget.RelativeLayout[1]/android.widget.RelativeLayout[1]/android.widget.RelativeLayout[1]
2016-09-22 11:22:49 sys_log : [INFO] 报告主人,有1个节点任务出栈并加入黑名单 -> 现在还有17个任务待运行, [android.widget.RelativeLayout,,,com.alibaba.aliyun:id/close,2], 6607b6aaed877165d4665a04096a2e51-120,75-240,219-//android.widget.FrameLayout[1]/android.widget.LinearLayout[1]/android.widget.FrameLayout[1]/android.widget.RelativeLayout[1]/android.widget.RelativeLayout[1]/android.widget.RelativeLayout[1]/android.widget.RelativeLayout[2]
2016-09-22 11:22:51 sys_log : [INFO] 当前节点任务所属窗口是否就是当前窗口 -> false
2016-09-22 11:22:51 sys_log : [INFO] 6607b6aaed877165d4665a04096a2e51 >> 12a895dc873f608b436a52bdef1795c8, 窗口迁移至老窗口,获取到窗口任务列表 -> 15
2016-09-22 11:22:51 sys_log : [INFO] 任务栈已更新,现在还有17个任务待运行......
2016-09-22 11:22:51 sys_log : [INFO] [android.widget.RelativeLayout,,,com.alibaba.aliyun:id/close,2], 6607b6aaed877165d4665a04096a2e51 >> 开始执行节点任务......
2016-09-22 11:23:21 sys_log : [ERROR]   节点任务 -> [info = android.widget.RelativeLayout,,,com.alibaba.aliyun:id/close,2], NoSuchElementException, 弹出下一个节点任务, 6607b6aaed877165d4665a04096a2e51-120,75-240,219-//android.widget.FrameLayout[1]/android.widget.LinearLayout[1]/android.widget.FrameLayout[1]/android.widget.RelativeLayout[1]/android.widget.RelativeLayout[1]/android.widget.RelativeLayout[1]/android.widget.RelativeLayout[2]
2016-09-22 11:23:27 sys_log : [INFO] 报告主人,有1个节点任务出栈并加入黑名单 -> 现在还有16个任务待运行, [android.widget.RelativeLayout,,,com.alibaba.aliyun:id/pluginLayout,1], 12a895dc873f608b436a52bdef1795c8-810,219-1080,534-//android.widget.FrameLayout[1]/android.widget.LinearLayout[1]/android.widget.FrameLayout[1]/android.widget.FrameLayout[1]/android.widget.FrameLayout[1]/android.widget.RelativeLayout[1]/android.widget.ScrollView[1]/android.widget.LinearLayout[1]/android.support.v7.widget.RecyclerView[1]/android.widget.RelativeLayout[4]
2016-09-22 11:23:28 sys_log : [INFO] 当前节点任务所属窗口是否就是当前窗口 -> true
2016-09-22 11:23:28 sys_log : [INFO] [android.widget.RelativeLayout,,,com.alibaba.aliyun:id/pluginLayout,1], 12a895dc873f608b436a52bdef1795c8 >> 开始执行节点任务......
2016-09-22 11:23:28 sys_log : [INFO] click -> [info = android.widget.RelativeLayout,,,com.alibaba.aliyun:id/pluginLayout,1], [depth = 1]12a895dc873f608b436a52bdef1795c8-810,219-1080,534-//android.widget.FrameLayout[1]/android.widget.LinearLayout[1]/android.widget.FrameLayout[1]/android.widget.FrameLayout[1]/android.widget.FrameLayout[1]/android.widget.RelativeLayout[1]/android.widget.ScrollView[1]/android.widget.LinearLayout[1]/android.support.v7.widget.RecyclerView[1]/android.widget.RelativeLayout[4]
2016-09-22 11:23:32 sys_log : [INFO] 报告主人,有1个节点任务出栈并加入黑名单 -> 现在还有15个任务待运行, [android.widget.RelativeLayout,,,com.alibaba.aliyun:id/item_0,1], 12a895dc873f608b436a52bdef1795c8-0,606-540,840-//android.widget.FrameLayout[1]/android.widget.LinearLayout[1]/android.widget.FrameLayout[1]/android.widget.FrameLayout[1]/android.widget.FrameLayout[1]/android.widget.RelativeLayout[1]/android.widget.ScrollView[1]/android.widget.LinearLayout[1]/android.widget.RelativeLayout[2]/android.widget.RelativeLayout[1]/android.widget.RelativeLayout[1]
2016-09-22 11:23:33 sys_log : [INFO] 当前节点任务所属窗口是否就是当前窗口 -> false
2016-09-22 11:23:33 sys_log : [INFO] 12a895dc873f608b436a52bdef1795c8 >> f6a443b3d543babc3406cf71da161b35, 窗口迁移至新窗口......
2016-09-22 11:23:33 sys_log : [INFO] 相同窗口执行次数 -> 0
2016-09-22 11:23:33 sys_log : [INFO] 3个新任务准备入栈......
2016-09-22 11:23:33 sys_log : [INFO] 3个新任务允许入栈......
2016-09-22 11:23:33 sys_log : [INFO] 任务栈已更新, 3个新任务允许入栈, 现在还有19个任务待运行......
2016-09-22 11:23:33 sys_log : [INFO] 任务栈已更新,现在还有18个任务待运行......
2016-09-22 11:23:33 sys_log : [INFO] [android.widget.RelativeLayout,,,com.alibaba.aliyun:id/rl_left_button,2], f6a443b3d543babc3406cf71da161b35 >> 开始执行节点任务......
2016-09-22 11:23:33 sys_log : [INFO] click -> [info = android.widget.RelativeLayout,,,com.alibaba.aliyun:id/rl_left_button,2], [depth = 2]f6a443b3d543babc3406cf71da161b35-0,75-120,219-//android.widget.FrameLayout[1]/android.widget.LinearLayout[1]/android.widget.FrameLayout[1]/android.widget.RelativeLayout[1]/android.widget.RelativeLayout[1]/android.widget.RelativeLayout[1]/android.widget.RelativeLayout[1]
2016-09-22 11:23:39 sys_log : [INFO] 报告主人,有1个节点任务出栈并加入黑名单 -> 现在还有17个任务待运行, [android.widget.RelativeLayout,,,com.alibaba.aliyun:id/close,2], f6a443b3d543babc3406cf71da161b35-120,75-240,219-//android.widget.FrameLayout[1]/android.widget.LinearLayout[1]/android.widget.FrameLayout[1]/android.widget.RelativeLayout[1]/android.widget.RelativeLayout[1]/android.widget.RelativeLayout[1]/android.widget.RelativeLayout[2]
2016-09-22 11:23:42 sys_log : [INFO] 当前节点任务所属窗口是否就是当前窗口 -> false
2016-09-22 11:23:42 sys_log : [INFO] f6a443b3d543babc3406cf71da161b35 >> 12a895dc873f608b436a52bdef1795c8, 窗口迁移至老窗口,获取到窗口任务列表 -> 14
2016-09-22 11:23:42 sys_log : [INFO] 任务栈已更新,现在还有17个任务待运行......
2016-09-22 11:23:42 sys_log : [INFO] [android.widget.RelativeLayout,,,com.alibaba.aliyun:id/close,2], f6a443b3d543babc3406cf71da161b35 >> 开始执行节点任务......
2016-09-22 11:24:12 sys_log : [ERROR]   节点任务 -> [info = android.widget.RelativeLayout,,,com.alibaba.aliyun:id/close,2], NoSuchElementException, 弹出下一个节点任务, f6a443b3d543babc3406cf71da161b35-120,75-240,219-//android.widget.FrameLayout[1]/android.widget.LinearLayout[1]/android.widget.FrameLayout[1]/android.widget.RelativeLayout[1]/android.widget.RelativeLayout[1]/android.widget.RelativeLayout[1]/android.widget.RelativeLayout[2]
2016-09-22 11:24:18 sys_log : [INFO] 报告主人,有1个节点任务出栈并加入黑名单 -> 现在还有16个任务待运行, [android.widget.RelativeLayout,,,com.alibaba.aliyun:id/item_0,1], 12a895dc873f608b436a52bdef1795c8-0,606-540,840-//android.widget.FrameLayout[1]/android.widget.LinearLayout[1]/android.widget.FrameLayout[1]/android.widget.FrameLayout[1]/android.widget.FrameLayout[1]/android.widget.RelativeLayout[1]/android.widget.ScrollView[1]/android.widget.LinearLayout[1]/android.widget.RelativeLayout[2]/android.widget.RelativeLayout[1]/android.widget.RelativeLayout[1]
2016-09-22 11:24:20 sys_log : [INFO] 当前节点任务所属窗口是否就是当前窗口 -> true
2016-09-22 11:24:20 sys_log : [INFO] [android.widget.RelativeLayout,,,com.alibaba.aliyun:id/item_0,1], 12a895dc873f608b436a52bdef1795c8 >> 开始执行节点任务......
2016-09-22 11:24:20 sys_log : [INFO] click -> [info = android.widget.RelativeLayout,,,com.alibaba.aliyun:id/item_0,1], [depth = 1]12a895dc873f608b436a52bdef1795c8-0,606-540,840-//android.widget.FrameLayout[1]/android.widget.LinearLayout[1]/android.widget.FrameLayout[1]/android.widget.FrameLayout[1]/android.widget.FrameLayout[1]/android.widget.RelativeLayout[1]/android.widget.ScrollView[1]/android.widget.LinearLayout[1]/android.widget.RelativeLayout[2]/android.widget.RelativeLayout[1]/android.widget.RelativeLayout[1]
2016-09-22 11:24:23 sys_log : [INFO] 报告主人,有1个节点任务出栈并加入黑名单 -> 现在还有15个任务待运行, [android.widget.RelativeLayout,,,com.alibaba.aliyun:id/item_1,1], 12a895dc873f608b436a52bdef1795c8-541,606-1080,840-//android.widget.FrameLayout[1]/android.widget.LinearLayout[1]/android.widget.FrameLayout[1]/android.widget.FrameLayout[1]/android.widget.FrameLayout[1]/android.widget.RelativeLayout[1]/android.widget.ScrollView[1]/android.widget.LinearLayout[1]/android.widget.RelativeLayout[2]/android.widget.RelativeLayout[1]/android.widget.RelativeLayout[2]
2016-09-22 11:24:25 sys_log : [INFO] 当前节点任务所属窗口是否就是当前窗口 -> false
2016-09-22 11:24:25 sys_log : [INFO] 12a895dc873f608b436a52bdef1795c8 >> ad3ca97663e9229b0e997de8e50a06c1, 窗口迁移至新窗口......
2016-09-22 11:24:25 sys_log : [INFO] 相同窗口执行次数 -> 0
2016-09-22 11:24:25 sys_log : [INFO] 3个新任务准备入栈......
2016-09-22 11:24:25 sys_log : [INFO] 3个新任务允许入栈......
2016-09-22 11:24:25 sys_log : [INFO] 任务栈已更新, 3个新任务允许入栈, 现在还有19个任务待运行......
2016-09-22 11:24:25 sys_log : [INFO] 任务栈已更新,现在还有18个任务待运行......
2016-09-22 11:24:25 sys_log : [INFO] [android.widget.RelativeLayout,,,com.alibaba.aliyun:id/rl_left_button,2], ad3ca97663e9229b0e997de8e50a06c1 >> 开始执行节点任务......
2016-09-22 11:24:25 sys_log : [INFO] click -> [info = android.widget.RelativeLayout,,,com.alibaba.aliyun:id/rl_left_button,2], [depth = 2]ad3ca97663e9229b0e997de8e50a06c1-0,75-120,219-//android.widget.FrameLayout[1]/android.widget.LinearLayout[1]/android.widget.FrameLayout[1]/android.widget.RelativeLayout[1]/android.widget.RelativeLayout[1]/android.widget.RelativeLayout[1]/android.widget.RelativeLayout[1]
2016-09-22 11:24:30 sys_log : [INFO] 报告主人,有1个节点任务出栈并加入黑名单 -> 现在还有17个任务待运行, [android.widget.RelativeLayout,,,com.alibaba.aliyun:id/close,2], ad3ca97663e9229b0e997de8e50a06c1-120,75-240,219-//android.widget.FrameLayout[1]/android.widget.LinearLayout[1]/android.widget.FrameLayout[1]/android.widget.RelativeLayout[1]/android.widget.RelativeLayout[1]/android.widget.RelativeLayout[1]/android.widget.RelativeLayout[2]
2016-09-22 11:24:31 sys_log : [INFO] 当前节点任务所属窗口是否就是当前窗口 -> false
2016-09-22 11:24:31 sys_log : [INFO] ad3ca97663e9229b0e997de8e50a06c1 >> 12a895dc873f608b436a52bdef1795c8, 窗口迁移至老窗口,获取到窗口任务列表 -> 13
2016-09-22 11:24:31 sys_log : [INFO] 任务栈已更新,现在还有17个任务待运行......
2016-09-22 11:24:31 sys_log : [INFO] [android.widget.RelativeLayout,,,com.alibaba.aliyun:id/close,2], ad3ca97663e9229b0e997de8e50a06c1 >> 开始执行节点任务......
2016-09-22 11:25:01 sys_log : [ERROR]   节点任务 -> [info = android.widget.RelativeLayout,,,com.alibaba.aliyun:id/close,2], NoSuchElementException, 弹出下一个节点任务, ad3ca97663e9229b0e997de8e50a06c1-120,75-240,219-//android.widget.FrameLayout[1]/android.widget.LinearLayout[1]/android.widget.FrameLayout[1]/android.widget.RelativeLayout[1]/android.widget.RelativeLayout[1]/android.widget.RelativeLayout[1]/android.widget.RelativeLayout[2]
2016-09-22 11:25:07 sys_log : [INFO] 报告主人,有1个节点任务出栈并加入黑名单 -> 现在还有16个任务待运行, [android.widget.RelativeLayout,,,com.alibaba.aliyun:id/item_1,1], 12a895dc873f608b436a52bdef1795c8-541,606-1080,840-//android.widget.FrameLayout[1]/android.widget.LinearLayout[1]/android.widget.FrameLayout[1]/android.widget.FrameLayout[1]/android.widget.FrameLayout[1]/android.widget.RelativeLayout[1]/android.widget.ScrollView[1]/android.widget.LinearLayout[1]/android.widget.RelativeLayout[2]/android.widget.RelativeLayout[1]/android.widget.RelativeLayout[2]
2016-09-22 11:25:08 sys_log : [INFO] 当前节点任务所属窗口是否就是当前窗口 -> true
2016-09-22 11:25:08 sys_log : [INFO] [android.widget.RelativeLayout,,,com.alibaba.aliyun:id/item_1,1], 12a895dc873f608b436a52bdef1795c8 >> 开始执行节点任务......
2016-09-22 11:25:09 sys_log : [INFO] click -> [info = android.widget.RelativeLayout,,,com.alibaba.aliyun:id/item_1,1], [depth = 1]12a895dc873f608b436a52bdef1795c8-541,606-1080,840-//android.widget.FrameLayout[1]/android.widget.LinearLayout[1]/android.widget.FrameLayout[1]/android.widget.FrameLayout[1]/android.widget.FrameLayout[1]/android.widget.RelativeLayout[1]/android.widget.ScrollView[1]/android.widget.LinearLayout[1]/android.widget.RelativeLayout[2]/android.widget.RelativeLayout[1]/android.widget.RelativeLayout[2]
2016-09-22 11:25:12 sys_log : [INFO] 报告主人,有1个节点任务出栈并加入黑名单 -> 现在还有15个任务待运行, [android.widget.ImageView,,,com.alibaba.aliyun:id/img_2,1], 12a895dc873f608b436a52bdef1795c8-48,877-252,937-//android.widget.FrameLayout[1]/android.widget.LinearLayout[1]/android.widget.FrameLayout[1]/android.widget.FrameLayout[1]/android.widget.FrameLayout[1]/android.widget.RelativeLayout[1]/android.widget.ScrollView[1]/android.widget.LinearLayout[1]/android.widget.RelativeLayout[2]/android.widget.RelativeLayout[1]/android.widget.LinearLayout[1]/android.widget.ImageView[1]
2016-09-22 11:25:13 sys_log : [INFO] 当前节点任务所属窗口是否就是当前窗口 -> false
2016-09-22 11:25:13 sys_log : [INFO] 12a895dc873f608b436a52bdef1795c8 >> 103faddd695e971381b74d5025845613, 窗口迁移至新窗口......
2016-09-22 11:25:13 sys_log : [INFO] 相同窗口执行次数 -> 0
2016-09-22 11:25:13 sys_log : [INFO] 9个新任务准备入栈......
2016-09-22 11:25:13 sys_log : [INFO] 9个新任务允许入栈......
2016-09-22 11:25:13 sys_log : [INFO] 任务栈已更新, 9个新任务允许入栈, 现在还有25个任务待运行......
2016-09-22 11:25:13 sys_log : [INFO] 任务栈已更新,现在还有24个任务待运行......
2016-09-22 11:25:13 sys_log : [INFO] [android.widget.RelativeLayout,,,com.alibaba.aliyun:id/rl_left_button,2], 103faddd695e971381b74d5025845613 >> 开始执行节点任务......
2016-09-22 11:25:14 sys_log : [INFO] click -> [info = android.widget.RelativeLayout,,,com.alibaba.aliyun:id/rl_left_button,2], [depth = 2]103faddd695e971381b74d5025845613-0,75-120,219-//android.widget.FrameLayout[1]/android.widget.LinearLayout[1]/android.widget.FrameLayout[1]/android.widget.RelativeLayout[1]/android.widget.RelativeLayout[1]/android.widget.RelativeLayout[1]/android.widget.RelativeLayout[1]
2016-09-22 11:25:19 sys_log : [INFO] 报告主人,有1个节点任务出栈并加入黑名单 -> 现在还有23个任务待运行, [android.widget.TextView,立即登录,,com.alibaba.aliyun:id/login,2], 103faddd695e971381b74d5025845613-444,558-636,623-//android.widget.FrameLayout[1]/android.widget.LinearLayout[1]/android.widget.FrameLayout[1]/android.widget.RelativeLayout[1]/android.widget.ScrollView[1]/android.widget.LinearLayout[1]/android.widget.RelativeLayout[1]/android.widget.TextView[1]
2016-09-22 11:25:21 sys_log : [INFO] 当前节点任务所属窗口是否就是当前窗口 -> false
2016-09-22 11:25:21 sys_log : [INFO] 103faddd695e971381b74d5025845613 >> 12a895dc873f608b436a52bdef1795c8, 窗口迁移至老窗口,获取到窗口任务列表 -> 12
2016-09-22 11:25:21 sys_log : [INFO] 任务栈已更新,现在还有23个任务待运行......
2016-09-22 11:25:21 sys_log : [INFO] [android.widget.TextView,立即登录,,com.alibaba.aliyun:id/login,2], 103faddd695e971381b74d5025845613 >> 开始执行节点任务......
2016-09-22 11:25:51 sys_log : [ERROR]   节点任务 -> [info = android.widget.TextView,立即登录,,com.alibaba.aliyun:id/login,2], NoSuchElementException, 弹出下一个节点任务, 103faddd695e971381b74d5025845613-444,558-636,623-//android.widget.FrameLayout[1]/android.widget.LinearLayout[1]/android.widget.FrameLayout[1]/android.widget.RelativeLayout[1]/android.widget.ScrollView[1]/android.widget.LinearLayout[1]/android.widget.RelativeLayout[1]/android.widget.TextView[1]
2016-09-22 11:25:57 sys_log : [INFO] 报告主人,有1个节点任务出栈并加入黑名单 -> 现在还有22个任务待运行, [android.widget.ImageView,,,com.alibaba.aliyun:id/img_2,1], 12a895dc873f608b436a52bdef1795c8-48,877-252,937-//android.widget.FrameLayout[1]/android.widget.LinearLayout[1]/android.widget.FrameLayout[1]/android.widget.FrameLayout[1]/android.widget.FrameLayout[1]/android.widget.RelativeLayout[1]/android.widget.ScrollView[1]/android.widget.LinearLayout[1]/android.widget.RelativeLayout[2]/android.widget.RelativeLayout[1]/android.widget.LinearLayout[1]/android.widget.ImageView[1]
2016-09-22 11:25:58 sys_log : [INFO] 当前节点任务所属窗口是否就是当前窗口 -> true
2016-09-22 11:25:58 sys_log : [INFO] [android.widget.ImageView,,,com.alibaba.aliyun:id/img_2,1], 12a895dc873f608b436a52bdef1795c8 >> 开始执行节点任务......
2016-09-22 11:25:58 sys_log : [INFO] click -> [info = android.widget.ImageView,,,com.alibaba.aliyun:id/img_2,1], [depth = 1]12a895dc873f608b436a52bdef1795c8-48,877-252,937-//android.widget.FrameLayout[1]/android.widget.LinearLayout[1]/android.widget.FrameLayout[1]/android.widget.FrameLayout[1]/android.widget.FrameLayout[1]/android.widget.RelativeLayout[1]/android.widget.ScrollView[1]/android.widget.LinearLayout[1]/android.widget.RelativeLayout[2]/android.widget.RelativeLayout[1]/android.widget.LinearLayout[1]/android.widget.ImageView[1]
2016-09-22 11:26:03 sys_log : [INFO] 报告主人,有1个节点任务出栈并加入黑名单 -> 现在还有21个任务待运行, [android.widget.TextView,更多,,com.alibaba.aliyun:id/cloudmarket_more,1], 12a895dc873f608b436a52bdef1795c8-930,1028-1002,1077-//android.widget.FrameLayout[1]/android.widget.LinearLayout[1]/android.widget.FrameLayout[1]/android.widget.FrameLayout[1]/android.widget.FrameLayout[1]/android.widget.RelativeLayout[1]/android.widget.ScrollView[1]/android.widget.LinearLayout[1]/android.widget.LinearLayout[1]/android.widget.LinearLayout[1]/android.widget.TextView[3]
2016-09-22 11:26:06 sys_log : [INFO] 当前节点任务所属窗口是否就是当前窗口 -> false
2016-09-22 11:26:06 sys_log : [INFO] 12a895dc873f608b436a52bdef1795c8 >> 9e4603d085c6691ae1be33b2b109ebd3, 窗口迁移至新窗口......
2016-09-22 11:26:06 sys_log : [INFO] 相同窗口执行次数 -> 0
2016-09-22 11:26:07 sys_log : [INFO] 3个新任务准备入栈......
2016-09-22 11:26:07 sys_log : [INFO] 3个新任务允许入栈......
2016-09-22 11:26:07 sys_log : [INFO] 任务栈已更新, 3个新任务允许入栈, 现在还有25个任务待运行......
2016-09-22 11:26:07 sys_log : [INFO] 任务栈已更新,现在还有24个任务待运行......
2016-09-22 11:26:07 sys_log : [INFO] [android.widget.RelativeLayout,,,com.alibaba.aliyun:id/rl_left_button,2], 9e4603d085c6691ae1be33b2b109ebd3 >> 开始执行节点任务......
2016-09-22 11:26:10 sys_log : [INFO] click -> [info = android.widget.RelativeLayout,,,com.alibaba.aliyun:id/rl_left_button,2], [depth = 2]9e4603d085c6691ae1be33b2b109ebd3-0,75-120,219-//android.widget.FrameLayout[1]/android.widget.LinearLayout[1]/android.widget.FrameLayout[1]/android.widget.RelativeLayout[1]/android.widget.RelativeLayout[1]/android.widget.RelativeLayout[1]/android.widget.RelativeLayout[1]
2016-09-22 11:26:14 sys_log : [INFO] 报告主人,有1个节点任务出栈并加入黑名单 -> 现在还有23个任务待运行, [android.widget.RelativeLayout,,,com.alibaba.aliyun:id/close,2], 9e4603d085c6691ae1be33b2b109ebd3-120,75-240,219-//android.widget.FrameLayout[1]/android.widget.LinearLayout[1]/android.widget.FrameLayout[1]/android.widget.RelativeLayout[1]/android.widget.RelativeLayout[1]/android.widget.RelativeLayout[1]/android.widget.RelativeLayout[2]
2016-09-22 11:26:16 sys_log : [INFO] 当前节点任务所属窗口是否就是当前窗口 -> false
2016-09-22 11:26:16 sys_log : [INFO] 9e4603d085c6691ae1be33b2b109ebd3 >> 12a895dc873f608b436a52bdef1795c8, 窗口迁移至老窗口,获取到窗口任务列表 -> 11
2016-09-22 11:26:16 sys_log : [INFO] 任务栈已更新,现在还有23个任务待运行......
2016-09-22 11:26:16 sys_log : [INFO] [android.widget.RelativeLayout,,,com.alibaba.aliyun:id/close,2], 9e4603d085c6691ae1be33b2b109ebd3 >> 开始执行节点任务......
2016-09-22 11:26:47 sys_log : [ERROR]   节点任务 -> [info = android.widget.RelativeLayout,,,com.alibaba.aliyun:id/close,2], NoSuchElementException, 弹出下一个节点任务, 9e4603d085c6691ae1be33b2b109ebd3-120,75-240,219-//android.widget.FrameLayout[1]/android.widget.LinearLayout[1]/android.widget.FrameLayout[1]/android.widget.RelativeLayout[1]/android.widget.RelativeLayout[1]/android.widget.RelativeLayout[1]/android.widget.RelativeLayout[2]
2016-09-22 11:26:53 sys_log : [INFO] 报告主人,有1个节点任务出栈并加入黑名单 -> 现在还有22个任务待运行, [android.widget.TextView,更多,,com.alibaba.aliyun:id/cloudmarket_more,1], 12a895dc873f608b436a52bdef1795c8-930,1028-1002,1077-//android.widget.FrameLayout[1]/android.widget.LinearLayout[1]/android.widget.FrameLayout[1]/android.widget.FrameLayout[1]/android.widget.FrameLayout[1]/android.widget.RelativeLayout[1]/android.widget.ScrollView[1]/android.widget.LinearLayout[1]/android.widget.LinearLayout[1]/android.widget.LinearLayout[1]/android.widget.TextView[3]
2016-09-22 11:26:55 sys_log : [INFO] 当前节点任务所属窗口是否就是当前窗口 -> true
2016-09-22 11:26:55 sys_log : [INFO] [android.widget.TextView,更多,,com.alibaba.aliyun:id/cloudmarket_more,1], 12a895dc873f608b436a52bdef1795c8 >> 开始执行节点任务......
2016-09-22 11:26:55 sys_log : [INFO] click -> [info = android.widget.TextView,更多,,com.alibaba.aliyun:id/cloudmarket_more,1], [depth = 1]12a895dc873f608b436a52bdef1795c8-930,1028-1002,1077-//android.widget.FrameLayout[1]/android.widget.LinearLayout[1]/android.widget.FrameLayout[1]/android.widget.FrameLayout[1]/android.widget.FrameLayout[1]/android.widget.RelativeLayout[1]/android.widget.ScrollView[1]/android.widget.LinearLayout[1]/android.widget.LinearLayout[1]/android.widget.LinearLayout[1]/android.widget.TextView[3]
2016-09-22 11:26:59 sys_log : [INFO] 报告主人,有1个节点任务出栈并加入黑名单 -> 现在还有21个任务待运行, [android.widget.RelativeLayout,,,com.alibaba.aliyun:id/pluginLayout,1], 12a895dc873f608b436a52bdef1795c8-0,1114-270,1453-//android.widget.FrameLayout[1]/android.widget.LinearLayout[1]/android.widget.FrameLayout[1]/android.widget.FrameLayout[1]/android.widget.FrameLayout[1]/android.widget.RelativeLayout[1]/android.widget.ScrollView[1]/android.widget.LinearLayout[1]/android.widget.LinearLayout[1]/android.widget.GridView[1]/android.widget.RelativeLayout[1]
2016-09-22 11:27:00 sys_log : [INFO] 当前节点任务所属窗口是否就是当前窗口 -> false
2016-09-22 11:27:00 sys_log : [INFO] 12a895dc873f608b436a52bdef1795c8 >> af0960f10f822e4def715e865af5b3e6, 窗口迁移至新窗口......
2016-09-22 11:27:00 sys_log : [INFO] 相同窗口执行次数 -> 0
2016-09-22 11:27:00 sys_log : [INFO] 4个新任务准备入栈......
2016-09-22 11:27:00 sys_log : [INFO] 4个新任务允许入栈......
2016-09-22 11:27:00 sys_log : [INFO] 任务栈已更新, 4个新任务允许入栈, 现在还有26个任务待运行......
2016-09-22 11:27:00 sys_log : [INFO] 任务栈已更新,现在还有25个任务待运行......
2016-09-22 11:27:00 sys_log : [INFO] [android.widget.RelativeLayout,,,com.alibaba.aliyun:id/rl_left_button,2], af0960f10f822e4def715e865af5b3e6 >> 开始执行节点任务......
2016-09-22 11:27:01 sys_log : [INFO] click -> [info = android.widget.RelativeLayout,,,com.alibaba.aliyun:id/rl_left_button,2], [depth = 2]af0960f10f822e4def715e865af5b3e6-0,75-120,219-//android.widget.FrameLayout[1]/android.widget.LinearLayout[1]/android.widget.FrameLayout[1]/android.widget.RelativeLayout[1]/android.widget.RelativeLayout[1]/android.widget.RelativeLayout[1]/android.widget.RelativeLayout[1]
2016-09-22 11:27:05 sys_log : [INFO] 报告主人,有1个节点任务出栈并加入黑名单 -> 现在还有24个任务待运行, [android.widget.RelativeLayout,,,com.alibaba.aliyun:id/close,2], af0960f10f822e4def715e865af5b3e6-120,75-240,219-//android.widget.FrameLayout[1]/android.widget.LinearLayout[1]/android.widget.FrameLayout[1]/android.widget.RelativeLayout[1]/android.widget.RelativeLayout[1]/android.widget.RelativeLayout[1]/android.widget.RelativeLayout[2]
2016-09-22 11:27:06 sys_log : [INFO] 当前节点任务所属窗口是否就是当前窗口 -> false
2016-09-22 11:27:06 sys_log : [INFO] af0960f10f822e4def715e865af5b3e6 >> 12a895dc873f608b436a52bdef1795c8, 窗口迁移至老窗口,获取到窗口任务列表 -> 10
2016-09-22 11:27:06 sys_log : [INFO] 任务栈已更新,现在还有24个任务待运行......
2016-09-22 11:27:06 sys_log : [INFO] [android.widget.RelativeLayout,,,com.alibaba.aliyun:id/close,2], af0960f10f822e4def715e865af5b3e6 >> 开始执行节点任务......
2016-09-22 11:27:36 sys_log : [ERROR]   节点任务 -> [info = android.widget.RelativeLayout,,,com.alibaba.aliyun:id/close,2], NoSuchElementException, 弹出下一个节点任务, af0960f10f822e4def715e865af5b3e6-120,75-240,219-//android.widget.FrameLayout[1]/android.widget.LinearLayout[1]/android.widget.FrameLayout[1]/android.widget.RelativeLayout[1]/android.widget.RelativeLayout[1]/android.widget.RelativeLayout[1]/android.widget.RelativeLayout[2]
2016-09-22 11:27:42 sys_log : [INFO] 报告主人,有1个节点任务出栈并加入黑名单 -> 现在还有23个任务待运行, [android.widget.RelativeLayout,,,com.alibaba.aliyun:id/pluginLayout,1], 12a895dc873f608b436a52bdef1795c8-0,1114-270,1453-//android.widget.FrameLayout[1]/android.widget.LinearLayout[1]/android.widget.FrameLayout[1]/android.widget.FrameLayout[1]/android.widget.FrameLayout[1]/android.widget.RelativeLayout[1]/android.widget.ScrollView[1]/android.widget.LinearLayout[1]/android.widget.LinearLayout[1]/android.widget.GridView[1]/android.widget.RelativeLayout[1]
2016-09-22 11:27:43 sys_log : [INFO] 当前节点任务所属窗口是否就是当前窗口 -> true
2016-09-22 11:27:43 sys_log : [INFO] [android.widget.RelativeLayout,,,com.alibaba.aliyun:id/pluginLayout,1], 12a895dc873f608b436a52bdef1795c8 >> 开始执行节点任务......
2016-09-22 11:27:44 sys_log : [INFO] click -> [info = android.widget.RelativeLayout,,,com.alibaba.aliyun:id/pluginLayout,1], [depth = 1]12a895dc873f608b436a52bdef1795c8-0,1114-270,1453-//android.widget.FrameLayout[1]/android.widget.LinearLayout[1]/android.widget.FrameLayout[1]/android.widget.FrameLayout[1]/android.widget.FrameLayout[1]/android.widget.RelativeLayout[1]/android.widget.ScrollView[1]/android.widget.LinearLayout[1]/android.widget.LinearLayout[1]/android.widget.GridView[1]/android.widget.RelativeLayout[1]
2016-09-22 11:27:47 sys_log : [INFO] 报告主人,有1个节点任务出栈并加入黑名单 -> 现在还有22个任务待运行, [android.widget.RelativeLayout,,,com.alibaba.aliyun:id/pluginLayout,1], 12a895dc873f608b436a52bdef1795c8-270,1114-540,1453-//android.widget.FrameLayout[1]/android.widget.LinearLayout[1]/android.widget.FrameLayout[1]/android.widget.FrameLayout[1]/android.widget.FrameLayout[1]/android.widget.RelativeLayout[1]/android.widget.ScrollView[1]/android.widget.LinearLayout[1]/android.widget.LinearLayout[1]/android.widget.GridView[1]/android.widget.RelativeLayout[2]
2016-09-22 11:27:49 sys_log : [INFO] 当前节点任务所属窗口是否就是当前窗口 -> false
2016-09-22 11:27:49 sys_log : [INFO] 12a895dc873f608b436a52bdef1795c8 >> 8aa1591ad8f667e21bb507a9fef7b9fb, 窗口迁移至新窗口......
2016-09-22 11:27:49 sys_log : [INFO] 相同窗口执行次数 -> 0
2016-09-22 11:27:49 sys_log : [INFO] 4个新任务准备入栈......
2016-09-22 11:27:49 sys_log : [INFO] 4个新任务允许入栈......
2016-09-22 11:27:49 sys_log : [INFO] 任务栈已更新, 4个新任务允许入栈, 现在还有27个任务待运行......
2016-09-22 11:27:49 sys_log : [INFO] 任务栈已更新,现在还有26个任务待运行......
2016-09-22 11:27:49 sys_log : [INFO] [android.widget.RelativeLayout,,,com.alibaba.aliyun:id/rl_left_button,2], 8aa1591ad8f667e21bb507a9fef7b9fb >> 开始执行节点任务......
2016-09-22 11:27:49 sys_log : [INFO] click -> [info = android.widget.RelativeLayout,,,com.alibaba.aliyun:id/rl_left_button,2], [depth = 2]8aa1591ad8f667e21bb507a9fef7b9fb-0,75-120,219-//android.widget.FrameLayout[1]/android.widget.LinearLayout[1]/android.widget.FrameLayout[1]/android.widget.RelativeLayout[1]/android.widget.RelativeLayout[1]/android.widget.RelativeLayout[1]/android.widget.RelativeLayout[1]
2016-09-22 11:27:54 sys_log : [INFO] 报告主人,有1个节点任务出栈并加入黑名单 -> 现在还有25个任务待运行, [android.widget.RelativeLayout,,,com.alibaba.aliyun:id/close,2], 8aa1591ad8f667e21bb507a9fef7b9fb-120,75-240,219-//android.widget.FrameLayout[1]/android.widget.LinearLayout[1]/android.widget.FrameLayout[1]/android.widget.RelativeLayout[1]/android.widget.RelativeLayout[1]/android.widget.RelativeLayout[1]/android.widget.RelativeLayout[2]
2016-09-22 11:27:56 sys_log : [INFO] 当前节点任务所属窗口是否就是当前窗口 -> false
2016-09-22 11:27:56 sys_log : [INFO] 8aa1591ad8f667e21bb507a9fef7b9fb >> 12a895dc873f608b436a52bdef1795c8, 窗口迁移至老窗口,获取到窗口任务列表 -> 9
2016-09-22 11:27:56 sys_log : [INFO] 任务栈已更新,现在还有25个任务待运行......
2016-09-22 11:27:56 sys_log : [INFO] [android.widget.RelativeLayout,,,com.alibaba.aliyun:id/close,2], 8aa1591ad8f667e21bb507a9fef7b9fb >> 开始执行节点任务......
2016-09-22 11:28:27 sys_log : [ERROR]   节点任务 -> [info = android.widget.RelativeLayout,,,com.alibaba.aliyun:id/close,2], NoSuchElementException, 弹出下一个节点任务, 8aa1591ad8f667e21bb507a9fef7b9fb-120,75-240,219-//android.widget.FrameLayout[1]/android.widget.LinearLayout[1]/android.widget.FrameLayout[1]/android.widget.RelativeLayout[1]/android.widget.RelativeLayout[1]/android.widget.RelativeLayout[1]/android.widget.RelativeLayout[2]
2016-09-22 11:28:33 sys_log : [INFO] 报告主人,有1个节点任务出栈并加入黑名单 -> 现在还有24个任务待运行, [android.widget.RelativeLayout,,,com.alibaba.aliyun:id/pluginLayout,1], 12a895dc873f608b436a52bdef1795c8-270,1114-540,1453-//android.widget.FrameLayout[1]/android.widget.LinearLayout[1]/android.widget.FrameLayout[1]/android.widget.FrameLayout[1]/android.widget.FrameLayout[1]/android.widget.RelativeLayout[1]/android.widget.ScrollView[1]/android.widget.LinearLayout[1]/android.widget.LinearLayout[1]/android.widget.GridView[1]/android.widget.RelativeLayout[2]
2016-09-22 11:28:34 sys_log : [INFO] 当前节点任务所属窗口是否就是当前窗口 -> true
2016-09-22 11:28:34 sys_log : [INFO] [android.widget.RelativeLayout,,,com.alibaba.aliyun:id/pluginLayout,1], 12a895dc873f608b436a52bdef1795c8 >> 开始执行节点任务......
2016-09-22 11:28:34 sys_log : [INFO] click -> [info = android.widget.RelativeLayout,,,com.alibaba.aliyun:id/pluginLayout,1], [depth = 1]12a895dc873f608b436a52bdef1795c8-270,1114-540,1453-//android.widget.FrameLayout[1]/android.widget.LinearLayout[1]/android.widget.FrameLayout[1]/android.widget.FrameLayout[1]/android.widget.FrameLayout[1]/android.widget.RelativeLayout[1]/android.widget.ScrollView[1]/android.widget.LinearLayout[1]/android.widget.LinearLayout[1]/android.widget.GridView[1]/android.widget.RelativeLayout[2]
2016-09-22 11:28:38 sys_log : [INFO] 报告主人,有1个节点任务出栈并加入黑名单 -> 现在还有23个任务待运行, [android.widget.RelativeLayout,,,com.alibaba.aliyun:id/pluginLayout,1], 12a895dc873f608b436a52bdef1795c8-540,1114-810,1453-//android.widget.FrameLayout[1]/android.widget.LinearLayout[1]/android.widget.FrameLayout[1]/android.widget.FrameLayout[1]/android.widget.FrameLayout[1]/android.widget.RelativeLayout[1]/android.widget.ScrollView[1]/android.widget.LinearLayout[1]/android.widget.LinearLayout[1]/android.widget.GridView[1]/android.widget.RelativeLayout[3]
2016-09-22 11:28:40 sys_log : [INFO] 当前节点任务所属窗口是否就是当前窗口 -> false
2016-09-22 11:28:40 sys_log : [INFO] 12a895dc873f608b436a52bdef1795c8 >> d0ad35234f0d94c77f0494190ad2c294, 窗口迁移至新窗口......
2016-09-22 11:28:40 sys_log : [INFO] 相同窗口执行次数 -> 0
2016-09-22 11:28:41 sys_log : [INFO] 3个新任务准备入栈......
2016-09-22 11:28:41 sys_log : [INFO] 3个新任务允许入栈......
2016-09-22 11:28:41 sys_log : [INFO] 任务栈已更新, 3个新任务允许入栈, 现在还有27个任务待运行......
2016-09-22 11:28:41 sys_log : [INFO] 任务栈已更新,现在还有26个任务待运行......
2016-09-22 11:28:41 sys_log : [INFO] [android.widget.RelativeLayout,,,com.alibaba.aliyun:id/rl_left_button,2], d0ad35234f0d94c77f0494190ad2c294 >> 开始执行节点任务......
2016-09-22 11:28:41 sys_log : [INFO] click -> [info = android.widget.RelativeLayout,,,com.alibaba.aliyun:id/rl_left_button,2], [depth = 2]d0ad35234f0d94c77f0494190ad2c294-0,75-120,219-//android.widget.FrameLayout[1]/android.widget.LinearLayout[1]/android.widget.FrameLayout[1]/android.widget.RelativeLayout[1]/android.widget.RelativeLayout[1]/android.widget.RelativeLayout[1]/android.widget.RelativeLayout[1]
