2016-09-19 10:22:03 sys_log : [INFO] ########################### 开始执行探索性遍历测试 ###########################
2016-09-19 10:22:03 sys_log : [INFO] []>> 初始窗口ID为......a166ff947e4c0ef49e716cbd42450d37
2016-09-19 10:22:03 sys_log : [INFO] 报告主人,有1个节点任务出栈并加入黑名单 -> 现在还有9个任务待运行, [android.widget.LinearLayout,,,,1], a166ff947e4c0ef49e716cbd42450d37-0,219-1080,398-//android.widget.FrameLayout[1]/android.view.View[1]/android.widget.FrameLayout[2]/android.widget.LinearLayout[1]/android.widget.ListView[1]/android.widget.LinearLayout[1]
2016-09-19 10:22:04 sys_log : [INFO] 当前节点任务所属窗口是否就是当前窗口 -> true
2016-09-19 10:22:04 sys_log : [INFO] [android.widget.LinearLayout,,,,1], a166ff947e4c0ef49e716cbd42450d37 >> 开始执行节点任务......
2016-09-19 10:22:04 sys_log : [INFO] click -> [info = android.widget.LinearLayout,,,,1], [depth = 1]a166ff947e4c0ef49e716cbd42450d37-0,219-1080,398-//android.widget.FrameLayout[1]/android.view.View[1]/android.widget.FrameLayout[2]/android.widget.LinearLayout[1]/android.widget.ListView[1]/android.widget.LinearLayout[1]
2016-09-19 10:22:09 sys_log : [INFO] []>> 当前窗口ID为......a166ff947e4c0ef49e716cbd42450d37
2016-09-19 10:22:09 sys_log : [INFO] 报告主人,有1个节点任务出栈并加入黑名单 -> 现在还有8个任务待运行, [android.widget.LinearLayout,,,,1], a166ff947e4c0ef49e716cbd42450d37-0,400-1080,579-//android.widget.FrameLayout[1]/android.view.View[1]/android.widget.FrameLayout[2]/android.widget.LinearLayout[1]/android.widget.ListView[1]/android.widget.LinearLayout[2]
2016-09-19 10:22:10 sys_log : [INFO] 当前节点任务所属窗口是否就是当前窗口 -> true
2016-09-19 10:22:10 sys_log : [INFO] [android.widget.LinearLayout,,,,1], a166ff947e4c0ef49e716cbd42450d37 >> 开始执行节点任务......
2016-09-19 10:22:41 sys_log : [ERROR]   节点任务 -> [info = android.widget.LinearLayout,,,,1], NoSuchElementException, 弹出下一个节点任务, a166ff947e4c0ef49e716cbd42450d37-0,400-1080,579-//android.widget.FrameLayout[1]/android.view.View[1]/android.widget.FrameLayout[2]/android.widget.LinearLayout[1]/android.widget.ListView[1]/android.widget.LinearLayout[2]
2016-09-19 10:22:51 sys_log : [INFO] 报告主人,有1个节点任务出栈并加入黑名单 -> 现在还有7个任务待运行, [android.widget.LinearLayout,,,,1], a166ff947e4c0ef49e716cbd42450d37-0,581-1080,760-//android.widget.FrameLayout[1]/android.view.View[1]/android.widget.FrameLayout[2]/android.widget.LinearLayout[1]/android.widget.ListView[1]/android.widget.LinearLayout[3]
2016-09-19 10:22:51 sys_log : [INFO] 当前节点任务所属窗口是否就是当前窗口 -> true
2016-09-19 10:22:51 sys_log : [INFO] [android.widget.LinearLayout,,,,1], a166ff947e4c0ef49e716cbd42450d37 >> 开始执行节点任务......
2016-09-19 10:23:22 sys_log : [ERROR]   节点任务 -> [info = android.widget.LinearLayout,,,,1], NoSuchElementException, 弹出下一个节点任务, a166ff947e4c0ef49e716cbd42450d37-0,581-1080,760-//android.widget.FrameLayout[1]/android.view.View[1]/android.widget.FrameLayout[2]/android.widget.LinearLayout[1]/android.widget.ListView[1]/android.widget.LinearLayout[3]
2016-09-19 10:23:32 sys_log : [INFO] 报告主人,有1个节点任务出栈并加入黑名单 -> 现在还有6个任务待运行, [android.widget.LinearLayout,,,,1], a166ff947e4c0ef49e716cbd42450d37-0,762-1080,941-//android.widget.FrameLayout[1]/android.view.View[1]/android.widget.FrameLayout[2]/android.widget.LinearLayout[1]/android.widget.ListView[1]/android.widget.LinearLayout[4]
2016-09-19 10:23:32 sys_log : [INFO] 当前节点任务所属窗口是否就是当前窗口 -> true
2016-09-19 10:23:32 sys_log : [INFO] [android.widget.LinearLayout,,,,1], a166ff947e4c0ef49e716cbd42450d37 >> 开始执行节点任务......
2016-09-19 10:24:03 sys_log : [ERROR]   节点任务 -> [info = android.widget.LinearLayout,,,,1], NoSuchElementException, 弹出下一个节点任务, a166ff947e4c0ef49e716cbd42450d37-0,762-1080,941-//android.widget.FrameLayout[1]/android.view.View[1]/android.widget.FrameLayout[2]/android.widget.LinearLayout[1]/android.widget.ListView[1]/android.widget.LinearLayout[4]
2016-09-19 10:24:13 sys_log : [INFO] 报告主人,有1个节点任务出栈并加入黑名单 -> 现在还有5个任务待运行, [android.widget.LinearLayout,,,,1], a166ff947e4c0ef49e716cbd42450d37-0,943-1080,1122-//android.widget.FrameLayout[1]/android.view.View[1]/android.widget.FrameLayout[2]/android.widget.LinearLayout[1]/android.widget.ListView[1]/android.widget.LinearLayout[5]
2016-09-19 10:24:14 sys_log : [INFO] 当前节点任务所属窗口是否就是当前窗口 -> true
2016-09-19 10:24:14 sys_log : [INFO] [android.widget.LinearLayout,,,,1], a166ff947e4c0ef49e716cbd42450d37 >> 开始执行节点任务......
2016-09-19 10:24:44 sys_log : [ERROR]   节点任务 -> [info = android.widget.LinearLayout,,,,1], NoSuchElementException, 弹出下一个节点任务, a166ff947e4c0ef49e716cbd42450d37-0,943-1080,1122-//android.widget.FrameLayout[1]/android.view.View[1]/android.widget.FrameLayout[2]/android.widget.LinearLayout[1]/android.widget.ListView[1]/android.widget.LinearLayout[5]
2016-09-19 10:24:54 sys_log : [INFO] 报告主人,有1个节点任务出栈并加入黑名单 -> 现在还有4个任务待运行, [android.widget.LinearLayout,,,,1], a166ff947e4c0ef49e716cbd42450d37-0,1124-1080,1303-//android.widget.FrameLayout[1]/android.view.View[1]/android.widget.FrameLayout[2]/android.widget.LinearLayout[1]/android.widget.ListView[1]/android.widget.LinearLayout[6]
