2016-09-23 14:55:49 sys_log : [INFO] ########################### 开始执行探索性遍历测试 ###########################
2016-09-23 14:55:49 sys_log : [INFO] 报告主人,有1个节点任务出栈并加入黑名单 -> 现在还有20个任务待运行, [android.widget.ImageView,,,com.alibaba.aliyun:id/common_right_button,1], 887f223cae924d5f36e08ec31f717a0e-960,111-1032,183-//android.widget.FrameLayout[1]/android.widget.LinearLayout[1]/android.widget.FrameLayout[1]/android.widget.FrameLayout[1]/android.widget.FrameLayout[1]/android.widget.RelativeLayout[1]/android.widget.RelativeLayout[1]/android.widget.RelativeLayout[1]/android.widget.RelativeLayout[2]/android.widget.ImageView[1]
2016-09-23 14:55:51 sys_log : [INFO] 当前节点任务所属窗口是否就是当前窗口 -> true
2016-09-23 14:55:51 sys_log : [INFO] [android.widget.ImageView,,,com.alibaba.aliyun:id/common_right_button,1], 887f223cae924d5f36e08ec31f717a0e >> 开始执行节点任务......
2016-09-23 14:55:51 sys_log : [INFO] click -> [info = android.widget.ImageView,,,com.alibaba.aliyun:id/common_right_button,1], [depth = 1]887f223cae924d5f36e08ec31f717a0e-960,111-1032,183-//android.widget.FrameLayout[1]/android.widget.LinearLayout[1]/android.widget.FrameLayout[1]/android.widget.FrameLayout[1]/android.widget.FrameLayout[1]/android.widget.RelativeLayout[1]/android.widget.RelativeLayout[1]/android.widget.RelativeLayout[1]/android.widget.RelativeLayout[2]/android.widget.ImageView[1]
2016-09-23 14:55:54 sys_log : [INFO] 报告主人,有1个节点任务出栈并加入黑名单 -> 现在还有19个任务待运行, [android.widget.ImageView,,,com.alibaba.aliyun:id/scan,1], 887f223cae924d5f36e08ec31f717a0e-48,114-114,180-//android.widget.FrameLayout[1]/android.widget.LinearLayout[1]/android.widget.FrameLayout[1]/android.widget.FrameLayout[1]/android.widget.FrameLayout[1]/android.widget.RelativeLayout[1]/android.widget.ImageView[1]
2016-09-23 14:55:55 sys_log : [INFO] 当前节点任务所属窗口是否就是当前窗口 -> false
2016-09-23 14:55:55 sys_log : [INFO] 887f223cae924d5f36e08ec31f717a0e >> d797a4d51ab14add2eb5dbcb7a2cef96, 窗口迁移至新窗口......
2016-09-23 14:55:55 sys_log : [INFO] 相同窗口执行次数 -> 0
2016-09-23 14:55:56 sys_log : [INFO] 8个新任务准备入栈......
2016-09-23 14:55:56 sys_log : [INFO] 8个新任务允许入栈......
2016-09-23 14:55:56 sys_log : [INFO] 任务栈已更新, 8个新任务允许入栈, 现在还有28个任务待运行......
2016-09-23 14:55:56 sys_log : [INFO] 任务栈已更新,现在还有27个任务待运行......
2016-09-23 14:55:56 sys_log : [INFO] [android.widget.RelativeLayout,,,com.alibaba.aliyun:id/rl_left_button,2], d797a4d51ab14add2eb5dbcb7a2cef96 >> 开始执行节点任务......
2016-09-23 14:55:56 sys_log : [INFO] click -> [info = android.widget.RelativeLayout,,,com.alibaba.aliyun:id/rl_left_button,2], [depth = 2]d797a4d51ab14add2eb5dbcb7a2cef96-0,75-120,219-//android.widget.FrameLayout[1]/android.widget.LinearLayout[1]/android.widget.FrameLayout[1]/android.widget.LinearLayout[1]/android.widget.RelativeLayout[1]/android.widget.RelativeLayout[1]/android.widget.RelativeLayout[1]
2016-09-23 14:56:00 sys_log : [INFO] 报告主人,有1个节点任务出栈并加入黑名单 -> 现在还有26个任务待运行, [android.widget.RelativeLayout,,,com.alibaba.aliyun:id/sessionItemContainer,2], d797a4d51ab14add2eb5dbcb7a2cef96-0,220-1080,436-//android.widget.FrameLayout[1]/android.widget.LinearLayout[1]/android.widget.FrameLayout[1]/android.widget.LinearLayout[1]/android.widget.ViewFlipper[1]/android.widget.LinearLayout[1]/android.widget.FrameLayout[1]/android.widget.ListView[1]/android.widget.RelativeLayout[1]
2016-09-23 14:56:01 sys_log : [INFO] 当前节点任务所属窗口是否就是当前窗口 -> false
2016-09-23 14:56:01 sys_log : [INFO] d797a4d51ab14add2eb5dbcb7a2cef96 >> 887f223cae924d5f36e08ec31f717a0e, 窗口迁移至老窗口,获取到窗口任务列表 -> 20
2016-09-23 14:56:01 sys_log : [INFO] 任务栈已更新,现在还有26个任务待运行......
2016-09-23 14:56:01 sys_log : [INFO] [android.widget.RelativeLayout,,,com.alibaba.aliyun:id/sessionItemContainer,2], d797a4d51ab14add2eb5dbcb7a2cef96 >> 开始执行节点任务......
2016-09-23 14:56:31 sys_log : [ERROR]   节点任务 -> [info = android.widget.RelativeLayout,,,com.alibaba.aliyun:id/sessionItemContainer,2], NoSuchElementException, 弹出下一个节点任务, d797a4d51ab14add2eb5dbcb7a2cef96-0,220-1080,436-//android.widget.FrameLayout[1]/android.widget.LinearLayout[1]/android.widget.FrameLayout[1]/android.widget.LinearLayout[1]/android.widget.ViewFlipper[1]/android.widget.LinearLayout[1]/android.widget.FrameLayout[1]/android.widget.ListView[1]/android.widget.RelativeLayout[1]
2016-09-23 14:56:34 sys_log : [INFO] 报告主人,有1个节点任务出栈并加入黑名单 -> 现在还有25个任务待运行, [android.widget.ImageView,,,com.alibaba.aliyun:id/scan,1], 887f223cae924d5f36e08ec31f717a0e-48,114-114,180-//android.widget.FrameLayout[1]/android.widget.LinearLayout[1]/android.widget.FrameLayout[1]/android.widget.FrameLayout[1]/android.widget.FrameLayout[1]/android.widget.RelativeLayout[1]/android.widget.ImageView[1]
2016-09-23 14:56:36 sys_log : [INFO] 当前节点任务所属窗口是否就是当前窗口 -> true
2016-09-23 14:56:36 sys_log : [INFO] [android.widget.ImageView,,,com.alibaba.aliyun:id/scan,1], 887f223cae924d5f36e08ec31f717a0e >> 开始执行节点任务......
2016-09-23 14:56:36 sys_log : [INFO] click -> [info = android.widget.ImageView,,,com.alibaba.aliyun:id/scan,1], [depth = 1]887f223cae924d5f36e08ec31f717a0e-48,114-114,180-//android.widget.FrameLayout[1]/android.widget.LinearLayout[1]/android.widget.FrameLayout[1]/android.widget.FrameLayout[1]/android.widget.FrameLayout[1]/android.widget.RelativeLayout[1]/android.widget.ImageView[1]
2016-09-23 14:56:41 sys_log : [INFO] 报告主人,有1个节点任务出栈并加入黑名单 -> 现在还有24个任务待运行, [android.widget.ImageView,,,com.alibaba.aliyun:id/message_button,1], 887f223cae924d5f36e08ec31f717a0e-966,114-1032,180-//android.widget.FrameLayout[1]/android.widget.LinearLayout[1]/android.widget.FrameLayout[1]/android.widget.FrameLayout[1]/android.widget.FrameLayout[1]/android.widget.RelativeLayout[1]/android.widget.ImageView[2]
2016-09-23 14:56:42 sys_log : [INFO] 当前节点任务所属窗口是否就是当前窗口 -> true
2016-09-23 14:56:42 sys_log : [INFO] [android.widget.ImageView,,,com.alibaba.aliyun:id/message_button,1], 887f223cae924d5f36e08ec31f717a0e >> 开始执行节点任务......
2016-09-23 14:56:43 sys_log : [INFO] click -> [info = android.widget.ImageView,,,com.alibaba.aliyun:id/message_button,1], [depth = 1]887f223cae924d5f36e08ec31f717a0e-966,114-1032,180-//android.widget.FrameLayout[1]/android.widget.LinearLayout[1]/android.widget.FrameLayout[1]/android.widget.FrameLayout[1]/android.widget.FrameLayout[1]/android.widget.RelativeLayout[1]/android.widget.ImageView[2]
2016-09-23 14:56:46 sys_log : [INFO] 报告主人,有1个节点任务出栈并加入黑名单 -> 现在还有23个任务待运行, [android.widget.RelativeLayout,,,com.alibaba.aliyun:id/pluginLayout,1], 887f223cae924d5f36e08ec31f717a0e-0,219-270,534-//android.widget.FrameLayout[1]/android.widget.LinearLayout[1]/android.widget.FrameLayout[1]/android.widget.FrameLayout[1]/android.widget.FrameLayout[1]/android.widget.RelativeLayout[1]/android.widget.ScrollView[1]/android.widget.LinearLayout[1]/android.support.v7.widget.RecyclerView[1]/android.widget.RelativeLayout[1]
2016-09-23 14:56:47 sys_log : [INFO] 当前节点任务所属窗口是否就是当前窗口 -> false
2016-09-23 14:56:47 sys_log : [INFO] 887f223cae924d5f36e08ec31f717a0e >> d797a4d51ab14add2eb5dbcb7a2cef96, 窗口迁移至老窗口,获取到窗口任务列表 -> 6
2016-09-23 14:56:47 sys_log : [INFO] 任务栈已更新,现在还有23个任务待运行......
2016-09-23 14:56:47 sys_log : [INFO] [android.widget.RelativeLayout,,,com.alibaba.aliyun:id/pluginLayout,1], 887f223cae924d5f36e08ec31f717a0e >> 开始执行节点任务......
2016-09-23 14:57:18 sys_log : [ERROR]   节点任务 -> [info = android.widget.RelativeLayout,,,com.alibaba.aliyun:id/pluginLayout,1], NoSuchElementException, 弹出下一个节点任务, 887f223cae924d5f36e08ec31f717a0e-0,219-270,534-//android.widget.FrameLayout[1]/android.widget.LinearLayout[1]/android.widget.FrameLayout[1]/android.widget.FrameLayout[1]/android.widget.FrameLayout[1]/android.widget.RelativeLayout[1]/android.widget.ScrollView[1]/android.widget.LinearLayout[1]/android.support.v7.widget.RecyclerView[1]/android.widget.RelativeLayout[1]
2016-09-23 14:57:21 sys_log : [INFO] 报告主人,有1个节点任务出栈并加入黑名单 -> 现在还有22个任务待运行, [android.widget.RelativeLayout,,,com.alibaba.aliyun:id/sessionItemContainer,2], d797a4d51ab14add2eb5dbcb7a2cef96-0,437-1080,653-//android.widget.FrameLayout[1]/android.widget.LinearLayout[1]/android.widget.FrameLayout[1]/android.widget.LinearLayout[1]/android.widget.ViewFlipper[1]/android.widget.LinearLayout[1]/android.widget.FrameLayout[1]/android.widget.ListView[1]/android.widget.RelativeLayout[2]
2016-09-23 14:57:22 sys_log : [INFO] 当前节点任务所属窗口是否就是当前窗口 -> true
2016-09-23 14:57:22 sys_log : [INFO] [android.widget.RelativeLayout,,,com.alibaba.aliyun:id/sessionItemContainer,2], d797a4d51ab14add2eb5dbcb7a2cef96 >> 开始执行节点任务......
2016-09-23 14:57:22 sys_log : [INFO] click -> [info = android.widget.RelativeLayout,,,com.alibaba.aliyun:id/sessionItemContainer,2], [depth = 2]d797a4d51ab14add2eb5dbcb7a2cef96-0,437-1080,653-//android.widget.FrameLayout[1]/android.widget.LinearLayout[1]/android.widget.FrameLayout[1]/android.widget.LinearLayout[1]/android.widget.ViewFlipper[1]/android.widget.LinearLayout[1]/android.widget.FrameLayout[1]/android.widget.ListView[1]/android.widget.RelativeLayout[2]
2016-09-23 14:57:25 sys_log : [INFO] 报告主人,有1个节点任务出栈并加入黑名单 -> 现在还有21个任务待运行, [android.widget.RelativeLayout,,,com.alibaba.aliyun:id/sessionItemContainer,2], d797a4d51ab14add2eb5dbcb7a2cef96-0,654-1080,870-//android.widget.FrameLayout[1]/android.widget.LinearLayout[1]/android.widget.FrameLayout[1]/android.widget.LinearLayout[1]/android.widget.ViewFlipper[1]/android.widget.LinearLayout[1]/android.widget.FrameLayout[1]/android.widget.ListView[1]/android.widget.RelativeLayout[3]
2016-09-23 14:57:26 sys_log : [INFO] 当前节点任务所属窗口是否就是当前窗口 -> false
2016-09-23 14:57:26 sys_log : [INFO] d797a4d51ab14add2eb5dbcb7a2cef96 >> 2c020f552fc2b30f636aee8fd5b88e39, 窗口迁移至新窗口......
2016-09-23 14:57:26 sys_log : [INFO] 相同窗口执行次数 -> 0
2016-09-23 14:57:26 sys_log : [INFO] [android.widget.RelativeLayout,,,com.alibaba.aliyun:id/sessionItemContainer,2], d797a4d51ab14add2eb5dbcb7a2cef96 >> 2c020f552fc2b30f636aee8fd5b88e39, 窗口虽然发生迁移,但已达到最大遍历深度 -> 2, 点击返回......
2016-09-23 14:57:31 sys_log : [INFO] [android.widget.RelativeLayout,,,com.alibaba.aliyun:id/sessionItemContainer,2], d797a4d51ab14add2eb5dbcb7a2cef96 >> 开始执行节点任务......
2016-09-23 14:57:31 sys_log : [INFO] click -> [info = android.widget.RelativeLayout,,,com.alibaba.aliyun:id/sessionItemContainer,2], [depth = 2]d797a4d51ab14add2eb5dbcb7a2cef96-0,654-1080,870-//android.widget.FrameLayout[1]/android.widget.LinearLayout[1]/android.widget.FrameLayout[1]/android.widget.LinearLayout[1]/android.widget.ViewFlipper[1]/android.widget.LinearLayout[1]/android.widget.FrameLayout[1]/android.widget.ListView[1]/android.widget.RelativeLayout[3]
2016-09-23 14:57:34 sys_log : [INFO] 报告主人,有1个节点任务出栈并加入黑名单 -> 现在还有20个任务待运行, [android.widget.RelativeLayout,,,com.alibaba.aliyun:id/sessionItemContainer,2], d797a4d51ab14add2eb5dbcb7a2cef96-0,871-1080,1087-//android.widget.FrameLayout[1]/android.widget.LinearLayout[1]/android.widget.FrameLayout[1]/android.widget.LinearLayout[1]/android.widget.ViewFlipper[1]/android.widget.LinearLayout[1]/android.widget.FrameLayout[1]/android.widget.ListView[1]/android.widget.RelativeLayout[4]
2016-09-23 14:57:35 sys_log : [INFO] 当前节点任务所属窗口是否就是当前窗口 -> false
2016-09-23 14:57:35 sys_log : [INFO] d797a4d51ab14add2eb5dbcb7a2cef96 >> f0aa64d522ca2ee29d5e21c141b4c28e, 窗口迁移至新窗口......
2016-09-23 14:57:35 sys_log : [INFO] 相同窗口执行次数 -> 0
2016-09-23 14:57:35 sys_log : [INFO] [android.widget.RelativeLayout,,,com.alibaba.aliyun:id/sessionItemContainer,2], d797a4d51ab14add2eb5dbcb7a2cef96 >> f0aa64d522ca2ee29d5e21c141b4c28e, 窗口虽然发生迁移,但已达到最大遍历深度 -> 2, 点击返回......
2016-09-23 14:57:40 sys_log : [INFO] [android.widget.RelativeLayout,,,com.alibaba.aliyun:id/sessionItemContainer,2], d797a4d51ab14add2eb5dbcb7a2cef96 >> 开始执行节点任务......
2016-09-23 14:57:40 sys_log : [INFO] click -> [info = android.widget.RelativeLayout,,,com.alibaba.aliyun:id/sessionItemContainer,2], [depth = 2]d797a4d51ab14add2eb5dbcb7a2cef96-0,871-1080,1087-//android.widget.FrameLayout[1]/android.widget.LinearLayout[1]/android.widget.FrameLayout[1]/android.widget.LinearLayout[1]/android.widget.ViewFlipper[1]/android.widget.LinearLayout[1]/android.widget.FrameLayout[1]/android.widget.ListView[1]/android.widget.RelativeLayout[4]
2016-09-23 14:57:43 sys_log : [INFO] 报告主人,有1个节点任务出栈并加入黑名单 -> 现在还有19个任务待运行, [android.widget.RelativeLayout,,,com.alibaba.aliyun:id/sessionItemContainer,2], d797a4d51ab14add2eb5dbcb7a2cef96-0,1088-1080,1304-//android.widget.FrameLayout[1]/android.widget.LinearLayout[1]/android.widget.FrameLayout[1]/android.widget.LinearLayout[1]/android.widget.ViewFlipper[1]/android.widget.LinearLayout[1]/android.widget.FrameLayout[1]/android.widget.ListView[1]/android.widget.RelativeLayout[5]
2016-09-23 14:57:44 sys_log : [INFO] 当前节点任务所属窗口是否就是当前窗口 -> false
2016-09-23 14:57:44 sys_log : [INFO] d797a4d51ab14add2eb5dbcb7a2cef96 >> 81adbabf19c1de5a6da32d37c110b5f2, 窗口迁移至新窗口......
2016-09-23 14:57:44 sys_log : [INFO] 相同窗口执行次数 -> 0
2016-09-23 14:57:44 sys_log : [INFO] [android.widget.RelativeLayout,,,com.alibaba.aliyun:id/sessionItemContainer,2], d797a4d51ab14add2eb5dbcb7a2cef96 >> 81adbabf19c1de5a6da32d37c110b5f2, 窗口虽然发生迁移,但已达到最大遍历深度 -> 2, 点击返回......
2016-09-23 14:57:49 sys_log : [INFO] [android.widget.RelativeLayout,,,com.alibaba.aliyun:id/sessionItemContainer,2], d797a4d51ab14add2eb5dbcb7a2cef96 >> 开始执行节点任务......
2016-09-23 14:57:49 sys_log : [INFO] click -> [info = android.widget.RelativeLayout,,,com.alibaba.aliyun:id/sessionItemContainer,2], [depth = 2]d797a4d51ab14add2eb5dbcb7a2cef96-0,1088-1080,1304-//android.widget.FrameLayout[1]/android.widget.LinearLayout[1]/android.widget.FrameLayout[1]/android.widget.LinearLayout[1]/android.widget.ViewFlipper[1]/android.widget.LinearLayout[1]/android.widget.FrameLayout[1]/android.widget.ListView[1]/android.widget.RelativeLayout[5]
2016-09-23 14:57:53 sys_log : [INFO] 报告主人,有1个节点任务出栈并加入黑名单 -> 现在还有18个任务待运行, [android.widget.RelativeLayout,,,com.alibaba.aliyun:id/sessionItemContainer,2], d797a4d51ab14add2eb5dbcb7a2cef96-0,1305-1080,1521-//android.widget.FrameLayout[1]/android.widget.LinearLayout[1]/android.widget.FrameLayout[1]/android.widget.LinearLayout[1]/android.widget.ViewFlipper[1]/android.widget.LinearLayout[1]/android.widget.FrameLayout[1]/android.widget.ListView[1]/android.widget.RelativeLayout[6]
2016-09-23 14:57:54 sys_log : [INFO] 当前节点任务所属窗口是否就是当前窗口 -> false
2016-09-23 14:57:54 sys_log : [INFO] d797a4d51ab14add2eb5dbcb7a2cef96 >> 50d8492fd0a02bb5b8dfa83533267b00, 窗口迁移至新窗口......
2016-09-23 14:57:54 sys_log : [INFO] 相同窗口执行次数 -> 0
2016-09-23 14:57:54 sys_log : [INFO] [android.widget.RelativeLayout,,,com.alibaba.aliyun:id/sessionItemContainer,2], d797a4d51ab14add2eb5dbcb7a2cef96 >> 50d8492fd0a02bb5b8dfa83533267b00, 窗口虽然发生迁移,但已达到最大遍历深度 -> 2, 点击返回......
2016-09-23 14:57:58 sys_log : [INFO] [android.widget.RelativeLayout,,,com.alibaba.aliyun:id/sessionItemContainer,2], d797a4d51ab14add2eb5dbcb7a2cef96 >> 开始执行节点任务......
2016-09-23 14:57:58 sys_log : [INFO] click -> [info = android.widget.RelativeLayout,,,com.alibaba.aliyun:id/sessionItemContainer,2], [depth = 2]d797a4d51ab14add2eb5dbcb7a2cef96-0,1305-1080,1521-//android.widget.FrameLayout[1]/android.widget.LinearLayout[1]/android.widget.FrameLayout[1]/android.widget.LinearLayout[1]/android.widget.ViewFlipper[1]/android.widget.LinearLayout[1]/android.widget.FrameLayout[1]/android.widget.ListView[1]/android.widget.RelativeLayout[6]
2016-09-23 14:58:02 sys_log : [INFO] 报告主人,有1个节点任务出栈并加入黑名单 -> 现在还有17个任务待运行, [android.widget.RelativeLayout,,,com.alibaba.aliyun:id/sessionItemContainer,2], d797a4d51ab14add2eb5dbcb7a2cef96-0,1522-1080,1738-//android.widget.FrameLayout[1]/android.widget.LinearLayout[1]/android.widget.FrameLayout[1]/android.widget.LinearLayout[1]/android.widget.ViewFlipper[1]/android.widget.LinearLayout[1]/android.widget.FrameLayout[1]/android.widget.ListView[1]/android.widget.RelativeLayout[7]
2016-09-23 14:58:03 sys_log : [INFO] 当前节点任务所属窗口是否就是当前窗口 -> false
2016-09-23 14:58:03 sys_log : [INFO] d797a4d51ab14add2eb5dbcb7a2cef96 >> 671d875dcdd442588a16be1ad2738013, 窗口迁移至新窗口......
2016-09-23 14:58:03 sys_log : [INFO] 相同窗口执行次数 -> 0
2016-09-23 14:58:03 sys_log : [INFO] [android.widget.RelativeLayout,,,com.alibaba.aliyun:id/sessionItemContainer,2], d797a4d51ab14add2eb5dbcb7a2cef96 >> 671d875dcdd442588a16be1ad2738013, 窗口虽然发生迁移,但已达到最大遍历深度 -> 2, 点击返回......
2016-09-23 14:58:08 sys_log : [INFO] [android.widget.RelativeLayout,,,com.alibaba.aliyun:id/sessionItemContainer,2], d797a4d51ab14add2eb5dbcb7a2cef96 >> 开始执行节点任务......
2016-09-23 14:58:08 sys_log : [INFO] click -> [info = android.widget.RelativeLayout,,,com.alibaba.aliyun:id/sessionItemContainer,2], [depth = 2]d797a4d51ab14add2eb5dbcb7a2cef96-0,1522-1080,1738-//android.widget.FrameLayout[1]/android.widget.LinearLayout[1]/android.widget.FrameLayout[1]/android.widget.LinearLayout[1]/android.widget.ViewFlipper[1]/android.widget.LinearLayout[1]/android.widget.FrameLayout[1]/android.widget.ListView[1]/android.widget.RelativeLayout[7]
2016-09-23 14:58:11 sys_log : [INFO] 报告主人,有1个节点任务出栈并加入黑名单 -> 现在还有16个任务待运行, [android.widget.RelativeLayout,,,com.alibaba.aliyun:id/pluginLayout,1], 887f223cae924d5f36e08ec31f717a0e-270,219-540,534-//android.widget.FrameLayout[1]/android.widget.LinearLayout[1]/android.widget.FrameLayout[1]/android.widget.FrameLayout[1]/android.widget.FrameLayout[1]/android.widget.RelativeLayout[1]/android.widget.ScrollView[1]/android.widget.LinearLayout[1]/android.support.v7.widget.RecyclerView[1]/android.widget.RelativeLayout[2]
2016-09-23 14:58:12 sys_log : [INFO] 当前节点任务所属窗口是否就是当前窗口 -> false
2016-09-23 14:58:12 sys_log : [INFO] 887f223cae924d5f36e08ec31f717a0e >> 5224b5330ac1769e3c8ecbd5b5697619, 窗口迁移至新窗口......
2016-09-23 14:58:12 sys_log : [INFO] 相同窗口执行次数 -> 0
2016-09-23 14:58:12 sys_log : [INFO] 8个新任务准备入栈......
2016-09-23 14:58:12 sys_log : [INFO] 8个新任务允许入栈......
2016-09-23 14:58:12 sys_log : [INFO] 任务栈已更新, 8个新任务允许入栈, 现在还有25个任务待运行......
2016-09-23 14:58:12 sys_log : [INFO] 任务栈已更新,现在还有24个任务待运行......
2016-09-23 14:58:12 sys_log : [INFO] [android.widget.RelativeLayout,,,com.alibaba.aliyun:id/rl_left_button,2], 5224b5330ac1769e3c8ecbd5b5697619 >> 开始执行节点任务......
2016-09-23 14:58:12 sys_log : [INFO] click -> [info = android.widget.RelativeLayout,,,com.alibaba.aliyun:id/rl_left_button,2], [depth = 2]5224b5330ac1769e3c8ecbd5b5697619-0,75-120,219-//android.widget.FrameLayout[1]/android.widget.LinearLayout[1]/android.widget.FrameLayout[1]/android.widget.RelativeLayout[1]/android.widget.RelativeLayout[1]/android.widget.RelativeLayout[1]/android.widget.RelativeLayout[1]
2016-09-23 14:58:19 sys_log : [INFO] 报告主人,有1个节点任务出栈并加入黑名单 -> 现在还有23个任务待运行, [android.widget.RelativeLayout,,,com.alibaba.aliyun:id/rl_right_button,2], 5224b5330ac1769e3c8ecbd5b5697619-840,75-1080,219-//android.widget.FrameLayout[1]/android.widget.LinearLayout[1]/android.widget.FrameLayout[1]/android.widget.RelativeLayout[1]/android.widget.RelativeLayout[1]/android.widget.RelativeLayout[1]/android.widget.RelativeLayout[2]
2016-09-23 14:58:20 sys_log : [INFO] 当前节点任务所属窗口是否就是当前窗口 -> false
2016-09-23 14:58:20 sys_log : [INFO] 5224b5330ac1769e3c8ecbd5b5697619 >> d797a4d51ab14add2eb5dbcb7a2cef96, 窗口迁移至新窗口......
2016-09-23 14:58:20 sys_log : [INFO] 相同窗口执行次数 -> 0
2016-09-23 14:58:20 sys_log : [INFO] [android.widget.RelativeLayout,,,com.alibaba.aliyun:id/rl_right_button,2], 5224b5330ac1769e3c8ecbd5b5697619 >> d797a4d51ab14add2eb5dbcb7a2cef96, 窗口虽然发生迁移,但已达到最大遍历深度 -> 2, 点击返回......
2016-09-23 14:58:25 sys_log : [INFO] [android.widget.RelativeLayout,,,com.alibaba.aliyun:id/rl_right_button,2], 5224b5330ac1769e3c8ecbd5b5697619 >> 开始执行节点任务......
2016-09-23 14:58:55 sys_log : [ERROR]   节点任务 -> [info = android.widget.RelativeLayout,,,com.alibaba.aliyun:id/rl_right_button,2], NoSuchElementException, 弹出下一个节点任务, 5224b5330ac1769e3c8ecbd5b5697619-840,75-1080,219-//android.widget.FrameLayout[1]/android.widget.LinearLayout[1]/android.widget.FrameLayout[1]/android.widget.RelativeLayout[1]/android.widget.RelativeLayout[1]/android.widget.RelativeLayout[1]/android.widget.RelativeLayout[2]
2016-09-23 14:58:58 sys_log : [INFO] 报告主人,有1个节点任务出栈并加入黑名单 -> 现在还有22个任务待运行, [android.widget.ImageView,,,com.alibaba.aliyun:id/common_right_button,2], 5224b5330ac1769e3c8ecbd5b5697619-960,111-1032,183-//android.widget.FrameLayout[1]/android.widget.LinearLayout[1]/android.widget.FrameLayout[1]/android.widget.RelativeLayout[1]/android.widget.RelativeLayout[1]/android.widget.RelativeLayout[1]/android.widget.RelativeLayout[2]/android.widget.ImageView[1]
2016-09-23 14:58:59 sys_log : [INFO] 当前节点任务所属窗口是否就是当前窗口 -> false
2016-09-23 14:58:59 sys_log : [INFO] 5224b5330ac1769e3c8ecbd5b5697619 >> d797a4d51ab14add2eb5dbcb7a2cef96, 窗口迁移至新窗口......
2016-09-23 14:58:59 sys_log : [INFO] 相同窗口执行次数 -> 1
2016-09-23 14:58:59 sys_log : [INFO] [android.widget.ImageView,,,com.alibaba.aliyun:id/common_right_button,2], 5224b5330ac1769e3c8ecbd5b5697619 >> d797a4d51ab14add2eb5dbcb7a2cef96, 窗口虽然发生迁移,但已达到最大遍历深度 -> 2, 点击返回......
2016-09-23 14:59:05 sys_log : [INFO] [android.widget.ImageView,,,com.alibaba.aliyun:id/common_right_button,2], 5224b5330ac1769e3c8ecbd5b5697619 >> 开始执行节点任务......
2016-09-23 14:59:35 sys_log : [ERROR]   节点任务 -> [info = android.widget.ImageView,,,com.alibaba.aliyun:id/common_right_button,2], NoSuchElementException, 弹出下一个节点任务, 5224b5330ac1769e3c8ecbd5b5697619-960,111-1032,183-//android.widget.FrameLayout[1]/android.widget.LinearLayout[1]/android.widget.FrameLayout[1]/android.widget.RelativeLayout[1]/android.widget.RelativeLayout[1]/android.widget.RelativeLayout[1]/android.widget.RelativeLayout[2]/android.widget.ImageView[1]
2016-09-23 14:59:38 sys_log : [INFO] 报告主人,有1个节点任务出栈并加入黑名单 -> 现在还有21个任务待运行, [android.widget.RelativeLayout,,,com.alibaba.aliyun:id/filter_header,2], 5224b5330ac1769e3c8ecbd5b5697619-0,219-1080,351-//android.widget.FrameLayout[1]/android.widget.LinearLayout[1]/android.widget.FrameLayout[1]/android.widget.RelativeLayout[1]/android.widget.LinearLayout[1]/android.widget.RelativeLayout[1]
2016-09-23 14:59:40 sys_log : [INFO] 当前节点任务所属窗口是否就是当前窗口 -> false
2016-09-23 14:59:40 sys_log : [INFO] 5224b5330ac1769e3c8ecbd5b5697619 >> d797a4d51ab14add2eb5dbcb7a2cef96, 窗口迁移至新窗口......
2016-09-23 14:59:40 sys_log : [INFO] 相同窗口执行次数 -> 2
2016-09-23 14:59:40 sys_log : [INFO] [android.widget.RelativeLayout,,,com.alibaba.aliyun:id/filter_header,2], 5224b5330ac1769e3c8ecbd5b5697619 >> d797a4d51ab14add2eb5dbcb7a2cef96, 窗口虽然发生迁移,但已达到最大遍历深度 -> 2, 点击返回......
2016-09-23 14:59:45 sys_log : [INFO] [android.widget.RelativeLayout,,,com.alibaba.aliyun:id/filter_header,2], 5224b5330ac1769e3c8ecbd5b5697619 >> 开始执行节点任务......
2016-09-23 15:00:16 sys_log : [ERROR]   节点任务 -> [info = android.widget.RelativeLayout,,,com.alibaba.aliyun:id/filter_header,2], NoSuchElementException, 弹出下一个节点任务, 5224b5330ac1769e3c8ecbd5b5697619-0,219-1080,351-//android.widget.FrameLayout[1]/android.widget.LinearLayout[1]/android.widget.FrameLayout[1]/android.widget.RelativeLayout[1]/android.widget.LinearLayout[1]/android.widget.RelativeLayout[1]
2016-09-23 15:00:19 sys_log : [INFO] 报告主人,有1个节点任务出栈并加入黑名单 -> 现在还有20个任务待运行, [android.widget.RelativeLayout,,,com.alibaba.aliyun:id/sessionItemContainer,2], 5224b5330ac1769e3c8ecbd5b5697619-0,352-1080,821-//android.widget.FrameLayout[1]/android.widget.LinearLayout[1]/android.widget.FrameLayout[1]/android.widget.RelativeLayout[1]/android.widget.ViewFlipper[1]/android.widget.LinearLayout[1]/android.widget.FrameLayout[1]/android.widget.ListView[1]/android.widget.RelativeLayout[1]
2016-09-23 15:00:20 sys_log : [INFO] 当前节点任务所属窗口是否就是当前窗口 -> false
2016-09-23 15:00:20 sys_log : [INFO] 5224b5330ac1769e3c8ecbd5b5697619 >> d797a4d51ab14add2eb5dbcb7a2cef96, 窗口迁移至新窗口......
2016-09-23 15:00:20 sys_log : [INFO] 相同窗口执行次数 -> 3
2016-09-23 15:00:20 sys_log : [INFO] [android.widget.RelativeLayout,,,com.alibaba.aliyun:id/sessionItemContainer,2], 5224b5330ac1769e3c8ecbd5b5697619 >> d797a4d51ab14add2eb5dbcb7a2cef96, 窗口虽然发生迁移,但已达到最大遍历深度 -> 2, 点击返回......
2016-09-23 15:00:26 sys_log : [INFO] [android.widget.RelativeLayout,,,com.alibaba.aliyun:id/sessionItemContainer,2], 5224b5330ac1769e3c8ecbd5b5697619 >> 开始执行节点任务......
2016-09-23 15:00:56 sys_log : [ERROR]   节点任务 -> [info = android.widget.RelativeLayout,,,com.alibaba.aliyun:id/sessionItemContainer,2], NoSuchElementException, 弹出下一个节点任务, 5224b5330ac1769e3c8ecbd5b5697619-0,352-1080,821-//android.widget.FrameLayout[1]/android.widget.LinearLayout[1]/android.widget.FrameLayout[1]/android.widget.RelativeLayout[1]/android.widget.ViewFlipper[1]/android.widget.LinearLayout[1]/android.widget.FrameLayout[1]/android.widget.ListView[1]/android.widget.RelativeLayout[1]
2016-09-23 15:00:59 sys_log : [INFO] 报告主人,有1个节点任务出栈并加入黑名单 -> 现在还有19个任务待运行, [android.widget.RelativeLayout,,,com.alibaba.aliyun:id/buttonArea,2], 5224b5330ac1769e3c8ecbd5b5697619-48,647-1032,791-//android.widget.FrameLayout[1]/android.widget.LinearLayout[1]/android.widget.FrameLayout[1]/android.widget.RelativeLayout[1]/android.widget.ViewFlipper[1]/android.widget.LinearLayout[1]/android.widget.FrameLayout[1]/android.widget.ListView[1]/android.widget.RelativeLayout[1]/android.widget.RelativeLayout[2]
2016-09-23 15:01:00 sys_log : [INFO] 当前节点任务所属窗口是否就是当前窗口 -> false
2016-09-23 15:01:00 sys_log : [INFO] 5224b5330ac1769e3c8ecbd5b5697619 >> d797a4d51ab14add2eb5dbcb7a2cef96, 窗口迁移至新窗口......
2016-09-23 15:01:00 sys_log : [INFO] 相同窗口执行次数 -> 4
2016-09-23 15:01:00 sys_log : [INFO] [android.widget.RelativeLayout,,,com.alibaba.aliyun:id/buttonArea,2], 5224b5330ac1769e3c8ecbd5b5697619 >> d797a4d51ab14add2eb5dbcb7a2cef96, 窗口虽然发生迁移,但已达到最大遍历深度 -> 2, 点击返回......
2016-09-23 15:01:06 sys_log : [INFO] [android.widget.RelativeLayout,,,com.alibaba.aliyun:id/buttonArea,2], 5224b5330ac1769e3c8ecbd5b5697619 >> 开始执行节点任务......
2016-09-23 15:01:37 sys_log : [ERROR]   节点任务 -> [info = android.widget.RelativeLayout,,,com.alibaba.aliyun:id/buttonArea,2], NoSuchElementException, 弹出下一个节点任务, 5224b5330ac1769e3c8ecbd5b5697619-48,647-1032,791-//android.widget.FrameLayout[1]/android.widget.LinearLayout[1]/android.widget.FrameLayout[1]/android.widget.RelativeLayout[1]/android.widget.ViewFlipper[1]/android.widget.LinearLayout[1]/android.widget.FrameLayout[1]/android.widget.ListView[1]/android.widget.RelativeLayout[1]/android.widget.RelativeLayout[2]
2016-09-23 15:01:40 sys_log : [INFO] 报告主人,有1个节点任务出栈并加入黑名单 -> 现在还有18个任务待运行, [android.widget.RelativeLayout,,,com.alibaba.aliyun:id/sessionItemContainer,2], 5224b5330ac1769e3c8ecbd5b5697619-0,822-1080,1291-//android.widget.FrameLayout[1]/android.widget.LinearLayout[1]/android.widget.FrameLayout[1]/android.widget.RelativeLayout[1]/android.widget.ViewFlipper[1]/android.widget.LinearLayout[1]/android.widget.FrameLayout[1]/android.widget.ListView[1]/android.widget.RelativeLayout[2]
2016-09-23 15:01:41 sys_log : [INFO] 当前节点任务所属窗口是否就是当前窗口 -> false
2016-09-23 15:01:41 sys_log : [INFO] 5224b5330ac1769e3c8ecbd5b5697619 >> d797a4d51ab14add2eb5dbcb7a2cef96, 窗口迁移至新窗口......
2016-09-23 15:01:41 sys_log : [INFO] 相同窗口执行次数 -> 5
2016-09-23 15:01:41 sys_log : [INFO] [android.widget.RelativeLayout,,,com.alibaba.aliyun:id/sessionItemContainer,2], 5224b5330ac1769e3c8ecbd5b5697619 >> d797a4d51ab14add2eb5dbcb7a2cef96, 窗口虽然发生迁移,但已达到最大遍历深度 -> 2, 点击返回......
2016-09-23 15:01:47 sys_log : [INFO] [android.widget.RelativeLayout,,,com.alibaba.aliyun:id/sessionItemContainer,2], 5224b5330ac1769e3c8ecbd5b5697619 >> 开始执行节点任务......
2016-09-23 15:02:18 sys_log : [ERROR]   节点任务 -> [info = android.widget.RelativeLayout,,,com.alibaba.aliyun:id/sessionItemContainer,2], NoSuchElementException, 弹出下一个节点任务, 5224b5330ac1769e3c8ecbd5b5697619-0,822-1080,1291-//android.widget.FrameLayout[1]/android.widget.LinearLayout[1]/android.widget.FrameLayout[1]/android.widget.RelativeLayout[1]/android.widget.ViewFlipper[1]/android.widget.LinearLayout[1]/android.widget.FrameLayout[1]/android.widget.ListView[1]/android.widget.RelativeLayout[2]
2016-09-23 15:02:21 sys_log : [INFO] 报告主人,有1个节点任务出栈并加入黑名单 -> 现在还有17个任务待运行, [android.widget.RelativeLayout,,,com.alibaba.aliyun:id/buttonArea,2], 5224b5330ac1769e3c8ecbd5b5697619-48,1117-1032,1261-//android.widget.FrameLayout[1]/android.widget.LinearLayout[1]/android.widget.FrameLayout[1]/android.widget.RelativeLayout[1]/android.widget.ViewFlipper[1]/android.widget.LinearLayout[1]/android.widget.FrameLayout[1]/android.widget.ListView[1]/android.widget.RelativeLayout[2]/android.widget.RelativeLayout[2]
2016-09-23 15:02:22 sys_log : [INFO] 当前节点任务所属窗口是否就是当前窗口 -> false
2016-09-23 15:02:22 sys_log : [INFO] 5224b5330ac1769e3c8ecbd5b5697619 >> d797a4d51ab14add2eb5dbcb7a2cef96, 窗口迁移至新窗口......
2016-09-23 15:02:22 sys_log : [INFO] 相同窗口执行次数 -> 6
2016-09-23 15:02:22 sys_log : [INFO] [android.widget.RelativeLayout,,,com.alibaba.aliyun:id/buttonArea,2], 5224b5330ac1769e3c8ecbd5b5697619 >> d797a4d51ab14add2eb5dbcb7a2cef96, 窗口虽然发生迁移,但已达到最大遍历深度 -> 2, 点击返回......
2016-09-23 15:02:29 sys_log : [INFO] [android.widget.RelativeLayout,,,com.alibaba.aliyun:id/buttonArea,2], 5224b5330ac1769e3c8ecbd5b5697619 >> 开始执行节点任务......
2016-09-23 15:02:59 sys_log : [ERROR]   节点任务 -> [info = android.widget.RelativeLayout,,,com.alibaba.aliyun:id/buttonArea,2], NoSuchElementException, 弹出下一个节点任务, 5224b5330ac1769e3c8ecbd5b5697619-48,1117-1032,1261-//android.widget.FrameLayout[1]/android.widget.LinearLayout[1]/android.widget.FrameLayout[1]/android.widget.RelativeLayout[1]/android.widget.ViewFlipper[1]/android.widget.LinearLayout[1]/android.widget.FrameLayout[1]/android.widget.ListView[1]/android.widget.RelativeLayout[2]/android.widget.RelativeLayout[2]
2016-09-23 15:03:02 sys_log : [INFO] 报告主人,有1个节点任务出栈并加入黑名单 -> 现在还有16个任务待运行, [android.widget.RelativeLayout,,,com.alibaba.aliyun:id/pluginLayout,1], 887f223cae924d5f36e08ec31f717a0e-270,219-540,534-//android.widget.FrameLayout[1]/android.widget.LinearLayout[1]/android.widget.FrameLayout[1]/android.widget.FrameLayout[1]/android.widget.FrameLayout[1]/android.widget.RelativeLayout[1]/android.widget.ScrollView[1]/android.widget.LinearLayout[1]/android.support.v7.widget.RecyclerView[1]/android.widget.RelativeLayout[2]
2016-09-23 15:03:03 sys_log : [INFO] 当前节点任务所属窗口是否就是当前窗口 -> false
2016-09-23 15:03:03 sys_log : [INFO] 887f223cae924d5f36e08ec31f717a0e >> d797a4d51ab14add2eb5dbcb7a2cef96, 窗口迁移至新窗口......
2016-09-23 15:03:03 sys_log : [INFO] 相同窗口执行次数 -> 7
2016-09-23 15:03:03 sys_log : [INFO] 22个新任务准备入栈......
2016-09-23 15:03:03 sys_log : [INFO] 22个新任务允许入栈......
2016-09-23 15:03:03 sys_log : [INFO] 任务栈已更新, 22个新任务允许入栈, 现在还有39个任务待运行......
2016-09-23 15:03:03 sys_log : [INFO] 任务栈已更新,现在还有38个任务待运行......
2016-09-23 15:03:03 sys_log : [INFO] [android.widget.ImageView,,,com.alibaba.aliyun:id/common_right_button,2], 887f223cae924d5f36e08ec31f717a0e >> 开始执行节点任务......
2016-09-23 15:03:04 sys_log : [INFO] click -> [info = android.widget.ImageView,,,com.alibaba.aliyun:id/common_right_button,2], [depth = 2]887f223cae924d5f36e08ec31f717a0e-960,111-1032,183-//android.widget.FrameLayout[1]/android.widget.LinearLayout[1]/android.widget.FrameLayout[1]/android.widget.FrameLayout[1]/android.widget.FrameLayout[1]/android.widget.RelativeLayout[1]/android.widget.RelativeLayout[1]/android.widget.RelativeLayout[1]/android.widget.RelativeLayout[2]/android.widget.ImageView[1]
2016-09-23 15:03:08 sys_log : [INFO] 报告主人,有1个节点任务出栈并加入黑名单 -> 现在还有37个任务待运行, [android.widget.ImageView,,,com.alibaba.aliyun:id/scan,2], 887f223cae924d5f36e08ec31f717a0e-48,114-114,180-//android.widget.FrameLayout[1]/android.widget.LinearLayout[1]/android.widget.FrameLayout[1]/android.widget.FrameLayout[1]/android.widget.FrameLayout[1]/android.widget.RelativeLayout[1]/android.widget.ImageView[1]
2016-09-23 15:03:09 sys_log : [INFO] 当前节点任务所属窗口是否就是当前窗口 -> false
2016-09-23 15:03:09 sys_log : [INFO] 887f223cae924d5f36e08ec31f717a0e >> d797a4d51ab14add2eb5dbcb7a2cef96, 窗口迁移至新窗口......
2016-09-23 15:03:09 sys_log : [INFO] 相同窗口执行次数 -> 8
2016-09-23 15:03:09 sys_log : [INFO] [android.widget.ImageView,,,com.alibaba.aliyun:id/scan,2], 887f223cae924d5f36e08ec31f717a0e >> d797a4d51ab14add2eb5dbcb7a2cef96, 窗口虽然发生迁移,但已达到最大遍历深度 -> 2, 点击返回......
2016-09-23 15:03:15 sys_log : [INFO] [android.widget.ImageView,,,com.alibaba.aliyun:id/scan,2], 887f223cae924d5f36e08ec31f717a0e >> 开始执行节点任务......
2016-09-23 15:03:15 sys_log : [INFO] click -> [info = android.widget.ImageView,,,com.alibaba.aliyun:id/scan,2], [depth = 2]887f223cae924d5f36e08ec31f717a0e-48,114-114,180-//android.widget.FrameLayout[1]/android.widget.LinearLayout[1]/android.widget.FrameLayout[1]/android.widget.FrameLayout[1]/android.widget.FrameLayout[1]/android.widget.RelativeLayout[1]/android.widget.ImageView[1]
2016-09-23 15:03:21 sys_log : [INFO] 报告主人,有1个节点任务出栈并加入黑名单 -> 现在还有36个任务待运行, [android.widget.ImageView,,,com.alibaba.aliyun:id/message_button,2], 887f223cae924d5f36e08ec31f717a0e-966,114-1032,180-//android.widget.FrameLayout[1]/android.widget.LinearLayout[1]/android.widget.FrameLayout[1]/android.widget.FrameLayout[1]/android.widget.FrameLayout[1]/android.widget.RelativeLayout[1]/android.widget.ImageView[2]
2016-09-23 15:03:23 sys_log : [INFO] 当前节点任务所属窗口是否就是当前窗口 -> true
2016-09-23 15:03:23 sys_log : [INFO] [android.widget.ImageView,,,com.alibaba.aliyun:id/message_button,2], 887f223cae924d5f36e08ec31f717a0e >> 开始执行节点任务......
2016-09-23 15:03:23 sys_log : [INFO] click -> [info = android.widget.ImageView,,,com.alibaba.aliyun:id/message_button,2], [depth = 2]887f223cae924d5f36e08ec31f717a0e-966,114-1032,180-//android.widget.FrameLayout[1]/android.widget.LinearLayout[1]/android.widget.FrameLayout[1]/android.widget.FrameLayout[1]/android.widget.FrameLayout[1]/android.widget.RelativeLayout[1]/android.widget.ImageView[2]
2016-09-23 15:03:27 sys_log : [INFO] 报告主人,有1个节点任务出栈并加入黑名单 -> 现在还有35个任务待运行, [android.widget.RelativeLayout,,,com.alibaba.aliyun:id/pluginLayout,2], 887f223cae924d5f36e08ec31f717a0e-0,219-270,534-//android.widget.FrameLayout[1]/android.widget.LinearLayout[1]/android.widget.FrameLayout[1]/android.widget.FrameLayout[1]/android.widget.FrameLayout[1]/android.widget.RelativeLayout[1]/android.widget.ScrollView[1]/android.widget.LinearLayout[1]/android.support.v7.widget.RecyclerView[1]/android.widget.RelativeLayout[1]
2016-09-23 15:03:28 sys_log : [INFO] 当前节点任务所属窗口是否就是当前窗口 -> false
2016-09-23 15:03:28 sys_log : [INFO] 887f223cae924d5f36e08ec31f717a0e >> d797a4d51ab14add2eb5dbcb7a2cef96, 窗口迁移至新窗口......
2016-09-23 15:03:28 sys_log : [INFO] 相同窗口执行次数 -> 9
2016-09-23 15:03:28 sys_log : [INFO] [android.widget.RelativeLayout,,,com.alibaba.aliyun:id/pluginLayout,2], 887f223cae924d5f36e08ec31f717a0e >> d797a4d51ab14add2eb5dbcb7a2cef96, 窗口虽然发生迁移,但已达到最大遍历深度 -> 2, 点击返回......
2016-09-23 15:03:33 sys_log : [INFO] [android.widget.RelativeLayout,,,com.alibaba.aliyun:id/pluginLayout,2], 887f223cae924d5f36e08ec31f717a0e >> 开始执行节点任务......
2016-09-23 15:03:34 sys_log : [INFO] click -> [info = android.widget.RelativeLayout,,,com.alibaba.aliyun:id/pluginLayout,2], [depth = 2]887f223cae924d5f36e08ec31f717a0e-0,219-270,534-//android.widget.FrameLayout[1]/android.widget.LinearLayout[1]/android.widget.FrameLayout[1]/android.widget.FrameLayout[1]/android.widget.FrameLayout[1]/android.widget.RelativeLayout[1]/android.widget.ScrollView[1]/android.widget.LinearLayout[1]/android.support.v7.widget.RecyclerView[1]/android.widget.RelativeLayout[1]
2016-09-23 15:03:38 sys_log : [INFO] 报告主人,有1个节点任务出栈并加入黑名单 -> 现在还有34个任务待运行, [android.widget.RelativeLayout,,,com.alibaba.aliyun:id/pluginLayout,2], 887f223cae924d5f36e08ec31f717a0e-270,219-540,534-//android.widget.FrameLayout[1]/android.widget.LinearLayout[1]/android.widget.FrameLayout[1]/android.widget.FrameLayout[1]/android.widget.FrameLayout[1]/android.widget.RelativeLayout[1]/android.widget.ScrollView[1]/android.widget.LinearLayout[1]/android.support.v7.widget.RecyclerView[1]/android.widget.RelativeLayout[2]
2016-09-23 15:03:40 sys_log : [INFO] 当前节点任务所属窗口是否就是当前窗口 -> false
2016-09-23 15:03:40 sys_log : [INFO] 887f223cae924d5f36e08ec31f717a0e >> a69eb11d8120b7fa5486ed1d7eb3eed9, 窗口迁移至新窗口......
2016-09-23 15:03:40 sys_log : [INFO] 相同窗口执行次数 -> 0
2016-09-23 15:03:40 sys_log : [INFO] [android.widget.RelativeLayout,,,com.alibaba.aliyun:id/pluginLayout,2], 887f223cae924d5f36e08ec31f717a0e >> a69eb11d8120b7fa5486ed1d7eb3eed9, 窗口虽然发生迁移,但已达到最大遍历深度 -> 2, 点击返回......
2016-09-23 15:03:44 sys_log : [INFO] [android.widget.RelativeLayout,,,com.alibaba.aliyun:id/pluginLayout,2], 887f223cae924d5f36e08ec31f717a0e >> 开始执行节点任务......
2016-09-23 15:03:45 sys_log : [INFO] click -> [info = android.widget.RelativeLayout,,,com.alibaba.aliyun:id/pluginLayout,2], [depth = 2]887f223cae924d5f36e08ec31f717a0e-270,219-540,534-//android.widget.FrameLayout[1]/android.widget.LinearLayout[1]/android.widget.FrameLayout[1]/android.widget.FrameLayout[1]/android.widget.FrameLayout[1]/android.widget.RelativeLayout[1]/android.widget.ScrollView[1]/android.widget.LinearLayout[1]/android.support.v7.widget.RecyclerView[1]/android.widget.RelativeLayout[2]
2016-09-23 15:03:49 sys_log : [INFO] 报告主人,有1个节点任务出栈并加入黑名单 -> 现在还有33个任务待运行, [android.widget.RelativeLayout,,,com.alibaba.aliyun:id/pluginLayout,2], 887f223cae924d5f36e08ec31f717a0e-540,219-810,534-//android.widget.FrameLayout[1]/android.widget.LinearLayout[1]/android.widget.FrameLayout[1]/android.widget.FrameLayout[1]/android.widget.FrameLayout[1]/android.widget.RelativeLayout[1]/android.widget.ScrollView[1]/android.widget.LinearLayout[1]/android.support.v7.widget.RecyclerView[1]/android.widget.RelativeLayout[3]
2016-09-23 15:03:50 sys_log : [INFO] 当前节点任务所属窗口是否就是当前窗口 -> false
2016-09-23 15:03:50 sys_log : [INFO] 887f223cae924d5f36e08ec31f717a0e >> ffd0c5a7a77c24d3820748f77be2c3f8, 窗口迁移至新窗口......
2016-09-23 15:03:50 sys_log : [INFO] 相同窗口执行次数 -> 0
2016-09-23 15:03:50 sys_log : [INFO] [android.widget.RelativeLayout,,,com.alibaba.aliyun:id/pluginLayout,2], 887f223cae924d5f36e08ec31f717a0e >> ffd0c5a7a77c24d3820748f77be2c3f8, 窗口虽然发生迁移,但已达到最大遍历深度 -> 2, 点击返回......
2016-09-23 15:03:56 sys_log : [INFO] [android.widget.RelativeLayout,,,com.alibaba.aliyun:id/pluginLayout,2], 887f223cae924d5f36e08ec31f717a0e >> 开始执行节点任务......
2016-09-23 15:03:56 sys_log : [INFO] click -> [info = android.widget.RelativeLayout,,,com.alibaba.aliyun:id/pluginLayout,2], [depth = 2]887f223cae924d5f36e08ec31f717a0e-540,219-810,534-//android.widget.FrameLayout[1]/android.widget.LinearLayout[1]/android.widget.FrameLayout[1]/android.widget.FrameLayout[1]/android.widget.FrameLayout[1]/android.widget.RelativeLayout[1]/android.widget.ScrollView[1]/android.widget.LinearLayout[1]/android.support.v7.widget.RecyclerView[1]/android.widget.RelativeLayout[3]
2016-09-23 15:04:01 sys_log : [INFO] 报告主人,有1个节点任务出栈并加入黑名单 -> 现在还有32个任务待运行, [android.widget.RelativeLayout,,,com.alibaba.aliyun:id/pluginLayout,2], 887f223cae924d5f36e08ec31f717a0e-810,219-1080,534-//android.widget.FrameLayout[1]/android.widget.LinearLayout[1]/android.widget.FrameLayout[1]/android.widget.FrameLayout[1]/android.widget.FrameLayout[1]/android.widget.RelativeLayout[1]/android.widget.ScrollView[1]/android.widget.LinearLayout[1]/android.support.v7.widget.RecyclerView[1]/android.widget.RelativeLayout[4]
2016-09-23 15:04:02 sys_log : [INFO] 当前节点任务所属窗口是否就是当前窗口 -> false
2016-09-23 15:04:02 sys_log : [INFO] 887f223cae924d5f36e08ec31f717a0e >> 6607b6aaed877165d4665a04096a2e51, 窗口迁移至新窗口......
2016-09-23 15:04:02 sys_log : [INFO] 相同窗口执行次数 -> 0
2016-09-23 15:04:02 sys_log : [INFO] [android.widget.RelativeLayout,,,com.alibaba.aliyun:id/pluginLayout,2], 887f223cae924d5f36e08ec31f717a0e >> 6607b6aaed877165d4665a04096a2e51, 窗口虽然发生迁移,但已达到最大遍历深度 -> 2, 点击返回......
2016-09-23 15:04:09 sys_log : [INFO] [android.widget.RelativeLayout,,,com.alibaba.aliyun:id/pluginLayout,2], 887f223cae924d5f36e08ec31f717a0e >> 开始执行节点任务......
2016-09-23 15:04:09 sys_log : [INFO] click -> [info = android.widget.RelativeLayout,,,com.alibaba.aliyun:id/pluginLayout,2], [depth = 2]887f223cae924d5f36e08ec31f717a0e-810,219-1080,534-//android.widget.FrameLayout[1]/android.widget.LinearLayout[1]/android.widget.FrameLayout[1]/android.widget.FrameLayout[1]/android.widget.FrameLayout[1]/android.widget.RelativeLayout[1]/android.widget.ScrollView[1]/android.widget.LinearLayout[1]/android.support.v7.widget.RecyclerView[1]/android.widget.RelativeLayout[4]
2016-09-23 15:04:13 sys_log : [INFO] 报告主人,有1个节点任务出栈并加入黑名单 -> 现在还有31个任务待运行, [android.widget.RelativeLayout,,,com.alibaba.aliyun:id/item_0,2], 887f223cae924d5f36e08ec31f717a0e-0,606-540,840-//android.widget.FrameLayout[1]/android.widget.LinearLayout[1]/android.widget.FrameLayout[1]/android.widget.FrameLayout[1]/android.widget.FrameLayout[1]/android.widget.RelativeLayout[1]/android.widget.ScrollView[1]/android.widget.LinearLayout[1]/android.widget.RelativeLayout[2]/android.widget.RelativeLayout[1]/android.widget.RelativeLayout[1]
2016-09-23 15:04:14 sys_log : [INFO] 当前节点任务所属窗口是否就是当前窗口 -> false
2016-09-23 15:04:14 sys_log : [INFO] 887f223cae924d5f36e08ec31f717a0e >> 61180c9c0d721ebd162958f65ec1154f, 窗口迁移至新窗口......
2016-09-23 15:04:14 sys_log : [INFO] 相同窗口执行次数 -> 0
2016-09-23 15:04:14 sys_log : [INFO] [android.widget.RelativeLayout,,,com.alibaba.aliyun:id/item_0,2], 887f223cae924d5f36e08ec31f717a0e >> 61180c9c0d721ebd162958f65ec1154f, 窗口虽然发生迁移,但已达到最大遍历深度 -> 2, 点击返回......
2016-09-23 15:04:19 sys_log : [INFO] [android.widget.RelativeLayout,,,com.alibaba.aliyun:id/item_0,2], 887f223cae924d5f36e08ec31f717a0e >> 开始执行节点任务......
2016-09-23 15:04:19 sys_log : [INFO] click -> [info = android.widget.RelativeLayout,,,com.alibaba.aliyun:id/item_0,2], [depth = 2]887f223cae924d5f36e08ec31f717a0e-0,606-540,840-//android.widget.FrameLayout[1]/android.widget.LinearLayout[1]/android.widget.FrameLayout[1]/android.widget.FrameLayout[1]/android.widget.FrameLayout[1]/android.widget.RelativeLayout[1]/android.widget.ScrollView[1]/android.widget.LinearLayout[1]/android.widget.RelativeLayout[2]/android.widget.RelativeLayout[1]/android.widget.RelativeLayout[1]
2016-09-23 15:04:25 sys_log : [INFO] 报告主人,有1个节点任务出栈并加入黑名单 -> 现在还有30个任务待运行, [android.widget.RelativeLayout,,,com.alibaba.aliyun:id/item_1,2], 887f223cae924d5f36e08ec31f717a0e-541,606-1080,840-//android.widget.FrameLayout[1]/android.widget.LinearLayout[1]/android.widget.FrameLayout[1]/android.widget.FrameLayout[1]/android.widget.FrameLayout[1]/android.widget.RelativeLayout[1]/android.widget.ScrollView[1]/android.widget.LinearLayout[1]/android.widget.RelativeLayout[2]/android.widget.RelativeLayout[1]/android.widget.RelativeLayout[2]
2016-09-23 15:04:27 sys_log : [INFO] 当前节点任务所属窗口是否就是当前窗口 -> false
2016-09-23 15:04:27 sys_log : [INFO] 887f223cae924d5f36e08ec31f717a0e >> 57cd7faba4f7b1dff54282cc32166960, 窗口迁移至新窗口......
2016-09-23 15:04:27 sys_log : [INFO] 相同窗口执行次数 -> 0
2016-09-23 15:04:27 sys_log : [INFO] [android.widget.RelativeLayout,,,com.alibaba.aliyun:id/item_1,2], 887f223cae924d5f36e08ec31f717a0e >> 57cd7faba4f7b1dff54282cc32166960, 窗口虽然发生迁移,但已达到最大遍历深度 -> 2, 点击返回......
2016-09-23 15:04:37 sys_log : [INFO] [android.widget.RelativeLayout,,,com.alibaba.aliyun:id/item_1,2], 887f223cae924d5f36e08ec31f717a0e >> 开始执行节点任务......
2016-09-23 15:04:37 sys_log : [INFO] click -> [info = android.widget.RelativeLayout,,,com.alibaba.aliyun:id/item_1,2], [depth = 2]887f223cae924d5f36e08ec31f717a0e-541,606-1080,840-//android.widget.FrameLayout[1]/android.widget.LinearLayout[1]/android.widget.FrameLayout[1]/android.widget.FrameLayout[1]/android.widget.FrameLayout[1]/android.widget.RelativeLayout[1]/android.widget.ScrollView[1]/android.widget.LinearLayout[1]/android.widget.RelativeLayout[2]/android.widget.RelativeLayout[1]/android.widget.RelativeLayout[2]
2016-09-23 15:04:41 sys_log : [INFO] 报告主人,有1个节点任务出栈并加入黑名单 -> 现在还有29个任务待运行, [android.widget.ImageView,,,com.alibaba.aliyun:id/img_2,2], 887f223cae924d5f36e08ec31f717a0e-48,877-252,937-//android.widget.FrameLayout[1]/android.widget.LinearLayout[1]/android.widget.FrameLayout[1]/android.widget.FrameLayout[1]/android.widget.FrameLayout[1]/android.widget.RelativeLayout[1]/android.widget.ScrollView[1]/android.widget.LinearLayout[1]/android.widget.RelativeLayout[2]/android.widget.RelativeLayout[1]/android.widget.LinearLayout[1]/android.widget.ImageView[1]
2016-09-23 15:04:42 sys_log : [INFO] 当前节点任务所属窗口是否就是当前窗口 -> false
2016-09-23 15:04:42 sys_log : [INFO] 887f223cae924d5f36e08ec31f717a0e >> 103faddd695e971381b74d5025845613, 窗口迁移至新窗口......
2016-09-23 15:04:42 sys_log : [INFO] 相同窗口执行次数 -> 0
2016-09-23 15:04:42 sys_log : [INFO] [android.widget.ImageView,,,com.alibaba.aliyun:id/img_2,2], 887f223cae924d5f36e08ec31f717a0e >> 103faddd695e971381b74d5025845613, 窗口虽然发生迁移,但已达到最大遍历深度 -> 2, 点击返回......
2016-09-23 15:04:48 sys_log : [INFO] [android.widget.ImageView,,,com.alibaba.aliyun:id/img_2,2], 887f223cae924d5f36e08ec31f717a0e >> 开始执行节点任务......
2016-09-23 15:04:48 sys_log : [INFO] click -> [info = android.widget.ImageView,,,com.alibaba.aliyun:id/img_2,2], [depth = 2]887f223cae924d5f36e08ec31f717a0e-48,877-252,937-//android.widget.FrameLayout[1]/android.widget.LinearLayout[1]/android.widget.FrameLayout[1]/android.widget.FrameLayout[1]/android.widget.FrameLayout[1]/android.widget.RelativeLayout[1]/android.widget.ScrollView[1]/android.widget.LinearLayout[1]/android.widget.RelativeLayout[2]/android.widget.RelativeLayout[1]/android.widget.LinearLayout[1]/android.widget.ImageView[1]
2016-09-23 15:04:52 sys_log : [INFO] 报告主人,有1个节点任务出栈并加入黑名单 -> 现在还有28个任务待运行, [android.widget.TextView,更多,,com.alibaba.aliyun:id/cloudmarket_more,2], 887f223cae924d5f36e08ec31f717a0e-930,1028-1002,1077-//android.widget.FrameLayout[1]/android.widget.LinearLayout[1]/android.widget.FrameLayout[1]/android.widget.FrameLayout[1]/android.widget.FrameLayout[1]/android.widget.RelativeLayout[1]/android.widget.ScrollView[1]/android.widget.LinearLayout[1]/android.widget.LinearLayout[1]/android.widget.LinearLayout[1]/android.widget.TextView[3]
2016-09-23 15:04:55 sys_log : [INFO] 当前节点任务所属窗口是否就是当前窗口 -> false
2016-09-23 15:04:55 sys_log : [INFO] 887f223cae924d5f36e08ec31f717a0e >> 9e4603d085c6691ae1be33b2b109ebd3, 窗口迁移至新窗口......
2016-09-23 15:04:55 sys_log : [INFO] 相同窗口执行次数 -> 0
2016-09-23 15:04:55 sys_log : [INFO] [android.widget.TextView,更多,,com.alibaba.aliyun:id/cloudmarket_more,2], 887f223cae924d5f36e08ec31f717a0e >> 9e4603d085c6691ae1be33b2b109ebd3, 窗口虽然发生迁移,但已达到最大遍历深度 -> 2, 点击返回......
2016-09-23 15:05:05 sys_log : [INFO] [android.widget.TextView,更多,,com.alibaba.aliyun:id/cloudmarket_more,2], 887f223cae924d5f36e08ec31f717a0e >> 开始执行节点任务......
2016-09-23 15:05:05 sys_log : [INFO] click -> [info = android.widget.TextView,更多,,com.alibaba.aliyun:id/cloudmarket_more,2], [depth = 2]887f223cae924d5f36e08ec31f717a0e-930,1028-1002,1077-//android.widget.FrameLayout[1]/android.widget.LinearLayout[1]/android.widget.FrameLayout[1]/android.widget.FrameLayout[1]/android.widget.FrameLayout[1]/android.widget.RelativeLayout[1]/android.widget.ScrollView[1]/android.widget.LinearLayout[1]/android.widget.LinearLayout[1]/android.widget.LinearLayout[1]/android.widget.TextView[3]
2016-09-23 15:05:09 sys_log : [INFO] 报告主人,有1个节点任务出栈并加入黑名单 -> 现在还有27个任务待运行, [android.widget.RelativeLayout,,,com.alibaba.aliyun:id/pluginLayout,2], 887f223cae924d5f36e08ec31f717a0e-0,1114-270,1453-//android.widget.FrameLayout[1]/android.widget.LinearLayout[1]/android.widget.FrameLayout[1]/android.widget.FrameLayout[1]/android.widget.FrameLayout[1]/android.widget.RelativeLayout[1]/android.widget.ScrollView[1]/android.widget.LinearLayout[1]/android.widget.LinearLayout[1]/android.widget.GridView[1]/android.widget.RelativeLayout[1]
2016-09-23 15:05:11 sys_log : [INFO] 当前节点任务所属窗口是否就是当前窗口 -> false
2016-09-23 15:05:11 sys_log : [INFO] 887f223cae924d5f36e08ec31f717a0e >> af0960f10f822e4def715e865af5b3e6, 窗口迁移至新窗口......
2016-09-23 15:05:11 sys_log : [INFO] 相同窗口执行次数 -> 0
2016-09-23 15:05:11 sys_log : [INFO] [android.widget.RelativeLayout,,,com.alibaba.aliyun:id/pluginLayout,2], 887f223cae924d5f36e08ec31f717a0e >> af0960f10f822e4def715e865af5b3e6, 窗口虽然发生迁移,但已达到最大遍历深度 -> 2, 点击返回......
2016-09-23 15:05:17 sys_log : [INFO] [android.widget.RelativeLayout,,,com.alibaba.aliyun:id/pluginLayout,2], 887f223cae924d5f36e08ec31f717a0e >> 开始执行节点任务......
2016-09-23 15:05:17 sys_log : [INFO] click -> [info = android.widget.RelativeLayout,,,com.alibaba.aliyun:id/pluginLayout,2], [depth = 2]887f223cae924d5f36e08ec31f717a0e-0,1114-270,1453-//android.widget.FrameLayout[1]/android.widget.LinearLayout[1]/android.widget.FrameLayout[1]/android.widget.FrameLayout[1]/android.widget.FrameLayout[1]/android.widget.RelativeLayout[1]/android.widget.ScrollView[1]/android.widget.LinearLayout[1]/android.widget.LinearLayout[1]/android.widget.GridView[1]/android.widget.RelativeLayout[1]
2016-09-23 15:05:21 sys_log : [INFO] 报告主人,有1个节点任务出栈并加入黑名单 -> 现在还有26个任务待运行, [android.widget.RelativeLayout,,,com.alibaba.aliyun:id/pluginLayout,2], 887f223cae924d5f36e08ec31f717a0e-270,1114-540,1453-//android.widget.FrameLayout[1]/android.widget.LinearLayout[1]/android.widget.FrameLayout[1]/android.widget.FrameLayout[1]/android.widget.FrameLayout[1]/android.widget.RelativeLayout[1]/android.widget.ScrollView[1]/android.widget.LinearLayout[1]/android.widget.LinearLayout[1]/android.widget.GridView[1]/android.widget.RelativeLayout[2]
2016-09-23 15:05:23 sys_log : [INFO] 当前节点任务所属窗口是否就是当前窗口 -> false
2016-09-23 15:05:23 sys_log : [INFO] 887f223cae924d5f36e08ec31f717a0e >> 8aa1591ad8f667e21bb507a9fef7b9fb, 窗口迁移至新窗口......
2016-09-23 15:05:23 sys_log : [INFO] 相同窗口执行次数 -> 0
2016-09-23 15:05:23 sys_log : [INFO] [android.widget.RelativeLayout,,,com.alibaba.aliyun:id/pluginLayout,2], 887f223cae924d5f36e08ec31f717a0e >> 8aa1591ad8f667e21bb507a9fef7b9fb, 窗口虽然发生迁移,但已达到最大遍历深度 -> 2, 点击返回......
2016-09-23 15:05:29 sys_log : [INFO] [android.widget.RelativeLayout,,,com.alibaba.aliyun:id/pluginLayout,2], 887f223cae924d5f36e08ec31f717a0e >> 开始执行节点任务......
2016-09-23 15:05:29 sys_log : [INFO] click -> [info = android.widget.RelativeLayout,,,com.alibaba.aliyun:id/pluginLayout,2], [depth = 2]887f223cae924d5f36e08ec31f717a0e-270,1114-540,1453-//android.widget.FrameLayout[1]/android.widget.LinearLayout[1]/android.widget.FrameLayout[1]/android.widget.FrameLayout[1]/android.widget.FrameLayout[1]/android.widget.RelativeLayout[1]/android.widget.ScrollView[1]/android.widget.LinearLayout[1]/android.widget.LinearLayout[1]/android.widget.GridView[1]/android.widget.RelativeLayout[2]
2016-09-23 15:05:33 sys_log : [INFO] 报告主人,有1个节点任务出栈并加入黑名单 -> 现在还有25个任务待运行, [android.widget.RelativeLayout,,,com.alibaba.aliyun:id/pluginLayout,2], 887f223cae924d5f36e08ec31f717a0e-540,1114-810,1453-//android.widget.FrameLayout[1]/android.widget.LinearLayout[1]/android.widget.FrameLayout[1]/android.widget.FrameLayout[1]/android.widget.FrameLayout[1]/android.widget.RelativeLayout[1]/android.widget.ScrollView[1]/android.widget.LinearLayout[1]/android.widget.LinearLayout[1]/android.widget.GridView[1]/android.widget.RelativeLayout[3]
2016-09-23 15:05:35 sys_log : [INFO] 当前节点任务所属窗口是否就是当前窗口 -> false
2016-09-23 15:05:35 sys_log : [INFO] 887f223cae924d5f36e08ec31f717a0e >> d0ad35234f0d94c77f0494190ad2c294, 窗口迁移至新窗口......
2016-09-23 15:05:35 sys_log : [INFO] 相同窗口执行次数 -> 0
2016-09-23 15:05:35 sys_log : [INFO] [android.widget.RelativeLayout,,,com.alibaba.aliyun:id/pluginLayout,2], 887f223cae924d5f36e08ec31f717a0e >> d0ad35234f0d94c77f0494190ad2c294, 窗口虽然发生迁移,但已达到最大遍历深度 -> 2, 点击返回......
2016-09-23 15:05:41 sys_log : [INFO] [android.widget.RelativeLayout,,,com.alibaba.aliyun:id/pluginLayout,2], 887f223cae924d5f36e08ec31f717a0e >> 开始执行节点任务......
2016-09-23 15:05:41 sys_log : [INFO] click -> [info = android.widget.RelativeLayout,,,com.alibaba.aliyun:id/pluginLayout,2], [depth = 2]887f223cae924d5f36e08ec31f717a0e-540,1114-810,1453-//android.widget.FrameLayout[1]/android.widget.LinearLayout[1]/android.widget.FrameLayout[1]/android.widget.FrameLayout[1]/android.widget.FrameLayout[1]/android.widget.RelativeLayout[1]/android.widget.ScrollView[1]/android.widget.LinearLayout[1]/android.widget.LinearLayout[1]/android.widget.GridView[1]/android.widget.RelativeLayout[3]
2016-09-23 15:05:45 sys_log : [INFO] 报告主人,有1个节点任务出栈并加入黑名单 -> 现在还有24个任务待运行, [android.widget.RelativeLayout,,,com.alibaba.aliyun:id/pluginLayout,2], 887f223cae924d5f36e08ec31f717a0e-810,1114-1080,1453-//android.widget.FrameLayout[1]/android.widget.LinearLayout[1]/android.widget.FrameLayout[1]/android.widget.FrameLayout[1]/android.widget.FrameLayout[1]/android.widget.RelativeLayout[1]/android.widget.ScrollView[1]/android.widget.LinearLayout[1]/android.widget.LinearLayout[1]/android.widget.GridView[1]/android.widget.RelativeLayout[4]
2016-09-23 15:05:46 sys_log : [INFO] 当前节点任务所属窗口是否就是当前窗口 -> false
2016-09-23 15:05:46 sys_log : [INFO] 887f223cae924d5f36e08ec31f717a0e >> 8678490990cb01468f4afe32b327369e, 窗口迁移至新窗口......
2016-09-23 15:05:46 sys_log : [INFO] 相同窗口执行次数 -> 0
2016-09-23 15:05:46 sys_log : [INFO] [android.widget.RelativeLayout,,,com.alibaba.aliyun:id/pluginLayout,2], 887f223cae924d5f36e08ec31f717a0e >> 8678490990cb01468f4afe32b327369e, 窗口虽然发生迁移,但已达到最大遍历深度 -> 2, 点击返回......
2016-09-23 15:05:51 sys_log : [INFO] [android.widget.RelativeLayout,,,com.alibaba.aliyun:id/pluginLayout,2], 887f223cae924d5f36e08ec31f717a0e >> 开始执行节点任务......
2016-09-23 15:05:52 sys_log : [INFO] click -> [info = android.widget.RelativeLayout,,,com.alibaba.aliyun:id/pluginLayout,2], [depth = 2]887f223cae924d5f36e08ec31f717a0e-810,1114-1080,1453-//android.widget.FrameLayout[1]/android.widget.LinearLayout[1]/android.widget.FrameLayout[1]/android.widget.FrameLayout[1]/android.widget.FrameLayout[1]/android.widget.RelativeLayout[1]/android.widget.ScrollView[1]/android.widget.LinearLayout[1]/android.widget.LinearLayout[1]/android.widget.GridView[1]/android.widget.RelativeLayout[4]
2016-09-23 15:05:55 sys_log : [INFO] 报告主人,有1个节点任务出栈并加入黑名单 -> 现在还有23个任务待运行, [android.widget.ImageView,,,,2], 887f223cae924d5f36e08ec31f717a0e-0,1471-1080,1690-//android.widget.FrameLayout[1]/android.widget.LinearLayout[1]/android.widget.FrameLayout[1]/android.widget.FrameLayout[1]/android.widget.FrameLayout[1]/android.widget.RelativeLayout[1]/android.widget.ScrollView[1]/android.widget.LinearLayout[1]/android.widget.FrameLayout[1]/android.widget.FrameLayout[1]/android.support.v4.view.ViewPager[1]/android.widget.ImageView[1]
2016-09-23 15:05:57 sys_log : [INFO] 当前节点任务所属窗口是否就是当前窗口 -> false
2016-09-23 15:05:57 sys_log : [INFO] 887f223cae924d5f36e08ec31f717a0e >> 6a916ae58a8288fff103c4670c1b9f22, 窗口迁移至新窗口......
2016-09-23 15:05:57 sys_log : [INFO] 相同窗口执行次数 -> 0
2016-09-23 15:05:57 sys_log : [INFO] [android.widget.ImageView,,,,2], 887f223cae924d5f36e08ec31f717a0e >> 6a916ae58a8288fff103c4670c1b9f22, 窗口虽然发生迁移,但已达到最大遍历深度 -> 2, 点击返回......
2016-09-23 15:06:03 sys_log : [INFO] [android.widget.ImageView,,,,2], 887f223cae924d5f36e08ec31f717a0e >> 开始执行节点任务......
2016-09-23 15:06:04 sys_log : [INFO] click -> [info = android.widget.ImageView,,,,2], [depth = 2]887f223cae924d5f36e08ec31f717a0e-0,1471-1080,1690-//android.widget.FrameLayout[1]/android.widget.LinearLayout[1]/android.widget.FrameLayout[1]/android.widget.FrameLayout[1]/android.widget.FrameLayout[1]/android.widget.RelativeLayout[1]/android.widget.ScrollView[1]/android.widget.LinearLayout[1]/android.widget.FrameLayout[1]/android.widget.FrameLayout[1]/android.support.v4.view.ViewPager[1]/android.widget.ImageView[1]
2016-09-23 15:06:08 sys_log : [INFO] 报告主人,有1个节点任务出栈并加入黑名单 -> 现在还有22个任务待运行, [android.widget.ImageView,,,,2], 887f223cae924d5f36e08ec31f717a0e-0,1471-1080,1690-//android.widget.FrameLayout[1]/android.widget.LinearLayout[1]/android.widget.FrameLayout[1]/android.widget.FrameLayout[1]/android.widget.FrameLayout[1]/android.widget.RelativeLayout[1]/android.widget.ScrollView[1]/android.widget.LinearLayout[1]/android.widget.FrameLayout[1]/android.widget.FrameLayout[1]/android.support.v4.view.ViewPager[1]/android.widget.ImageView[2]
2016-09-23 15:06:11 sys_log : [INFO] 当前节点任务所属窗口是否就是当前窗口 -> false
2016-09-23 15:06:11 sys_log : [INFO] 887f223cae924d5f36e08ec31f717a0e >> 4015381d9036f5cee024313422e1c546, 窗口迁移至新窗口......
2016-09-23 15:06:11 sys_log : [INFO] 相同窗口执行次数 -> 0
2016-09-23 15:06:11 sys_log : [INFO] [android.widget.ImageView,,,,2], 887f223cae924d5f36e08ec31f717a0e >> 4015381d9036f5cee024313422e1c546, 窗口虽然发生迁移,但已达到最大遍历深度 -> 2, 点击返回......
2016-09-23 15:06:14 sys_log : [INFO] [android.widget.ImageView,,,,2], 887f223cae924d5f36e08ec31f717a0e >> 开始执行节点任务......
2016-09-23 15:06:45 sys_log : [ERROR]   节点任务 -> [info = android.widget.ImageView,,,,2], NoSuchElementException, 弹出下一个节点任务, 887f223cae924d5f36e08ec31f717a0e-0,1471-1080,1690-//android.widget.FrameLayout[1]/android.widget.LinearLayout[1]/android.widget.FrameLayout[1]/android.widget.FrameLayout[1]/android.widget.FrameLayout[1]/android.widget.RelativeLayout[1]/android.widget.ScrollView[1]/android.widget.LinearLayout[1]/android.widget.FrameLayout[1]/android.widget.FrameLayout[1]/android.support.v4.view.ViewPager[1]/android.widget.ImageView[2]
2016-09-23 15:06:48 sys_log : [INFO] 报告主人,有1个节点任务出栈并加入黑名单 -> 现在还有21个任务待运行, [android.widget.TextView,更多,,com.alibaba.aliyun:id/solution_more,2], 887f223cae924d5f36e08ec31f717a0e-930,1744-1002,1770-//android.widget.FrameLayout[1]/android.widget.LinearLayout[1]/android.widget.FrameLayout[1]/android.widget.FrameLayout[1]/android.widget.FrameLayout[1]/android.widget.RelativeLayout[1]/android.widget.ScrollView[1]/android.widget.LinearLayout[1]/android.widget.LinearLayout[2]/android.widget.LinearLayout[1]/android.widget.TextView[3]
2016-09-23 15:06:52 sys_log : [INFO] 当前节点任务所属窗口是否就是当前窗口 -> false
2016-09-23 15:06:52 sys_log : [INFO] 887f223cae924d5f36e08ec31f717a0e >> 4015381d9036f5cee024313422e1c546, 窗口迁移至新窗口......
2016-09-23 15:06:52 sys_log : [INFO] 相同窗口执行次数 -> 1
2016-09-23 15:06:52 sys_log : [INFO] [android.widget.TextView,更多,,com.alibaba.aliyun:id/solution_more,2], 887f223cae924d5f36e08ec31f717a0e >> 4015381d9036f5cee024313422e1c546, 窗口虽然发生迁移,但已达到最大遍历深度 -> 2, 点击返回......
2016-09-23 15:07:02 sys_log : [INFO] [android.widget.TextView,更多,,com.alibaba.aliyun:id/solution_more,2], 887f223cae924d5f36e08ec31f717a0e >> 开始执行节点任务......
2016-09-23 15:07:33 sys_log : [ERROR]   节点任务 -> [info = android.widget.TextView,更多,,com.alibaba.aliyun:id/solution_more,2], NoSuchElementException, 弹出下一个节点任务, 887f223cae924d5f36e08ec31f717a0e-930,1744-1002,1770-//android.widget.FrameLayout[1]/android.widget.LinearLayout[1]/android.widget.FrameLayout[1]/android.widget.FrameLayout[1]/android.widget.FrameLayout[1]/android.widget.RelativeLayout[1]/android.widget.ScrollView[1]/android.widget.LinearLayout[1]/android.widget.LinearLayout[2]/android.widget.LinearLayout[1]/android.widget.TextView[3]
2016-09-23 15:07:36 sys_log : [INFO] 报告主人,有1个节点任务出栈并加入黑名单 -> 现在还有20个任务待运行, [android.widget.RelativeLayout,,,,2], 887f223cae924d5f36e08ec31f717a0e-0,1770-270,1920-//android.widget.FrameLayout[1]/android.widget.LinearLayout[1]/android.widget.FrameLayout[1]/android.widget.FrameLayout[1]/android.widget.LinearLayout[1]/android.widget.RelativeLayout[1]
2016-09-23 15:07:41 sys_log : [INFO] 当前节点任务所属窗口是否就是当前窗口 -> false
2016-09-23 15:07:41 sys_log : [INFO] 887f223cae924d5f36e08ec31f717a0e >> 4015381d9036f5cee024313422e1c546, 窗口迁移至新窗口......
2016-09-23 15:07:41 sys_log : [INFO] 相同窗口执行次数 -> 2
2016-09-23 15:07:41 sys_log : [INFO] [android.widget.RelativeLayout,,,,2], 887f223cae924d5f36e08ec31f717a0e >> 4015381d9036f5cee024313422e1c546, 窗口虽然发生迁移,但已达到最大遍历深度 -> 2, 点击返回......
2016-09-23 15:07:56 sys_log : [INFO] [android.widget.RelativeLayout,,,,2], 887f223cae924d5f36e08ec31f717a0e >> 开始执行节点任务......
2016-09-23 15:08:27 sys_log : [ERROR]   节点任务 -> [info = android.widget.RelativeLayout,,,,2], NoSuchElementException, 弹出下一个节点任务, 887f223cae924d5f36e08ec31f717a0e-0,1770-270,1920-//android.widget.FrameLayout[1]/android.widget.LinearLayout[1]/android.widget.FrameLayout[1]/android.widget.FrameLayout[1]/android.widget.LinearLayout[1]/android.widget.RelativeLayout[1]
2016-09-23 15:08:30 sys_log : [INFO] 报告主人,有1个节点任务出栈并加入黑名单 -> 现在还有19个任务待运行, [android.widget.RelativeLayout,,,,2], 887f223cae924d5f36e08ec31f717a0e-270,1770-540,1920-//android.widget.FrameLayout[1]/android.widget.LinearLayout[1]/android.widget.FrameLayout[1]/android.widget.FrameLayout[1]/android.widget.LinearLayout[1]/android.widget.RelativeLayout[2]
2016-09-23 15:08:36 sys_log : [INFO] 当前节点任务所属窗口是否就是当前窗口 -> false
2016-09-23 15:08:36 sys_log : [INFO] 887f223cae924d5f36e08ec31f717a0e >> 4015381d9036f5cee024313422e1c546, 窗口迁移至新窗口......
2016-09-23 15:08:36 sys_log : [INFO] 相同窗口执行次数 -> 3
2016-09-23 15:08:36 sys_log : [INFO] [android.widget.RelativeLayout,,,,2], 887f223cae924d5f36e08ec31f717a0e >> 4015381d9036f5cee024313422e1c546, 窗口虽然发生迁移,但已达到最大遍历深度 -> 2, 点击返回......
2016-09-23 15:08:54 sys_log : [INFO] [android.widget.RelativeLayout,,,,2], 887f223cae924d5f36e08ec31f717a0e >> 开始执行节点任务......
2016-09-23 15:09:25 sys_log : [ERROR]   节点任务 -> [info = android.widget.RelativeLayout,,,,2], NoSuchElementException, 弹出下一个节点任务, 887f223cae924d5f36e08ec31f717a0e-270,1770-540,1920-//android.widget.FrameLayout[1]/android.widget.LinearLayout[1]/android.widget.FrameLayout[1]/android.widget.FrameLayout[1]/android.widget.LinearLayout[1]/android.widget.RelativeLayout[2]
2016-09-23 15:09:28 sys_log : [INFO] 报告主人,有1个节点任务出栈并加入黑名单 -> 现在还有18个任务待运行, [android.widget.RelativeLayout,,,,2], 887f223cae924d5f36e08ec31f717a0e-540,1770-810,1920-//android.widget.FrameLayout[1]/android.widget.LinearLayout[1]/android.widget.FrameLayout[1]/android.widget.FrameLayout[1]/android.widget.LinearLayout[1]/android.widget.RelativeLayout[3]
2016-09-23 15:09:35 sys_log : [INFO] 当前节点任务所属窗口是否就是当前窗口 -> false
2016-09-23 15:09:35 sys_log : [INFO] 887f223cae924d5f36e08ec31f717a0e >> 4015381d9036f5cee024313422e1c546, 窗口迁移至新窗口......
2016-09-23 15:09:35 sys_log : [INFO] 相同窗口执行次数 -> 4
2016-09-23 15:09:35 sys_log : [INFO] [android.widget.RelativeLayout,,,,2], 887f223cae924d5f36e08ec31f717a0e >> 4015381d9036f5cee024313422e1c546, 窗口虽然发生迁移,但已达到最大遍历深度 -> 2, 点击返回......
2016-09-23 15:09:59 sys_log : [INFO] [android.widget.RelativeLayout,,,,2], 887f223cae924d5f36e08ec31f717a0e >> 开始执行节点任务......
2016-09-23 15:10:29 sys_log : [ERROR]   节点任务 -> [info = android.widget.RelativeLayout,,,,2], NoSuchElementException, 弹出下一个节点任务, 887f223cae924d5f36e08ec31f717a0e-540,1770-810,1920-//android.widget.FrameLayout[1]/android.widget.LinearLayout[1]/android.widget.FrameLayout[1]/android.widget.FrameLayout[1]/android.widget.LinearLayout[1]/android.widget.RelativeLayout[3]
2016-09-23 15:10:32 sys_log : [INFO] 报告主人,有1个节点任务出栈并加入黑名单 -> 现在还有17个任务待运行, [android.widget.RelativeLayout,,,,2], 887f223cae924d5f36e08ec31f717a0e-810,1770-1080,1920-//android.widget.FrameLayout[1]/android.widget.LinearLayout[1]/android.widget.FrameLayout[1]/android.widget.FrameLayout[1]/android.widget.LinearLayout[1]/android.widget.RelativeLayout[4]
2016-09-23 15:10:41 sys_log : [INFO] 当前节点任务所属窗口是否就是当前窗口 -> false
2016-09-23 15:10:41 sys_log : [INFO] 887f223cae924d5f36e08ec31f717a0e >> 4015381d9036f5cee024313422e1c546, 窗口迁移至新窗口......
2016-09-23 15:10:41 sys_log : [INFO] 相同窗口执行次数 -> 5
2016-09-23 15:10:41 sys_log : [INFO] [android.widget.RelativeLayout,,,,2], 887f223cae924d5f36e08ec31f717a0e >> 4015381d9036f5cee024313422e1c546, 窗口虽然发生迁移,但已达到最大遍历深度 -> 2, 点击返回......
2016-09-23 15:11:05 sys_log : [INFO] [android.widget.RelativeLayout,,,,2], 887f223cae924d5f36e08ec31f717a0e >> 开始执行节点任务......
2016-09-23 15:11:36 sys_log : [ERROR]   节点任务 -> [info = android.widget.RelativeLayout,,,,2], NoSuchElementException, 弹出下一个节点任务, 887f223cae924d5f36e08ec31f717a0e-810,1770-1080,1920-//android.widget.FrameLayout[1]/android.widget.LinearLayout[1]/android.widget.FrameLayout[1]/android.widget.FrameLayout[1]/android.widget.LinearLayout[1]/android.widget.RelativeLayout[4]
2016-09-23 15:11:39 sys_log : [INFO] 报告主人,有1个节点任务出栈并加入黑名单 -> 现在还有16个任务待运行, [android.widget.RelativeLayout,,,com.alibaba.aliyun:id/pluginLayout,1], 887f223cae924d5f36e08ec31f717a0e-270,219-540,534-//android.widget.FrameLayout[1]/android.widget.LinearLayout[1]/android.widget.FrameLayout[1]/android.widget.FrameLayout[1]/android.widget.FrameLayout[1]/android.widget.RelativeLayout[1]/android.widget.ScrollView[1]/android.widget.LinearLayout[1]/android.support.v7.widget.RecyclerView[1]/android.widget.RelativeLayout[2]
2016-09-23 15:11:40 sys_log : [INFO] 当前节点任务所属窗口是否就是当前窗口 -> false
2016-09-23 15:11:40 sys_log : [INFO] 887f223cae924d5f36e08ec31f717a0e >> 4015381d9036f5cee024313422e1c546, 窗口迁移至新窗口......
2016-09-23 15:11:40 sys_log : [INFO] 相同窗口执行次数 -> 6
2016-09-23 15:11:41 sys_log : [INFO] 1个新任务准备入栈......
2016-09-23 15:11:41 sys_log : [INFO] 1个新任务允许入栈......
2016-09-23 15:11:41 sys_log : [INFO] 任务栈已更新, 1个新任务允许入栈, 现在还有18个任务待运行......
2016-09-23 15:11:41 sys_log : [INFO] 任务栈已更新,现在还有17个任务待运行......
2016-09-23 15:11:41 sys_log : [INFO] [android.widget.LinearLayout,,,com.android.systemui:id/date_box,2], a709769757b74c3910f5571849b419a >> 开始执行节点任务......
2016-09-23 15:11:41 sys_log : [INFO] click -> [info = android.widget.LinearLayout,,,com.android.systemui:id/date_box,2], [depth = 2]a709769757b74c3910f5571849b419a-390,425-690,482-//android.widget.FrameLayout[1]/android.widget.FrameLayout[2]/android.widget.FrameLayout[1]/android.widget.FrameLayout[2]/android.widget.LinearLayout[1]/android.widget.LinearLayout[2]
2016-09-23 15:11:45 sys_log : [INFO] a709769757b74c3910f5571849b419a == a709769757b74c3910f5571849b419a, 窗口未发生迁移,并且本窗口节点任务已遍历完毕,点击返回......
2016-09-23 15:11:51 sys_log : [INFO] 报告主人,有1个节点任务出栈并加入黑名单 -> 现在还有16个任务待运行, [android.widget.RelativeLayout,,,com.alibaba.aliyun:id/pluginLayout,1], 887f223cae924d5f36e08ec31f717a0e-270,219-540,534-//android.widget.FrameLayout[1]/android.widget.LinearLayout[1]/android.widget.FrameLayout[1]/android.widget.FrameLayout[1]/android.widget.FrameLayout[1]/android.widget.RelativeLayout[1]/android.widget.ScrollView[1]/android.widget.LinearLayout[1]/android.support.v7.widget.RecyclerView[1]/android.widget.RelativeLayout[2]
2016-09-23 15:11:53 sys_log : [INFO] 当前节点任务所属窗口是否就是当前窗口 -> false
2016-09-23 15:11:53 sys_log : [INFO] 887f223cae924d5f36e08ec31f717a0e >> a709769757b74c3910f5571849b419a, 窗口迁移至新窗口......
2016-09-23 15:11:53 sys_log : [INFO] 相同窗口执行次数 -> 0
2016-09-23 15:11:53 sys_log : [INFO] 1个新任务准备入栈......
2016-09-23 15:11:53 sys_log : [INFO] 887f223cae924d5f36e08ec31f717a0e >> a709769757b74c3910f5571849b419a, 窗口虽然发生迁移,但没有新任务加入, 并且本窗口节点任务已遍历完毕,点击返回......
2016-09-23 15:11:59 sys_log : [INFO] [android.widget.RelativeLayout,,,com.alibaba.aliyun:id/pluginLayout,1], 887f223cae924d5f36e08ec31f717a0e >> 开始执行节点任务......
2016-09-23 15:12:29 sys_log : [ERROR]   节点任务 -> [info = android.widget.RelativeLayout,,,com.alibaba.aliyun:id/pluginLayout,1], NoSuchElementException, 弹出下一个节点任务, 887f223cae924d5f36e08ec31f717a0e-270,219-540,534-//android.widget.FrameLayout[1]/android.widget.LinearLayout[1]/android.widget.FrameLayout[1]/android.widget.FrameLayout[1]/android.widget.FrameLayout[1]/android.widget.RelativeLayout[1]/android.widget.ScrollView[1]/android.widget.LinearLayout[1]/android.support.v7.widget.RecyclerView[1]/android.widget.RelativeLayout[2]
2016-09-23 15:12:32 sys_log : [INFO] 报告主人,有1个节点任务出栈并加入黑名单 -> 现在还有15个任务待运行, [android.widget.RelativeLayout,,,com.alibaba.aliyun:id/pluginLayout,1], 887f223cae924d5f36e08ec31f717a0e-540,219-810,534-//android.widget.FrameLayout[1]/android.widget.LinearLayout[1]/android.widget.FrameLayout[1]/android.widget.FrameLayout[1]/android.widget.FrameLayout[1]/android.widget.RelativeLayout[1]/android.widget.ScrollView[1]/android.widget.LinearLayout[1]/android.support.v7.widget.RecyclerView[1]/android.widget.RelativeLayout[3]
2016-09-23 15:12:34 sys_log : [INFO] 当前节点任务所属窗口是否就是当前窗口 -> false
2016-09-23 15:12:34 sys_log : [INFO] 887f223cae924d5f36e08ec31f717a0e >> a709769757b74c3910f5571849b419a, 窗口迁移至新窗口......
2016-09-23 15:12:34 sys_log : [INFO] 相同窗口执行次数 -> 1
2016-09-23 15:12:34 sys_log : [INFO] 1个新任务准备入栈......
2016-09-23 15:12:34 sys_log : [INFO] 887f223cae924d5f36e08ec31f717a0e >> a709769757b74c3910f5571849b419a, 窗口虽然发生迁移,但没有新任务加入, 并且本窗口节点任务已遍历完毕,点击返回......
2016-09-23 15:12:42 sys_log : [INFO] [android.widget.RelativeLayout,,,com.alibaba.aliyun:id/pluginLayout,1], 887f223cae924d5f36e08ec31f717a0e >> 开始执行节点任务......
2016-09-23 15:13:12 sys_log : [ERROR]   节点任务 -> [info = android.widget.RelativeLayout,,,com.alibaba.aliyun:id/pluginLayout,1], NoSuchElementException, 弹出下一个节点任务, 887f223cae924d5f36e08ec31f717a0e-540,219-810,534-//android.widget.FrameLayout[1]/android.widget.LinearLayout[1]/android.widget.FrameLayout[1]/android.widget.FrameLayout[1]/android.widget.FrameLayout[1]/android.widget.RelativeLayout[1]/android.widget.ScrollView[1]/android.widget.LinearLayout[1]/android.support.v7.widget.RecyclerView[1]/android.widget.RelativeLayout[3]
2016-09-23 15:13:15 sys_log : [INFO] 报告主人,有1个节点任务出栈并加入黑名单 -> 现在还有14个任务待运行, [android.widget.RelativeLayout,,,com.alibaba.aliyun:id/pluginLayout,1], 887f223cae924d5f36e08ec31f717a0e-810,219-1080,534-//android.widget.FrameLayout[1]/android.widget.LinearLayout[1]/android.widget.FrameLayout[1]/android.widget.FrameLayout[1]/android.widget.FrameLayout[1]/android.widget.RelativeLayout[1]/android.widget.ScrollView[1]/android.widget.LinearLayout[1]/android.support.v7.widget.RecyclerView[1]/android.widget.RelativeLayout[4]
2016-09-23 15:13:17 sys_log : [INFO] 当前节点任务所属窗口是否就是当前窗口 -> false
2016-09-23 15:13:17 sys_log : [INFO] 887f223cae924d5f36e08ec31f717a0e >> a709769757b74c3910f5571849b419a, 窗口迁移至新窗口......
2016-09-23 15:13:17 sys_log : [INFO] 相同窗口执行次数 -> 2
2016-09-23 15:13:18 sys_log : [INFO] 1个新任务准备入栈......
2016-09-23 15:13:18 sys_log : [INFO] 887f223cae924d5f36e08ec31f717a0e >> a709769757b74c3910f5571849b419a, 窗口虽然发生迁移,但没有新任务加入, 并且本窗口节点任务已遍历完毕,点击返回......
2016-09-23 15:13:25 sys_log : [INFO] [android.widget.RelativeLayout,,,com.alibaba.aliyun:id/pluginLayout,1], 887f223cae924d5f36e08ec31f717a0e >> 开始执行节点任务......
2016-09-23 15:13:56 sys_log : [ERROR]   节点任务 -> [info = android.widget.RelativeLayout,,,com.alibaba.aliyun:id/pluginLayout,1], NoSuchElementException, 弹出下一个节点任务, 887f223cae924d5f36e08ec31f717a0e-810,219-1080,534-//android.widget.FrameLayout[1]/android.widget.LinearLayout[1]/android.widget.FrameLayout[1]/android.widget.FrameLayout[1]/android.widget.FrameLayout[1]/android.widget.RelativeLayout[1]/android.widget.ScrollView[1]/android.widget.LinearLayout[1]/android.support.v7.widget.RecyclerView[1]/android.widget.RelativeLayout[4]
2016-09-23 15:13:59 sys_log : [INFO] 报告主人,有1个节点任务出栈并加入黑名单 -> 现在还有13个任务待运行, [android.widget.RelativeLayout,,,com.alibaba.aliyun:id/item_0,1], 887f223cae924d5f36e08ec31f717a0e-0,606-540,840-//android.widget.FrameLayout[1]/android.widget.LinearLayout[1]/android.widget.FrameLayout[1]/android.widget.FrameLayout[1]/android.widget.FrameLayout[1]/android.widget.RelativeLayout[1]/android.widget.ScrollView[1]/android.widget.LinearLayout[1]/android.widget.RelativeLayout[2]/android.widget.RelativeLayout[1]/android.widget.RelativeLayout[1]
2016-09-23 15:14:01 sys_log : [INFO] 当前节点任务所属窗口是否就是当前窗口 -> false
2016-09-23 15:14:01 sys_log : [INFO] 887f223cae924d5f36e08ec31f717a0e >> a709769757b74c3910f5571849b419a, 窗口迁移至新窗口......
2016-09-23 15:14:01 sys_log : [INFO] 相同窗口执行次数 -> 3
2016-09-23 15:14:01 sys_log : [INFO] 1个新任务准备入栈......
2016-09-23 15:14:01 sys_log : [INFO] 887f223cae924d5f36e08ec31f717a0e >> a709769757b74c3910f5571849b419a, 窗口虽然发生迁移,但没有新任务加入, 并且本窗口节点任务已遍历完毕,点击返回......
2016-09-23 15:14:11 sys_log : [INFO] [android.widget.RelativeLayout,,,com.alibaba.aliyun:id/item_0,1], 887f223cae924d5f36e08ec31f717a0e >> 开始执行节点任务......
2016-09-23 15:14:41 sys_log : [ERROR]   节点任务 -> [info = android.widget.RelativeLayout,,,com.alibaba.aliyun:id/item_0,1], NoSuchElementException, 弹出下一个节点任务, 887f223cae924d5f36e08ec31f717a0e-0,606-540,840-//android.widget.FrameLayout[1]/android.widget.LinearLayout[1]/android.widget.FrameLayout[1]/android.widget.FrameLayout[1]/android.widget.FrameLayout[1]/android.widget.RelativeLayout[1]/android.widget.ScrollView[1]/android.widget.LinearLayout[1]/android.widget.RelativeLayout[2]/android.widget.RelativeLayout[1]/android.widget.RelativeLayout[1]
2016-09-23 15:14:44 sys_log : [INFO] 报告主人,有1个节点任务出栈并加入黑名单 -> 现在还有12个任务待运行, [android.widget.RelativeLayout,,,com.alibaba.aliyun:id/item_1,1], 887f223cae924d5f36e08ec31f717a0e-541,606-1080,840-//android.widget.FrameLayout[1]/android.widget.LinearLayout[1]/android.widget.FrameLayout[1]/android.widget.FrameLayout[1]/android.widget.FrameLayout[1]/android.widget.RelativeLayout[1]/android.widget.ScrollView[1]/android.widget.LinearLayout[1]/android.widget.RelativeLayout[2]/android.widget.RelativeLayout[1]/android.widget.RelativeLayout[2]
2016-09-23 15:14:48 sys_log : [INFO] 当前节点任务所属窗口是否就是当前窗口 -> false
2016-09-23 15:14:48 sys_log : [INFO] 887f223cae924d5f36e08ec31f717a0e >> a709769757b74c3910f5571849b419a, 窗口迁移至新窗口......
2016-09-23 15:14:48 sys_log : [INFO] 相同窗口执行次数 -> 4
2016-09-23 15:14:49 sys_log : [INFO] 25个新任务准备入栈......
2016-09-23 15:14:49 sys_log : [INFO] 25个新任务允许入栈......
2016-09-23 15:14:49 sys_log : [INFO] 任务栈已更新, 25个新任务允许入栈, 现在还有38个任务待运行......
2016-09-23 15:14:49 sys_log : [INFO] 任务栈已更新,现在还有37个任务待运行......
2016-09-23 15:14:49 sys_log : [INFO] [android.widget.LinearLayout,,文件夹：娱乐,,2], 9ed21027e5c3be782319ffbea65f592 >> 开始执行节点任务......
2016-09-23 15:14:49 sys_log : [INFO] click -> [info = android.widget.LinearLayout,,文件夹：娱乐,,2], [depth = 2]9ed21027e5c3be782319ffbea65f592-48,96-294,384-//android.widget.FrameLayout[1]/android.widget.LinearLayout[1]/android.widget.FrameLayout[1]/android.widget.FrameLayout[1]/android.widget.FrameLayout[1]/android.view.View[1]/android.view.View[1]/android.view.View[1]/android.widget.LinearLayout[1]
2016-09-23 15:14:54 sys_log : [INFO] 报告主人,有1个节点任务出栈并加入黑名单 -> 现在还有36个任务待运行, [android.widget.LinearLayout,,文件夹：网银,,2], 9ed21027e5c3be782319ffbea65f592-294,96-540,384-//android.widget.FrameLayout[1]/android.widget.LinearLayout[1]/android.widget.FrameLayout[1]/android.widget.FrameLayout[1]/android.widget.FrameLayout[1]/android.view.View[1]/android.view.View[1]/android.view.View[1]/android.widget.LinearLayout[2]
2016-09-23 15:14:56 sys_log : [INFO] 当前节点任务所属窗口是否就是当前窗口 -> false
2016-09-23 15:14:56 sys_log : [INFO] 9ed21027e5c3be782319ffbea65f592 >> 1adbdc016f413a53bbc8c0249fe868b8, 窗口迁移至新窗口......
2016-09-23 15:14:56 sys_log : [INFO] 相同窗口执行次数 -> 0
2016-09-23 15:14:56 sys_log : [INFO] [android.widget.LinearLayout,,文件夹：网银,,2], 9ed21027e5c3be782319ffbea65f592 >> 1adbdc016f413a53bbc8c0249fe868b8, 窗口虽然发生迁移,但已达到最大遍历深度 -> 2, 点击返回......
2016-09-23 15:15:01 sys_log : [INFO] [android.widget.LinearLayout,,文件夹：网银,,2], 9ed21027e5c3be782319ffbea65f592 >> 开始执行节点任务......
2016-09-23 15:15:33 sys_log : [ERROR]   节点任务 -> [info = android.widget.LinearLayout,,文件夹：网银,,2], NoSuchElementException, 弹出下一个节点任务, 9ed21027e5c3be782319ffbea65f592-294,96-540,384-//android.widget.FrameLayout[1]/android.widget.LinearLayout[1]/android.widget.FrameLayout[1]/android.widget.FrameLayout[1]/android.widget.FrameLayout[1]/android.view.View[1]/android.view.View[1]/android.view.View[1]/android.widget.LinearLayout[2]
2016-09-23 15:15:36 sys_log : [INFO] 报告主人,有1个节点任务出栈并加入黑名单 -> 现在还有35个任务待运行, [android.widget.LinearLayout,,文件夹：系统工具,,2], 9ed21027e5c3be782319ffbea65f592-540,96-786,384-//android.widget.FrameLayout[1]/android.widget.LinearLayout[1]/android.widget.FrameLayout[1]/android.widget.FrameLayout[1]/android.widget.FrameLayout[1]/android.view.View[1]/android.view.View[1]/android.view.View[1]/android.widget.LinearLayout[3]
2016-09-23 15:15:38 sys_log : [INFO] 当前节点任务所属窗口是否就是当前窗口 -> false
2016-09-23 15:15:38 sys_log : [INFO] 9ed21027e5c3be782319ffbea65f592 >> 1adbdc016f413a53bbc8c0249fe868b8, 窗口迁移至新窗口......
2016-09-23 15:15:38 sys_log : [INFO] 相同窗口执行次数 -> 1
2016-09-23 15:15:38 sys_log : [INFO] [android.widget.LinearLayout,,文件夹：系统工具,,2], 9ed21027e5c3be782319ffbea65f592 >> 1adbdc016f413a53bbc8c0249fe868b8, 窗口虽然发生迁移,但已达到最大遍历深度 -> 2, 点击返回......
2016-09-23 15:15:48 sys_log : [INFO] [android.widget.LinearLayout,,文件夹：系统工具,,2], 9ed21027e5c3be782319ffbea65f592 >> 开始执行节点任务......
2016-09-23 15:16:18 sys_log : [ERROR]   节点任务 -> [info = android.widget.LinearLayout,,文件夹：系统工具,,2], NoSuchElementException, 弹出下一个节点任务, 9ed21027e5c3be782319ffbea65f592-540,96-786,384-//android.widget.FrameLayout[1]/android.widget.LinearLayout[1]/android.widget.FrameLayout[1]/android.widget.FrameLayout[1]/android.widget.FrameLayout[1]/android.view.View[1]/android.view.View[1]/android.view.View[1]/android.widget.LinearLayout[3]
2016-09-23 15:16:21 sys_log : [INFO] 报告主人,有1个节点任务出栈并加入黑名单 -> 现在还有34个任务待运行, [android.widget.LinearLayout,,文件夹：教育,,2], 9ed21027e5c3be782319ffbea65f592-786,96-1032,384-//android.widget.FrameLayout[1]/android.widget.LinearLayout[1]/android.widget.FrameLayout[1]/android.widget.FrameLayout[1]/android.widget.FrameLayout[1]/android.view.View[1]/android.view.View[1]/android.view.View[1]/android.widget.LinearLayout[4]
2016-09-23 15:16:23 sys_log : [INFO] 当前节点任务所属窗口是否就是当前窗口 -> false
2016-09-23 15:16:23 sys_log : [INFO] 9ed21027e5c3be782319ffbea65f592 >> 1adbdc016f413a53bbc8c0249fe868b8, 窗口迁移至新窗口......
2016-09-23 15:16:23 sys_log : [INFO] 相同窗口执行次数 -> 2
2016-09-23 15:16:23 sys_log : [INFO] [android.widget.LinearLayout,,文件夹：教育,,2], 9ed21027e5c3be782319ffbea65f592 >> 1adbdc016f413a53bbc8c0249fe868b8, 窗口虽然发生迁移,但已达到最大遍历深度 -> 2, 点击返回......
2016-09-23 15:16:31 sys_log : [INFO] [android.widget.LinearLayout,,文件夹：教育,,2], 9ed21027e5c3be782319ffbea65f592 >> 开始执行节点任务......
2016-09-23 15:17:02 sys_log : [ERROR]   节点任务 -> [info = android.widget.LinearLayout,,文件夹：教育,,2], NoSuchElementException, 弹出下一个节点任务, 9ed21027e5c3be782319ffbea65f592-786,96-1032,384-//android.widget.FrameLayout[1]/android.widget.LinearLayout[1]/android.widget.FrameLayout[1]/android.widget.FrameLayout[1]/android.widget.FrameLayout[1]/android.view.View[1]/android.view.View[1]/android.view.View[1]/android.widget.LinearLayout[4]
2016-09-23 15:17:05 sys_log : [INFO] 报告主人,有1个节点任务出栈并加入黑名单 -> 现在还有33个任务待运行, [android.widget.LinearLayout,,,,2], 9ed21027e5c3be782319ffbea65f592-48,384-294,672-//android.widget.FrameLayout[1]/android.widget.LinearLayout[1]/android.widget.FrameLayout[1]/android.widget.FrameLayout[1]/android.widget.FrameLayout[1]/android.view.View[1]/android.view.View[1]/android.view.View[1]/android.widget.LinearLayout[5]
2016-09-23 15:17:09 sys_log : [INFO] 当前节点任务所属窗口是否就是当前窗口 -> false
2016-09-23 15:17:09 sys_log : [INFO] 9ed21027e5c3be782319ffbea65f592 >> 1adbdc016f413a53bbc8c0249fe868b8, 窗口迁移至新窗口......
2016-09-23 15:17:09 sys_log : [INFO] 相同窗口执行次数 -> 3
2016-09-23 15:17:09 sys_log : [INFO] [android.widget.LinearLayout,,,,2], 9ed21027e5c3be782319ffbea65f592 >> 1adbdc016f413a53bbc8c0249fe868b8, 窗口虽然发生迁移,但已达到最大遍历深度 -> 2, 点击返回......
2016-09-23 15:17:19 sys_log : [INFO] [android.widget.LinearLayout,,,,2], 9ed21027e5c3be782319ffbea65f592 >> 开始执行节点任务......
2016-09-23 15:17:50 sys_log : [ERROR]   节点任务 -> [info = android.widget.LinearLayout,,,,2], NoSuchElementException, 弹出下一个节点任务, 9ed21027e5c3be782319ffbea65f592-48,384-294,672-//android.widget.FrameLayout[1]/android.widget.LinearLayout[1]/android.widget.FrameLayout[1]/android.widget.FrameLayout[1]/android.widget.FrameLayout[1]/android.view.View[1]/android.view.View[1]/android.view.View[1]/android.widget.LinearLayout[5]
2016-09-23 15:17:53 sys_log : [INFO] 报告主人,有1个节点任务出栈并加入黑名单 -> 现在还有32个任务待运行, [android.widget.LinearLayout,,,,2], 9ed21027e5c3be782319ffbea65f592-294,384-540,672-//android.widget.FrameLayout[1]/android.widget.LinearLayout[1]/android.widget.FrameLayout[1]/android.widget.FrameLayout[1]/android.widget.FrameLayout[1]/android.view.View[1]/android.view.View[1]/android.view.View[1]/android.widget.LinearLayout[6]
2016-09-23 15:17:56 sys_log : [INFO] 当前节点任务所属窗口是否就是当前窗口 -> false
2016-09-23 15:17:56 sys_log : [INFO] 9ed21027e5c3be782319ffbea65f592 >> 1adbdc016f413a53bbc8c0249fe868b8, 窗口迁移至新窗口......
2016-09-23 15:17:56 sys_log : [INFO] 相同窗口执行次数 -> 4
2016-09-23 15:17:56 sys_log : [INFO] [android.widget.LinearLayout,,,,2], 9ed21027e5c3be782319ffbea65f592 >> 1adbdc016f413a53bbc8c0249fe868b8, 窗口虽然发生迁移,但已达到最大遍历深度 -> 2, 点击返回......
2016-09-23 15:18:05 sys_log : [INFO] [android.widget.LinearLayout,,,,2], 9ed21027e5c3be782319ffbea65f592 >> 开始执行节点任务......
2016-09-23 15:18:35 sys_log : [ERROR]   节点任务 -> [info = android.widget.LinearLayout,,,,2], NoSuchElementException, 弹出下一个节点任务, 9ed21027e5c3be782319ffbea65f592-294,384-540,672-//android.widget.FrameLayout[1]/android.widget.LinearLayout[1]/android.widget.FrameLayout[1]/android.widget.FrameLayout[1]/android.widget.FrameLayout[1]/android.view.View[1]/android.view.View[1]/android.view.View[1]/android.widget.LinearLayout[6]
2016-09-23 15:18:38 sys_log : [INFO] 报告主人,有1个节点任务出栈并加入黑名单 -> 现在还有31个任务待运行, [android.widget.LinearLayout,,文件夹：购物,,2], 9ed21027e5c3be782319ffbea65f592-540,384-786,672-//android.widget.FrameLayout[1]/android.widget.LinearLayout[1]/android.widget.FrameLayout[1]/android.widget.FrameLayout[1]/android.widget.FrameLayout[1]/android.view.View[1]/android.view.View[1]/android.view.View[1]/android.widget.LinearLayout[7]
2016-09-23 15:18:41 sys_log : [INFO] 当前节点任务所属窗口是否就是当前窗口 -> false
2016-09-23 15:18:41 sys_log : [INFO] 9ed21027e5c3be782319ffbea65f592 >> 1adbdc016f413a53bbc8c0249fe868b8, 窗口迁移至新窗口......
2016-09-23 15:18:41 sys_log : [INFO] 相同窗口执行次数 -> 5
2016-09-23 15:18:41 sys_log : [INFO] [android.widget.LinearLayout,,文件夹：购物,,2], 9ed21027e5c3be782319ffbea65f592 >> 1adbdc016f413a53bbc8c0249fe868b8, 窗口虽然发生迁移,但已达到最大遍历深度 -> 2, 点击返回......
2016-09-23 15:18:49 sys_log : [INFO] [android.widget.LinearLayout,,文件夹：购物,,2], 9ed21027e5c3be782319ffbea65f592 >> 开始执行节点任务......
2016-09-23 15:19:21 sys_log : [ERROR]   节点任务 -> [info = android.widget.LinearLayout,,文件夹：购物,,2], NoSuchElementException, 弹出下一个节点任务, 9ed21027e5c3be782319ffbea65f592-540,384-786,672-//android.widget.FrameLayout[1]/android.widget.LinearLayout[1]/android.widget.FrameLayout[1]/android.widget.FrameLayout[1]/android.widget.FrameLayout[1]/android.view.View[1]/android.view.View[1]/android.view.View[1]/android.widget.LinearLayout[7]
2016-09-23 15:19:24 sys_log : [INFO] 报告主人,有1个节点任务出栈并加入黑名单 -> 现在还有30个任务待运行, [android.widget.LinearLayout,,文件夹：生活,,2], 9ed21027e5c3be782319ffbea65f592-786,384-1032,672-//android.widget.FrameLayout[1]/android.widget.LinearLayout[1]/android.widget.FrameLayout[1]/android.widget.FrameLayout[1]/android.widget.FrameLayout[1]/android.view.View[1]/android.view.View[1]/android.view.View[1]/android.widget.LinearLayout[8]
2016-09-23 15:19:26 sys_log : [INFO] 当前节点任务所属窗口是否就是当前窗口 -> false
2016-09-23 15:19:26 sys_log : [INFO] 9ed21027e5c3be782319ffbea65f592 >> 1adbdc016f413a53bbc8c0249fe868b8, 窗口迁移至新窗口......
2016-09-23 15:19:26 sys_log : [INFO] 相同窗口执行次数 -> 6
2016-09-23 15:19:26 sys_log : [INFO] [android.widget.LinearLayout,,文件夹：生活,,2], 9ed21027e5c3be782319ffbea65f592 >> 1adbdc016f413a53bbc8c0249fe868b8, 窗口虽然发生迁移,但已达到最大遍历深度 -> 2, 点击返回......
2016-09-23 15:19:36 sys_log : [INFO] [android.widget.LinearLayout,,文件夹：生活,,2], 9ed21027e5c3be782319ffbea65f592 >> 开始执行节点任务......
2016-09-23 15:20:08 sys_log : [ERROR]   节点任务 -> [info = android.widget.LinearLayout,,文件夹：生活,,2], NoSuchElementException, 弹出下一个节点任务, 9ed21027e5c3be782319ffbea65f592-786,384-1032,672-//android.widget.FrameLayout[1]/android.widget.LinearLayout[1]/android.widget.FrameLayout[1]/android.widget.FrameLayout[1]/android.widget.FrameLayout[1]/android.view.View[1]/android.view.View[1]/android.view.View[1]/android.widget.LinearLayout[8]
2016-09-23 15:20:11 sys_log : [INFO] 报告主人,有1个节点任务出栈并加入黑名单 -> 现在还有29个任务待运行, [android.widget.LinearLayout,,,,2], 9ed21027e5c3be782319ffbea65f592-48,672-294,960-//android.widget.FrameLayout[1]/android.widget.LinearLayout[1]/android.widget.FrameLayout[1]/android.widget.FrameLayout[1]/android.widget.FrameLayout[1]/android.view.View[1]/android.view.View[1]/android.view.View[1]/android.widget.LinearLayout[9]
2016-09-23 15:20:13 sys_log : [INFO] 当前节点任务所属窗口是否就是当前窗口 -> false
2016-09-23 15:20:13 sys_log : [INFO] 9ed21027e5c3be782319ffbea65f592 >> 1adbdc016f413a53bbc8c0249fe868b8, 窗口迁移至新窗口......
2016-09-23 15:20:13 sys_log : [INFO] 相同窗口执行次数 -> 7
2016-09-23 15:20:13 sys_log : [INFO] [android.widget.LinearLayout,,,,2], 9ed21027e5c3be782319ffbea65f592 >> 1adbdc016f413a53bbc8c0249fe868b8, 窗口虽然发生迁移,但已达到最大遍历深度 -> 2, 点击返回......
2016-09-23 15:20:22 sys_log : [INFO] [android.widget.LinearLayout,,,,2], 9ed21027e5c3be782319ffbea65f592 >> 开始执行节点任务......
2016-09-23 15:20:52 sys_log : [ERROR]   节点任务 -> [info = android.widget.LinearLayout,,,,2], NoSuchElementException, 弹出下一个节点任务, 9ed21027e5c3be782319ffbea65f592-48,672-294,960-//android.widget.FrameLayout[1]/android.widget.LinearLayout[1]/android.widget.FrameLayout[1]/android.widget.FrameLayout[1]/android.widget.FrameLayout[1]/android.view.View[1]/android.view.View[1]/android.view.View[1]/android.widget.LinearLayout[9]
2016-09-23 15:20:55 sys_log : [INFO] 报告主人,有1个节点任务出栈并加入黑名单 -> 现在还有28个任务待运行, [android.widget.LinearLayout,,,,2], 9ed21027e5c3be782319ffbea65f592-294,672-540,960-//android.widget.FrameLayout[1]/android.widget.LinearLayout[1]/android.widget.FrameLayout[1]/android.widget.FrameLayout[1]/android.widget.FrameLayout[1]/android.view.View[1]/android.view.View[1]/android.view.View[1]/android.widget.LinearLayout[10]
2016-09-23 15:20:57 sys_log : [INFO] 当前节点任务所属窗口是否就是当前窗口 -> false
2016-09-23 15:20:57 sys_log : [INFO] 9ed21027e5c3be782319ffbea65f592 >> 1adbdc016f413a53bbc8c0249fe868b8, 窗口迁移至新窗口......
2016-09-23 15:20:57 sys_log : [INFO] 相同窗口执行次数 -> 8
2016-09-23 15:20:57 sys_log : [INFO] [android.widget.LinearLayout,,,,2], 9ed21027e5c3be782319ffbea65f592 >> 1adbdc016f413a53bbc8c0249fe868b8, 窗口虽然发生迁移,但已达到最大遍历深度 -> 2, 点击返回......
2016-09-23 15:21:07 sys_log : [INFO] [android.widget.LinearLayout,,,,2], 9ed21027e5c3be782319ffbea65f592 >> 开始执行节点任务......
2016-09-23 15:21:38 sys_log : [ERROR]   节点任务 -> [info = android.widget.LinearLayout,,,,2], NoSuchElementException, 弹出下一个节点任务, 9ed21027e5c3be782319ffbea65f592-294,672-540,960-//android.widget.FrameLayout[1]/android.widget.LinearLayout[1]/android.widget.FrameLayout[1]/android.widget.FrameLayout[1]/android.widget.FrameLayout[1]/android.view.View[1]/android.view.View[1]/android.view.View[1]/android.widget.LinearLayout[10]
2016-09-23 15:21:41 sys_log : [INFO] 报告主人,有1个节点任务出栈并加入黑名单 -> 现在还有27个任务待运行, [android.widget.LinearLayout,,,,2], 9ed21027e5c3be782319ffbea65f592-540,672-786,960-//android.widget.FrameLayout[1]/android.widget.LinearLayout[1]/android.widget.FrameLayout[1]/android.widget.FrameLayout[1]/android.widget.FrameLayout[1]/android.view.View[1]/android.view.View[1]/android.view.View[1]/android.widget.LinearLayout[11]
2016-09-23 15:21:44 sys_log : [INFO] 当前节点任务所属窗口是否就是当前窗口 -> false
2016-09-23 15:21:44 sys_log : [INFO] 9ed21027e5c3be782319ffbea65f592 >> 1adbdc016f413a53bbc8c0249fe868b8, 窗口迁移至新窗口......
2016-09-23 15:21:44 sys_log : [INFO] 相同窗口执行次数 -> 9
2016-09-23 15:21:44 sys_log : [INFO] [android.widget.LinearLayout,,,,2], 9ed21027e5c3be782319ffbea65f592 >> 1adbdc016f413a53bbc8c0249fe868b8, 窗口虽然发生迁移,但已达到最大遍历深度 -> 2, 点击返回......
2016-09-23 15:21:54 sys_log : [INFO] [android.widget.LinearLayout,,,,2], 9ed21027e5c3be782319ffbea65f592 >> 开始执行节点任务......
2016-09-23 15:22:24 sys_log : [ERROR]   节点任务 -> [info = android.widget.LinearLayout,,,,2], NoSuchElementException, 弹出下一个节点任务, 9ed21027e5c3be782319ffbea65f592-540,672-786,960-//android.widget.FrameLayout[1]/android.widget.LinearLayout[1]/android.widget.FrameLayout[1]/android.widget.FrameLayout[1]/android.widget.FrameLayout[1]/android.view.View[1]/android.view.View[1]/android.view.View[1]/android.widget.LinearLayout[11]
2016-09-23 15:22:27 sys_log : [INFO] 报告主人,有1个节点任务出栈并加入黑名单 -> 现在还有26个任务待运行, [android.widget.LinearLayout,,,,2], 9ed21027e5c3be782319ffbea65f592-786,672-1032,960-//android.widget.FrameLayout[1]/android.widget.LinearLayout[1]/android.widget.FrameLayout[1]/android.widget.FrameLayout[1]/android.widget.FrameLayout[1]/android.view.View[1]/android.view.View[1]/android.view.View[1]/android.widget.LinearLayout[12]
2016-09-23 15:22:29 sys_log : [INFO] 当前节点任务所属窗口是否就是当前窗口 -> false
2016-09-23 15:22:29 sys_log : [INFO] 9ed21027e5c3be782319ffbea65f592 >> 1adbdc016f413a53bbc8c0249fe868b8, 窗口迁移至新窗口......
2016-09-23 15:22:29 sys_log : [INFO] 相同窗口执行次数 -> 10
2016-09-23 15:22:29 sys_log : [INFO] [android.widget.LinearLayout,,,,2], 9ed21027e5c3be782319ffbea65f592 >> 1adbdc016f413a53bbc8c0249fe868b8, 窗口虽然发生迁移,但已达到最大遍历深度 -> 2, 点击返回......
2016-09-23 15:22:39 sys_log : [INFO] [android.widget.LinearLayout,,,,2], 9ed21027e5c3be782319ffbea65f592 >> 开始执行节点任务......
2016-09-23 15:23:09 sys_log : [ERROR]   节点任务 -> [info = android.widget.LinearLayout,,,,2], NoSuchElementException, 弹出下一个节点任务, 9ed21027e5c3be782319ffbea65f592-786,672-1032,960-//android.widget.FrameLayout[1]/android.widget.LinearLayout[1]/android.widget.FrameLayout[1]/android.widget.FrameLayout[1]/android.widget.FrameLayout[1]/android.view.View[1]/android.view.View[1]/android.view.View[1]/android.widget.LinearLayout[12]
2016-09-23 15:23:12 sys_log : [INFO] 报告主人,有1个节点任务出栈并加入黑名单 -> 现在还有25个任务待运行, [android.widget.LinearLayout,,,,2], 9ed21027e5c3be782319ffbea65f592-48,960-294,1248-//android.widget.FrameLayout[1]/android.widget.LinearLayout[1]/android.widget.FrameLayout[1]/android.widget.FrameLayout[1]/android.widget.FrameLayout[1]/android.view.View[1]/android.view.View[1]/android.view.View[1]/android.widget.LinearLayout[13]
2016-09-23 15:23:14 sys_log : [INFO] 当前节点任务所属窗口是否就是当前窗口 -> false
2016-09-23 15:23:14 sys_log : [INFO] 9ed21027e5c3be782319ffbea65f592 >> 1adbdc016f413a53bbc8c0249fe868b8, 窗口迁移至新窗口......
2016-09-23 15:23:14 sys_log : [INFO] 相同窗口执行次数 -> 11
2016-09-23 15:23:14 sys_log : [INFO] [android.widget.LinearLayout,,,,2], 9ed21027e5c3be782319ffbea65f592 >> 1adbdc016f413a53bbc8c0249fe868b8, 窗口虽然发生迁移,但已达到最大遍历深度 -> 2, 点击返回......
2016-09-23 15:23:25 sys_log : [INFO] [android.widget.LinearLayout,,,,2], 9ed21027e5c3be782319ffbea65f592 >> 开始执行节点任务......
2016-09-23 15:23:56 sys_log : [ERROR]   节点任务 -> [info = android.widget.LinearLayout,,,,2], NoSuchElementException, 弹出下一个节点任务, 9ed21027e5c3be782319ffbea65f592-48,960-294,1248-//android.widget.FrameLayout[1]/android.widget.LinearLayout[1]/android.widget.FrameLayout[1]/android.widget.FrameLayout[1]/android.widget.FrameLayout[1]/android.view.View[1]/android.view.View[1]/android.view.View[1]/android.widget.LinearLayout[13]
2016-09-23 15:24:11 sys_log : [INFO] 开始统计异常信息...
2016-09-23 15:24:11 sys_log : [INFO] 统计异常信息完毕!
2016-09-23 15:24:21 sys_log : [INFO] 开始创建视频......
2016-09-23 15:24:57 sys_log : [INFO] 创建视频完毕!
2016-09-23 15:24:57 sys_log : [INFO] ########################### 探索性遍历测试执行完毕 ###########################
