2016-09-19 14:31:30 sys_log : [INFO] ########################### 开始执行探索性遍历测试 ###########################
2016-09-19 14:31:30 sys_log : [INFO] 报告主人,有1个节点任务出栈并加入黑名单 -> 现在还有9个任务待运行, [android.widget.LinearLayout,,,,1], a166ff947e4c0ef49e716cbd42450d37-0,219-1080,398-//android.widget.FrameLayout[1]/android.view.View[1]/android.widget.FrameLayout[2]/android.widget.LinearLayout[1]/android.widget.ListView[1]/android.widget.LinearLayout[1]
2016-09-19 14:31:31 sys_log : [INFO] 当前节点任务所属窗口是否就是当前窗口 -> true
2016-09-19 14:31:31 sys_log : [INFO] [android.widget.LinearLayout,,,,1], a166ff947e4c0ef49e716cbd42450d37 >> 开始执行节点任务......
2016-09-19 14:31:31 sys_log : [INFO] click -> [info = android.widget.LinearLayout,,,,1], [depth = 1]a166ff947e4c0ef49e716cbd42450d37-0,219-1080,398-//android.widget.FrameLayout[1]/android.view.View[1]/android.widget.FrameLayout[2]/android.widget.LinearLayout[1]/android.widget.ListView[1]/android.widget.LinearLayout[1]
2016-09-19 14:31:37 sys_log : [INFO] 报告主人,有1个节点任务出栈并加入黑名单 -> 现在还有8个任务待运行, [android.widget.LinearLayout,,,,1], a166ff947e4c0ef49e716cbd42450d37-0,400-1080,579-//android.widget.FrameLayout[1]/android.view.View[1]/android.widget.FrameLayout[2]/android.widget.LinearLayout[1]/android.widget.ListView[1]/android.widget.LinearLayout[2]
2016-09-19 14:31:37 sys_log : [INFO] 当前节点任务所属窗口是否就是当前窗口 -> true
2016-09-19 14:31:37 sys_log : [INFO] [android.widget.LinearLayout,,,,1], a166ff947e4c0ef49e716cbd42450d37 >> 开始执行节点任务......
2016-09-19 14:32:08 sys_log : [ERROR]   节点任务 -> [info = android.widget.LinearLayout,,,,1], NoSuchElementException, 弹出下一个节点任务, a166ff947e4c0ef49e716cbd42450d37-0,400-1080,579-//android.widget.FrameLayout[1]/android.view.View[1]/android.widget.FrameLayout[2]/android.widget.LinearLayout[1]/android.widget.ListView[1]/android.widget.LinearLayout[2]
2016-09-19 14:32:18 sys_log : [INFO] 报告主人,有1个节点任务出栈并加入黑名单 -> 现在还有7个任务待运行, [android.widget.LinearLayout,,,,1], a166ff947e4c0ef49e716cbd42450d37-0,581-1080,760-//android.widget.FrameLayout[1]/android.view.View[1]/android.widget.FrameLayout[2]/android.widget.LinearLayout[1]/android.widget.ListView[1]/android.widget.LinearLayout[3]
2016-09-19 14:32:19 sys_log : [INFO] 当前节点任务所属窗口是否就是当前窗口 -> true
2016-09-19 14:32:19 sys_log : [INFO] [android.widget.LinearLayout,,,,1], a166ff947e4c0ef49e716cbd42450d37 >> 开始执行节点任务......
2016-09-19 14:32:19 sys_log : [INFO] click -> [info = android.widget.LinearLayout,,,,1], [depth = 1]a166ff947e4c0ef49e716cbd42450d37-0,581-1080,760-//android.widget.FrameLayout[1]/android.view.View[1]/android.widget.FrameLayout[2]/android.widget.LinearLayout[1]/android.widget.ListView[1]/android.widget.LinearLayout[3]
2016-09-19 14:32:25 sys_log : [INFO] 报告主人,有1个节点任务出栈并加入黑名单 -> 现在还有6个任务待运行, [android.widget.LinearLayout,,,,1], a166ff947e4c0ef49e716cbd42450d37-0,762-1080,941-//android.widget.FrameLayout[1]/android.view.View[1]/android.widget.FrameLayout[2]/android.widget.LinearLayout[1]/android.widget.ListView[1]/android.widget.LinearLayout[4]
2016-09-19 14:32:26 sys_log : [INFO] 当前节点任务所属窗口是否就是当前窗口 -> true
2016-09-19 14:32:26 sys_log : [INFO] [android.widget.LinearLayout,,,,1], a166ff947e4c0ef49e716cbd42450d37 >> 开始执行节点任务......
2016-09-19 14:32:53 sys_log : [INFO] click -> [info = android.widget.LinearLayout,,,,1], [depth = 1]a166ff947e4c0ef49e716cbd42450d37-0,762-1080,941-//android.widget.FrameLayout[1]/android.view.View[1]/android.widget.FrameLayout[2]/android.widget.LinearLayout[1]/android.widget.ListView[1]/android.widget.LinearLayout[4]
2016-09-19 14:32:59 sys_log : [INFO] 报告主人,有1个节点任务出栈并加入黑名单 -> 现在还有5个任务待运行, [android.widget.LinearLayout,,,,1], a166ff947e4c0ef49e716cbd42450d37-0,943-1080,1122-//android.widget.FrameLayout[1]/android.view.View[1]/android.widget.FrameLayout[2]/android.widget.LinearLayout[1]/android.widget.ListView[1]/android.widget.LinearLayout[5]
2016-09-19 14:33:00 sys_log : [INFO] 当前节点任务所属窗口是否就是当前窗口 -> false
2016-09-19 14:33:00 sys_log : [INFO] a166ff947e4c0ef49e716cbd42450d37 >> f872d65749e9c2f1f5f37e6786ebfd17, 窗口迁移至新窗口......
2016-09-19 14:33:00 sys_log : [INFO] 相同窗口执行次数 -> 0
2016-09-19 14:33:00 sys_log : [INFO] 2个新任务准备入栈......
2016-09-19 14:33:00 sys_log : [INFO] 2个新任务允许入栈......
2016-09-19 14:33:00 sys_log : [INFO] 任务栈已更新, 2个新任务允许入栈, 现在还有8个任务待运行......
2016-09-19 14:33:00 sys_log : [INFO] 任务栈已更新,现在还有7个任务待运行......
2016-09-19 14:33:00 sys_log : [INFO] [android.widget.Button,拒绝,,android:id/button2,2], f872d65749e9c2f1f5f37e6786ebfd17 >> 开始执行节点任务......
2016-09-19 14:33:00 sys_log : [INFO] click -> [info = android.widget.Button,拒绝,,android:id/button2,2], [depth = 2]f872d65749e9c2f1f5f37e6786ebfd17-474,648-959,791-//android.widget.FrameLayout[1]/android.widget.FrameLayout[1]/android.widget.FrameLayout[1]/android.widget.LinearLayout[1]/android.widget.LinearLayout[2]/android.widget.LinearLayout[1]/android.widget.Button[1]
