2016-09-19 10:11:03 sys_log : [INFO] ########################### 开始执行探索性遍历测试 ###########################
2016-09-19 10:11:03 sys_log : [INFO] 报告主人,有1个节点任务出栈并加入黑名单 -> 现在还有9个任务待运行, [android.widget.LinearLayout,,,,1], a166ff947e4c0ef49e716cbd42450d37-0,219-1080,398-//android.widget.FrameLayout[1]/android.view.View[1]/android.widget.FrameLayout[2]/android.widget.LinearLayout[1]/android.widget.ListView[1]/android.widget.LinearLayout[1]
2016-09-19 10:11:03 sys_log : [INFO] 当前节点任务所属窗口是否就是当前窗口 -> true
2016-09-19 10:11:03 sys_log : [INFO] [android.widget.LinearLayout,,,,1], a166ff947e4c0ef49e716cbd42450d37 >> 开始执行节点任务......
2016-09-19 10:11:04 sys_log : [INFO] click -> [info = android.widget.LinearLayout,,,,1], [depth = 1]a166ff947e4c0ef49e716cbd42450d37-0,219-1080,398-//android.widget.FrameLayout[1]/android.view.View[1]/android.widget.FrameLayout[2]/android.widget.LinearLayout[1]/android.widget.ListView[1]/android.widget.LinearLayout[1]
2016-09-19 10:11:09 sys_log : [INFO] 报告主人,有1个节点任务出栈并加入黑名单 -> 现在还有8个任务待运行, [android.widget.LinearLayout,,,,1], a166ff947e4c0ef49e716cbd42450d37-0,400-1080,579-//android.widget.FrameLayout[1]/android.view.View[1]/android.widget.FrameLayout[2]/android.widget.LinearLayout[1]/android.widget.ListView[1]/android.widget.LinearLayout[2]
2016-09-19 10:11:10 sys_log : [INFO] 当前节点任务所属窗口是否就是当前窗口 -> true
2016-09-19 10:11:10 sys_log : [INFO] [android.widget.LinearLayout,,,,1], a166ff947e4c0ef49e716cbd42450d37 >> 开始执行节点任务......
2016-09-19 10:11:40 sys_log : [ERROR]   节点任务 -> [info = android.widget.LinearLayout,,,,1], NoSuchElementException, 弹出下一个节点任务, a166ff947e4c0ef49e716cbd42450d37-0,400-1080,579-//android.widget.FrameLayout[1]/android.view.View[1]/android.widget.FrameLayout[2]/android.widget.LinearLayout[1]/android.widget.ListView[1]/android.widget.LinearLayout[2]
2016-09-19 10:11:50 sys_log : [INFO] 报告主人,有1个节点任务出栈并加入黑名单 -> 现在还有7个任务待运行, [android.widget.LinearLayout,,,,1], a166ff947e4c0ef49e716cbd42450d37-0,581-1080,760-//android.widget.FrameLayout[1]/android.view.View[1]/android.widget.FrameLayout[2]/android.widget.LinearLayout[1]/android.widget.ListView[1]/android.widget.LinearLayout[3]
2016-09-19 10:11:51 sys_log : [INFO] 当前节点任务所属窗口是否就是当前窗口 -> true
2016-09-19 10:11:51 sys_log : [INFO] [android.widget.LinearLayout,,,,1], a166ff947e4c0ef49e716cbd42450d37 >> 开始执行节点任务......
2016-09-19 10:12:22 sys_log : [ERROR]   节点任务 -> [info = android.widget.LinearLayout,,,,1], NoSuchElementException, 弹出下一个节点任务, a166ff947e4c0ef49e716cbd42450d37-0,581-1080,760-//android.widget.FrameLayout[1]/android.view.View[1]/android.widget.FrameLayout[2]/android.widget.LinearLayout[1]/android.widget.ListView[1]/android.widget.LinearLayout[3]
2016-09-19 10:12:32 sys_log : [INFO] 报告主人,有1个节点任务出栈并加入黑名单 -> 现在还有6个任务待运行, [android.widget.LinearLayout,,,,1], a166ff947e4c0ef49e716cbd42450d37-0,762-1080,941-//android.widget.FrameLayout[1]/android.view.View[1]/android.widget.FrameLayout[2]/android.widget.LinearLayout[1]/android.widget.ListView[1]/android.widget.LinearLayout[4]
2016-09-19 10:12:32 sys_log : [INFO] 当前节点任务所属窗口是否就是当前窗口 -> true
2016-09-19 10:12:32 sys_log : [INFO] [android.widget.LinearLayout,,,,1], a166ff947e4c0ef49e716cbd42450d37 >> 开始执行节点任务......
2016-09-19 10:13:03 sys_log : [ERROR]   节点任务 -> [info = android.widget.LinearLayout,,,,1], NoSuchElementException, 弹出下一个节点任务, a166ff947e4c0ef49e716cbd42450d37-0,762-1080,941-//android.widget.FrameLayout[1]/android.view.View[1]/android.widget.FrameLayout[2]/android.widget.LinearLayout[1]/android.widget.ListView[1]/android.widget.LinearLayout[4]
2016-09-19 10:13:13 sys_log : [INFO] 报告主人,有1个节点任务出栈并加入黑名单 -> 现在还有5个任务待运行, [android.widget.LinearLayout,,,,1], a166ff947e4c0ef49e716cbd42450d37-0,943-1080,1122-//android.widget.FrameLayout[1]/android.view.View[1]/android.widget.FrameLayout[2]/android.widget.LinearLayout[1]/android.widget.ListView[1]/android.widget.LinearLayout[5]
2016-09-19 10:13:13 sys_log : [INFO] 当前节点任务所属窗口是否就是当前窗口 -> true
2016-09-19 10:13:13 sys_log : [INFO] [android.widget.LinearLayout,,,,1], a166ff947e4c0ef49e716cbd42450d37 >> 开始执行节点任务......
2016-09-19 10:13:44 sys_log : [ERROR]   节点任务 -> [info = android.widget.LinearLayout,,,,1], NoSuchElementException, 弹出下一个节点任务, a166ff947e4c0ef49e716cbd42450d37-0,943-1080,1122-//android.widget.FrameLayout[1]/android.view.View[1]/android.widget.FrameLayout[2]/android.widget.LinearLayout[1]/android.widget.ListView[1]/android.widget.LinearLayout[5]
2016-09-19 10:13:54 sys_log : [INFO] 报告主人,有1个节点任务出栈并加入黑名单 -> 现在还有4个任务待运行, [android.widget.LinearLayout,,,,1], a166ff947e4c0ef49e716cbd42450d37-0,1124-1080,1303-//android.widget.FrameLayout[1]/android.view.View[1]/android.widget.FrameLayout[2]/android.widget.LinearLayout[1]/android.widget.ListView[1]/android.widget.LinearLayout[6]
2016-09-19 10:13:54 sys_log : [INFO] 当前节点任务所属窗口是否就是当前窗口 -> true
2016-09-19 10:13:54 sys_log : [INFO] [android.widget.LinearLayout,,,,1], a166ff947e4c0ef49e716cbd42450d37 >> 开始执行节点任务......
2016-09-19 10:14:25 sys_log : [ERROR]   节点任务 -> [info = android.widget.LinearLayout,,,,1], NoSuchElementException, 弹出下一个节点任务, a166ff947e4c0ef49e716cbd42450d37-0,1124-1080,1303-//android.widget.FrameLayout[1]/android.view.View[1]/android.widget.FrameLayout[2]/android.widget.LinearLayout[1]/android.widget.ListView[1]/android.widget.LinearLayout[6]
2016-09-19 10:14:35 sys_log : [INFO] 报告主人,有1个节点任务出栈并加入黑名单 -> 现在还有3个任务待运行, [android.widget.LinearLayout,,,,1], a166ff947e4c0ef49e716cbd42450d37-0,1305-1080,1484-//android.widget.FrameLayout[1]/android.view.View[1]/android.widget.FrameLayout[2]/android.widget.LinearLayout[1]/android.widget.ListView[1]/android.widget.LinearLayout[7]
2016-09-19 10:14:35 sys_log : [INFO] 当前节点任务所属窗口是否就是当前窗口 -> true
2016-09-19 10:14:35 sys_log : [INFO] [android.widget.LinearLayout,,,,1], a166ff947e4c0ef49e716cbd42450d37 >> 开始执行节点任务......
2016-09-19 10:15:06 sys_log : [ERROR]   节点任务 -> [info = android.widget.LinearLayout,,,,1], NoSuchElementException, 弹出下一个节点任务, a166ff947e4c0ef49e716cbd42450d37-0,1305-1080,1484-//android.widget.FrameLayout[1]/android.view.View[1]/android.widget.FrameLayout[2]/android.widget.LinearLayout[1]/android.widget.ListView[1]/android.widget.LinearLayout[7]
2016-09-19 10:15:16 sys_log : [INFO] 报告主人,有1个节点任务出栈并加入黑名单 -> 现在还有2个任务待运行, [android.widget.LinearLayout,,,,1], a166ff947e4c0ef49e716cbd42450d37-0,1486-1080,1665-//android.widget.FrameLayout[1]/android.view.View[1]/android.widget.FrameLayout[2]/android.widget.LinearLayout[1]/android.widget.ListView[1]/android.widget.LinearLayout[8]
2016-09-19 10:15:17 sys_log : [INFO] 当前节点任务所属窗口是否就是当前窗口 -> true
2016-09-19 10:15:17 sys_log : [INFO] [android.widget.LinearLayout,,,,1], a166ff947e4c0ef49e716cbd42450d37 >> 开始执行节点任务......
2016-09-19 10:15:47 sys_log : [ERROR]   节点任务 -> [info = android.widget.LinearLayout,,,,1], NoSuchElementException, 弹出下一个节点任务, a166ff947e4c0ef49e716cbd42450d37-0,1486-1080,1665-//android.widget.FrameLayout[1]/android.view.View[1]/android.widget.FrameLayout[2]/android.widget.LinearLayout[1]/android.widget.ListView[1]/android.widget.LinearLayout[8]
2016-09-19 10:15:57 sys_log : [INFO] 报告主人,有1个节点任务出栈并加入黑名单 -> 现在还有1个任务待运行, [android.widget.LinearLayout,,,,1], a166ff947e4c0ef49e716cbd42450d37-0,1667-1080,1846-//android.widget.FrameLayout[1]/android.view.View[1]/android.widget.FrameLayout[2]/android.widget.LinearLayout[1]/android.widget.ListView[1]/android.widget.LinearLayout[9]
2016-09-19 10:15:58 sys_log : [INFO] 当前节点任务所属窗口是否就是当前窗口 -> true
2016-09-19 10:15:58 sys_log : [INFO] [android.widget.LinearLayout,,,,1], a166ff947e4c0ef49e716cbd42450d37 >> 开始执行节点任务......
